#
# There is insufficient memory for the Java Runtime Environment to continue.
# Native memory allocation (malloc) failed to allocate 1107376 bytes for Chunk::new
# Possible reasons:
#   The system is out of physical RAM or swap space
#   The process is running with CompressedOops enabled, and the Java Heap may be blocking the growth of the native heap
# Possible solutions:
#   Reduce memory load on the system
#   Increase physical memory or swap space
#   Check if swap backing store is full
#   Decrease Java heap size (-Xmx/-Xms)
#   Decrease number of Java threads
#   Decrease Java thread stack sizes (-Xss)
#   Set larger code cache with -XX:ReservedCodeCacheSize=
#   JVM is running with Unscaled Compressed Oops mode in which the Java heap is
#     placed in the first 4GB address space. The Java Heap base address is the
#     maximum limit for the native heap growth. Please use -XX:HeapBaseMinAddress
#     to set the Java Heap base and to place the Java Heap above 4GB virtual address.
# This output file may be truncated or incomplete.
#
#  Out of Memory Error (arena.cpp:189), pid=18812, tid=9708
#
# JRE version: Java(TM) SE Runtime Environment (17.0.1+12) (build 17.0.1+12-LTS-39)
# Java VM: Java HotSpot(TM) 64-Bit Server VM (17.0.1+12-LTS-39, mixed mode, sharing, tiered, compressed oops, compressed class ptrs, g1 gc, windows-amd64)
# No core dump will be written. Minidumps are not enabled by default on client versions of Windows
#

---------------  S U M M A R Y ------------

Command Line: -javaagent:C:\Program Files\JetBrains\IntelliJ IDEA Community Edition 2023.3.5\lib\idea_rt.jar=50669:C:\Program Files\JetBrains\IntelliJ IDEA Community Edition 2023.3.5\bin -Dfile.encoding=UTF-8 com.example.be.BeApplication

Host: 11th Gen Intel(R) Core(TM) i5-11400H @ 2.70GHz, 12 cores, 7G,  Windows 10 , 64 bit Build 26100 (10.0.26100.4202)
Time: Fri Jun 20 02:13:53 2025 SE Asia Standard Time elapsed time: 1.773078 seconds (0d 0h 0m 1s)

---------------  T H R E A D  ---------------

Current thread (0x0000024f4662dea0):  JavaThread "C2 CompilerThread1" daemon [_thread_in_native, id=9708, stack(0x000000b429600000,0x000000b429700000)]


Current CompileTask:
C2:   1773 1461       4       org.springframework.boot.context.properties.source.ConfigurationPropertyName$ElementsParser::parse (234 bytes)

Stack: [0x000000b429600000,0x000000b429700000]
Native frames: (J=compiled Java code, j=interpreted, Vv=VM code, C=native code)
V  [jvm.dll+0x66fa1a]
V  [jvm.dll+0x7ce5a4]
V  [jvm.dll+0x7cfd4e]
V  [jvm.dll+0x7d03b3]
V  [jvm.dll+0x242b05]
V  [jvm.dll+0xaa05b]
V  [jvm.dll+0xaa5ec]
V  [jvm.dll+0x35f9b2]
V  [jvm.dll+0x329f51]
V  [jvm.dll+0x3293fa]
V  [jvm.dll+0x215bf1]
V  [jvm.dll+0x215011]
V  [jvm.dll+0x1a168d]
V  [jvm.dll+0x224848]
V  [jvm.dll+0x2229ac]
V  [jvm.dll+0x78435b]
V  [jvm.dll+0x77e91a]
V  [jvm.dll+0x66e845]
C  [ucrtbase.dll+0x37b0]
C  [KERNEL32.DLL+0x2e8d7]
C  [ntdll.dll+0x3c34c]


---------------  P R O C E S S  ---------------

Threads class SMR info:
_java_thread_list=0x0000024f4703fc20, length=16, elements={
0x0000024f26d9e680, 0x0000024f4592e150, 0x0000024f4592ed00, 0x0000024f45941970,
0x0000024f45942520, 0x0000024f45944fe0, 0x0000024f45945990, 0x0000024f45948680,
0x0000024f45949f90, 0x0000024f4596f610, 0x0000024f45918ae0, 0x0000024f4662dea0,
0x0000024f467fd2c0, 0x0000024f46771f00, 0x0000024f46e9d850, 0x0000024f4728e3d0
}

Java Threads: ( => current thread )
  0x0000024f26d9e680 JavaThread "main" [_thread_blocked, id=21008, stack(0x000000b428500000,0x000000b428600000)]
  0x0000024f4592e150 JavaThread "Reference Handler" daemon [_thread_blocked, id=8064, stack(0x000000b428c00000,0x000000b428d00000)]
  0x0000024f4592ed00 JavaThread "Finalizer" daemon [_thread_blocked, id=1632, stack(0x000000b428d00000,0x000000b428e00000)]
  0x0000024f45941970 JavaThread "Signal Dispatcher" daemon [_thread_blocked, id=20532, stack(0x000000b428e00000,0x000000b428f00000)]
  0x0000024f45942520 JavaThread "Attach Listener" daemon [_thread_blocked, id=4524, stack(0x000000b428f00000,0x000000b429000000)]
  0x0000024f45944fe0 JavaThread "Service Thread" daemon [_thread_blocked, id=5108, stack(0x000000b429000000,0x000000b429100000)]
  0x0000024f45945990 JavaThread "Monitor Deflation Thread" daemon [_thread_blocked, id=13544, stack(0x000000b429100000,0x000000b429200000)]
  0x0000024f45948680 JavaThread "C2 CompilerThread0" daemon [_thread_blocked, id=21908, stack(0x000000b429200000,0x000000b429300000)]
  0x0000024f45949f90 JavaThread "C1 CompilerThread0" daemon [_thread_blocked, id=13232, stack(0x000000b429300000,0x000000b429400000)]
  0x0000024f4596f610 JavaThread "Sweeper thread" daemon [_thread_blocked, id=12740, stack(0x000000b429400000,0x000000b429500000)]
  0x0000024f45918ae0 JavaThread "Common-Cleaner" daemon [_thread_blocked, id=22144, stack(0x000000b429500000,0x000000b429600000)]
=>0x0000024f4662dea0 JavaThread "C2 CompilerThread1" daemon [_thread_in_native, id=9708, stack(0x000000b429600000,0x000000b429700000)]
  0x0000024f467fd2c0 JavaThread "Monitor Ctrl-Break" daemon [_thread_in_native, id=11308, stack(0x000000b429700000,0x000000b429800000)]
  0x0000024f46771f00 JavaThread "Notification Thread" daemon [_thread_blocked, id=17260, stack(0x000000b429800000,0x000000b429900000)]
  0x0000024f46e9d850 JavaThread "Thread-0" [_thread_blocked, id=11588, stack(0x000000b429e00000,0x000000b429f00000)]
  0x0000024f4728e3d0 JavaThread "restartedMain" [_thread_in_Java, id=12432, stack(0x000000b429f00000,0x000000b42a000000)]

Other Threads:
  0x0000024f459296b0 VMThread "VM Thread" [stack: 0x000000b428b00000,0x000000b428c00000] [id=21064]
  0x0000024f467fdba0 WatcherThread [stack: 0x000000b429900000,0x000000b429a00000] [id=11904]
  0x0000024f26de1630 GCTaskThread "GC Thread#0" [stack: 0x000000b428600000,0x000000b428700000] [id=21116]
  0x0000024f4722e4b0 GCTaskThread "GC Thread#1" [stack: 0x000000b429a00000,0x000000b429b00000] [id=2480]
  0x0000024f47181830 GCTaskThread "GC Thread#2" [stack: 0x000000b429b00000,0x000000b429c00000] [id=20448]
  0x0000024f4728ebf0 GCTaskThread "GC Thread#3" [stack: 0x000000b429c00000,0x000000b429d00000] [id=12068]
  0x0000024f4703fcb0 GCTaskThread "GC Thread#4" [stack: 0x000000b429d00000,0x000000b429e00000] [id=9272]
  0x0000024f26df2b00 ConcurrentGCThread "G1 Main Marker" [stack: 0x000000b428700000,0x000000b428800000] [id=18424]
  0x0000024f26df4b60 ConcurrentGCThread "G1 Conc#0" [stack: 0x000000b428800000,0x000000b428900000] [id=11748]
  0x0000024f457e20c0 ConcurrentGCThread "G1 Refine#0" [stack: 0x000000b428900000,0x000000b428a00000] [id=14244]
  0x0000024f457e2980 ConcurrentGCThread "G1 Service" [stack: 0x000000b428a00000,0x000000b428b00000] [id=13428]

Threads with active compile tasks:
C2 CompilerThread1     1787 1461       4       org.springframework.boot.context.properties.source.ConfigurationPropertyName$ElementsParser::parse (234 bytes)

VM state: not at safepoint (normal execution)

VM Mutex/Monitor currently owned by a thread: None

Heap address: 0x0000000083a00000, size: 1990 MB, Compressed Oops mode: 32-bit

CDS archive(s) mapped at: [0x0000000800000000-0x0000000800bc0000-0x0000000800bc0000), size 12320768, SharedBaseAddress: 0x0000000800000000, ArchiveRelocationMode: 0.
Compressed class space mapped at: 0x0000000800c00000-0x0000000840c00000, reserved size: 1073741824
Narrow klass base: 0x0000000800000000, Narrow klass shift: 0, Narrow klass range: 0x100000000

GC Precious Log:
 CPUs: 12 total, 12 available
 Memory: 7955M
 Large Page Support: Disabled
 NUMA Support: Disabled
 Compressed Oops: Enabled (32-bit)
 Heap Region Size: 1M
 Heap Min Capacity: 8M
 Heap Initial Capacity: 126M
 Heap Max Capacity: 1990M
 Pre-touch: Disabled
 Parallel Workers: 10
 Concurrent Workers: 3
 Concurrent Refinement Workers: 10
 Periodic GC: Disabled

Heap:
 garbage-first heap   total 129024K, used 49140K [0x0000000083a00000, 0x0000000100000000)
  region size 1024K, 43 young (44032K), 1 survivors (1024K)
 Metaspace       used 8472K, committed 8768K, reserved 1064960K
  class space    used 1051K, committed 1216K, reserved 1048576K

Heap Regions: E=young(eden), S=young(survivor), O=old, HS=humongous(starts), HC=humongous(continues), CS=collection set, F=free, OA=open archive, CA=closed archive, TAMS=top-at-mark-start (previous, next)
|   0|0x0000000083a00000, 0x0000000083b00000, 0x0000000083b00000|100%|HS|  |TAMS 0x0000000083a00000, 0x0000000083a00000| Complete 
|   1|0x0000000083b00000, 0x0000000083c00000, 0x0000000083c00000|100%|HS|  |TAMS 0x0000000083b00000, 0x0000000083b00000| Complete 
|   2|0x0000000083c00000, 0x0000000083d00000, 0x0000000083d00000|100%| O|  |TAMS 0x0000000083c00000, 0x0000000083c00000| Untracked 
|   3|0x0000000083d00000, 0x0000000083e00000, 0x0000000083e00000|100%| O|  |TAMS 0x0000000083d00000, 0x0000000083d00000| Untracked 
|   4|0x0000000083e00000, 0x0000000083f00000, 0x0000000083f00000|100%| O|  |TAMS 0x0000000083e00000, 0x0000000083e00000| Untracked 
|   5|0x0000000083f00000, 0x0000000084000000, 0x0000000084000000|100%| O|  |TAMS 0x0000000083f00000, 0x0000000083f00000| Untracked 
|   6|0x0000000084000000, 0x0000000084100000, 0x0000000084100000|100%| O|  |TAMS 0x0000000084000000, 0x0000000084000000| Untracked 
|   7|0x0000000084100000, 0x00000000841dfa00, 0x0000000084200000| 87%| O|  |TAMS 0x0000000084100000, 0x0000000084100000| Untracked 
|   8|0x0000000084200000, 0x0000000084200000, 0x0000000084300000|  0%| F|  |TAMS 0x0000000084200000, 0x0000000084200000| Untracked 
|   9|0x0000000084300000, 0x0000000084300000, 0x0000000084400000|  0%| F|  |TAMS 0x0000000084300000, 0x0000000084300000| Untracked 
|  10|0x0000000084400000, 0x0000000084400000, 0x0000000084500000|  0%| F|  |TAMS 0x0000000084400000, 0x0000000084400000| Untracked 
|  11|0x0000000084500000, 0x0000000084500000, 0x0000000084600000|  0%| F|  |TAMS 0x0000000084500000, 0x0000000084500000| Untracked 
|  12|0x0000000084600000, 0x0000000084600000, 0x0000000084700000|  0%| F|  |TAMS 0x0000000084600000, 0x0000000084600000| Untracked 
|  13|0x0000000084700000, 0x0000000084700000, 0x0000000084800000|  0%| F|  |TAMS 0x0000000084700000, 0x0000000084700000| Untracked 
|  14|0x0000000084800000, 0x0000000084800000, 0x0000000084900000|  0%| F|  |TAMS 0x0000000084800000, 0x0000000084800000| Untracked 
|  15|0x0000000084900000, 0x0000000084900000, 0x0000000084a00000|  0%| F|  |TAMS 0x0000000084900000, 0x0000000084900000| Untracked 
|  16|0x0000000084a00000, 0x0000000084a00000, 0x0000000084b00000|  0%| F|  |TAMS 0x0000000084a00000, 0x0000000084a00000| Untracked 
|  17|0x0000000084b00000, 0x0000000084b00000, 0x0000000084c00000|  0%| F|  |TAMS 0x0000000084b00000, 0x0000000084b00000| Untracked 
|  18|0x0000000084c00000, 0x0000000084c00000, 0x0000000084d00000|  0%| F|  |TAMS 0x0000000084c00000, 0x0000000084c00000| Untracked 
|  19|0x0000000084d00000, 0x0000000084d00000, 0x0000000084e00000|  0%| F|  |TAMS 0x0000000084d00000, 0x0000000084d00000| Untracked 
|  20|0x0000000084e00000, 0x0000000084e00000, 0x0000000084f00000|  0%| F|  |TAMS 0x0000000084e00000, 0x0000000084e00000| Untracked 
|  21|0x0000000084f00000, 0x0000000084f00000, 0x0000000085000000|  0%| F|  |TAMS 0x0000000084f00000, 0x0000000084f00000| Untracked 
|  22|0x0000000085000000, 0x0000000085000000, 0x0000000085100000|  0%| F|  |TAMS 0x0000000085000000, 0x0000000085000000| Untracked 
|  23|0x0000000085100000, 0x0000000085100000, 0x0000000085200000|  0%| F|  |TAMS 0x0000000085100000, 0x0000000085100000| Untracked 
|  24|0x0000000085200000, 0x0000000085200000, 0x0000000085300000|  0%| F|  |TAMS 0x0000000085200000, 0x0000000085200000| Untracked 
|  25|0x0000000085300000, 0x0000000085300000, 0x0000000085400000|  0%| F|  |TAMS 0x0000000085300000, 0x0000000085300000| Untracked 
|  26|0x0000000085400000, 0x0000000085400000, 0x0000000085500000|  0%| F|  |TAMS 0x0000000085400000, 0x0000000085400000| Untracked 
|  27|0x0000000085500000, 0x0000000085500000, 0x0000000085600000|  0%| F|  |TAMS 0x0000000085500000, 0x0000000085500000| Untracked 
|  28|0x0000000085600000, 0x0000000085600000, 0x0000000085700000|  0%| F|  |TAMS 0x0000000085600000, 0x0000000085600000| Untracked 
|  29|0x0000000085700000, 0x0000000085700000, 0x0000000085800000|  0%| F|  |TAMS 0x0000000085700000, 0x0000000085700000| Untracked 
|  30|0x0000000085800000, 0x0000000085800000, 0x0000000085900000|  0%| F|  |TAMS 0x0000000085800000, 0x0000000085800000| Untracked 
|  31|0x0000000085900000, 0x0000000085900000, 0x0000000085a00000|  0%| F|  |TAMS 0x0000000085900000, 0x0000000085900000| Untracked 
|  32|0x0000000085a00000, 0x0000000085a00000, 0x0000000085b00000|  0%| F|  |TAMS 0x0000000085a00000, 0x0000000085a00000| Untracked 
|  33|0x0000000085b00000, 0x0000000085b00000, 0x0000000085c00000|  0%| F|  |TAMS 0x0000000085b00000, 0x0000000085b00000| Untracked 
|  34|0x0000000085c00000, 0x0000000085c00000, 0x0000000085d00000|  0%| F|  |TAMS 0x0000000085c00000, 0x0000000085c00000| Untracked 
|  35|0x0000000085d00000, 0x0000000085d00000, 0x0000000085e00000|  0%| F|  |TAMS 0x0000000085d00000, 0x0000000085d00000| Untracked 
|  36|0x0000000085e00000, 0x0000000085e00000, 0x0000000085f00000|  0%| F|  |TAMS 0x0000000085e00000, 0x0000000085e00000| Untracked 
|  37|0x0000000085f00000, 0x0000000085f00000, 0x0000000086000000|  0%| F|  |TAMS 0x0000000085f00000, 0x0000000085f00000| Untracked 
|  38|0x0000000086000000, 0x0000000086000000, 0x0000000086100000|  0%| F|  |TAMS 0x0000000086000000, 0x0000000086000000| Untracked 
|  39|0x0000000086100000, 0x0000000086100000, 0x0000000086200000|  0%| F|  |TAMS 0x0000000086100000, 0x0000000086100000| Untracked 
|  40|0x0000000086200000, 0x0000000086200000, 0x0000000086300000|  0%| F|  |TAMS 0x0000000086200000, 0x0000000086200000| Untracked 
|  41|0x0000000086300000, 0x0000000086300000, 0x0000000086400000|  0%| F|  |TAMS 0x0000000086300000, 0x0000000086300000| Untracked 
|  42|0x0000000086400000, 0x0000000086400000, 0x0000000086500000|  0%| F|  |TAMS 0x0000000086400000, 0x0000000086400000| Untracked 
|  43|0x0000000086500000, 0x0000000086500000, 0x0000000086600000|  0%| F|  |TAMS 0x0000000086500000, 0x0000000086500000| Untracked 
|  44|0x0000000086600000, 0x0000000086600000, 0x0000000086700000|  0%| F|  |TAMS 0x0000000086600000, 0x0000000086600000| Untracked 
|  45|0x0000000086700000, 0x0000000086700000, 0x0000000086800000|  0%| F|  |TAMS 0x0000000086700000, 0x0000000086700000| Untracked 
|  46|0x0000000086800000, 0x0000000086800000, 0x0000000086900000|  0%| F|  |TAMS 0x0000000086800000, 0x0000000086800000| Untracked 
|  47|0x0000000086900000, 0x0000000086900000, 0x0000000086a00000|  0%| F|  |TAMS 0x0000000086900000, 0x0000000086900000| Untracked 
|  48|0x0000000086a00000, 0x0000000086a00000, 0x0000000086b00000|  0%| F|  |TAMS 0x0000000086a00000, 0x0000000086a00000| Untracked 
|  49|0x0000000086b00000, 0x0000000086b00000, 0x0000000086c00000|  0%| F|  |TAMS 0x0000000086b00000, 0x0000000086b00000| Untracked 
|  50|0x0000000086c00000, 0x0000000086c1d658, 0x0000000086d00000| 11%| S|CS|TAMS 0x0000000086c00000, 0x0000000086c00000| Complete 
|  51|0x0000000086d00000, 0x0000000086d00000, 0x0000000086e00000|  0%| F|  |TAMS 0x0000000086d00000, 0x0000000086d00000| Untracked 
|  52|0x0000000086e00000, 0x0000000086e00000, 0x0000000086f00000|  0%| F|  |TAMS 0x0000000086e00000, 0x0000000086e00000| Untracked 
|  53|0x0000000086f00000, 0x0000000086f00000, 0x0000000087000000|  0%| F|  |TAMS 0x0000000086f00000, 0x0000000086f00000| Untracked 
|  54|0x0000000087000000, 0x0000000087000000, 0x0000000087100000|  0%| F|  |TAMS 0x0000000087000000, 0x0000000087000000| Untracked 
|  55|0x0000000087100000, 0x0000000087100000, 0x0000000087200000|  0%| F|  |TAMS 0x0000000087100000, 0x0000000087100000| Untracked 
|  56|0x0000000087200000, 0x0000000087200000, 0x0000000087300000|  0%| F|  |TAMS 0x0000000087200000, 0x0000000087200000| Untracked 
|  57|0x0000000087300000, 0x0000000087300000, 0x0000000087400000|  0%| F|  |TAMS 0x0000000087300000, 0x0000000087300000| Untracked 
|  58|0x0000000087400000, 0x0000000087400000, 0x0000000087500000|  0%| F|  |TAMS 0x0000000087400000, 0x0000000087400000| Untracked 
|  59|0x0000000087500000, 0x0000000087500000, 0x0000000087600000|  0%| F|  |TAMS 0x0000000087500000, 0x0000000087500000| Untracked 
|  60|0x0000000087600000, 0x0000000087600000, 0x0000000087700000|  0%| F|  |TAMS 0x0000000087600000, 0x0000000087600000| Untracked 
|  61|0x0000000087700000, 0x0000000087700000, 0x0000000087800000|  0%| F|  |TAMS 0x0000000087700000, 0x0000000087700000| Untracked 
|  62|0x0000000087800000, 0x0000000087800000, 0x0000000087900000|  0%| F|  |TAMS 0x0000000087800000, 0x0000000087800000| Untracked 
|  63|0x0000000087900000, 0x0000000087900000, 0x0000000087a00000|  0%| F|  |TAMS 0x0000000087900000, 0x0000000087900000| Untracked 
|  64|0x0000000087a00000, 0x0000000087a00000, 0x0000000087b00000|  0%| F|  |TAMS 0x0000000087a00000, 0x0000000087a00000| Untracked 
|  65|0x0000000087b00000, 0x0000000087b00000, 0x0000000087c00000|  0%| F|  |TAMS 0x0000000087b00000, 0x0000000087b00000| Untracked 
|  66|0x0000000087c00000, 0x0000000087c00000, 0x0000000087d00000|  0%| F|  |TAMS 0x0000000087c00000, 0x0000000087c00000| Untracked 
|  67|0x0000000087d00000, 0x0000000087d00000, 0x0000000087e00000|  0%| F|  |TAMS 0x0000000087d00000, 0x0000000087d00000| Untracked 
|  68|0x0000000087e00000, 0x0000000087e00000, 0x0000000087f00000|  0%| F|  |TAMS 0x0000000087e00000, 0x0000000087e00000| Untracked 
|  69|0x0000000087f00000, 0x0000000087f00000, 0x0000000088000000|  0%| F|  |TAMS 0x0000000087f00000, 0x0000000087f00000| Untracked 
|  70|0x0000000088000000, 0x0000000088000000, 0x0000000088100000|  0%| F|  |TAMS 0x0000000088000000, 0x0000000088000000| Untracked 
|  71|0x0000000088100000, 0x0000000088100000, 0x0000000088200000|  0%| F|  |TAMS 0x0000000088100000, 0x0000000088100000| Untracked 
|  72|0x0000000088200000, 0x0000000088200000, 0x0000000088300000|  0%| F|  |TAMS 0x0000000088200000, 0x0000000088200000| Untracked 
|  73|0x0000000088300000, 0x0000000088300000, 0x0000000088400000|  0%| F|  |TAMS 0x0000000088300000, 0x0000000088300000| Untracked 
|  74|0x0000000088400000, 0x0000000088400000, 0x0000000088500000|  0%| F|  |TAMS 0x0000000088400000, 0x0000000088400000| Untracked 
|  75|0x0000000088500000, 0x0000000088500000, 0x0000000088600000|  0%| F|  |TAMS 0x0000000088500000, 0x0000000088500000| Untracked 
|  76|0x0000000088600000, 0x0000000088600000, 0x0000000088700000|  0%| F|  |TAMS 0x0000000088600000, 0x0000000088600000| Untracked 
|  77|0x0000000088700000, 0x0000000088700000, 0x0000000088800000|  0%| F|  |TAMS 0x0000000088700000, 0x0000000088700000| Untracked 
|  78|0x0000000088800000, 0x0000000088800000, 0x0000000088900000|  0%| F|  |TAMS 0x0000000088800000, 0x0000000088800000| Untracked 
|  79|0x0000000088900000, 0x0000000088900000, 0x0000000088a00000|  0%| F|  |TAMS 0x0000000088900000, 0x0000000088900000| Untracked 
|  80|0x0000000088a00000, 0x0000000088a00000, 0x0000000088b00000|  0%| F|  |TAMS 0x0000000088a00000, 0x0000000088a00000| Untracked 
|  81|0x0000000088b00000, 0x0000000088b00000, 0x0000000088c00000|  0%| F|  |TAMS 0x0000000088b00000, 0x0000000088b00000| Untracked 
|  82|0x0000000088c00000, 0x0000000088c00000, 0x0000000088d00000|  0%| F|  |TAMS 0x0000000088c00000, 0x0000000088c00000| Untracked 
|  83|0x0000000088d00000, 0x0000000088d00000, 0x0000000088e00000|  0%| F|  |TAMS 0x0000000088d00000, 0x0000000088d00000| Untracked 
|  84|0x0000000088e00000, 0x0000000088f00000, 0x0000000088f00000|100%| E|  |TAMS 0x0000000088e00000, 0x0000000088e00000| Complete 
|  85|0x0000000088f00000, 0x0000000089000000, 0x0000000089000000|100%| E|CS|TAMS 0x0000000088f00000, 0x0000000088f00000| Complete 
|  86|0x0000000089000000, 0x0000000089100000, 0x0000000089100000|100%| E|CS|TAMS 0x0000000089000000, 0x0000000089000000| Complete 
|  87|0x0000000089100000, 0x0000000089200000, 0x0000000089200000|100%| E|CS|TAMS 0x0000000089100000, 0x0000000089100000| Complete 
|  88|0x0000000089200000, 0x0000000089300000, 0x0000000089300000|100%| E|CS|TAMS 0x0000000089200000, 0x0000000089200000| Complete 
|  89|0x0000000089300000, 0x0000000089400000, 0x0000000089400000|100%| E|CS|TAMS 0x0000000089300000, 0x0000000089300000| Complete 
|  90|0x0000000089400000, 0x0000000089500000, 0x0000000089500000|100%| E|CS|TAMS 0x0000000089400000, 0x0000000089400000| Complete 
|  91|0x0000000089500000, 0x0000000089600000, 0x0000000089600000|100%| E|CS|TAMS 0x0000000089500000, 0x0000000089500000| Complete 
|  92|0x0000000089600000, 0x0000000089700000, 0x0000000089700000|100%| E|CS|TAMS 0x0000000089600000, 0x0000000089600000| Complete 
|  93|0x0000000089700000, 0x0000000089800000, 0x0000000089800000|100%| E|CS|TAMS 0x0000000089700000, 0x0000000089700000| Complete 
|  94|0x0000000089800000, 0x0000000089900000, 0x0000000089900000|100%| E|CS|TAMS 0x0000000089800000, 0x0000000089800000| Complete 
|  95|0x0000000089900000, 0x0000000089a00000, 0x0000000089a00000|100%| E|CS|TAMS 0x0000000089900000, 0x0000000089900000| Complete 
|  96|0x0000000089a00000, 0x0000000089b00000, 0x0000000089b00000|100%| E|CS|TAMS 0x0000000089a00000, 0x0000000089a00000| Complete 
|  97|0x0000000089b00000, 0x0000000089c00000, 0x0000000089c00000|100%| E|CS|TAMS 0x0000000089b00000, 0x0000000089b00000| Complete 
|  98|0x0000000089c00000, 0x0000000089d00000, 0x0000000089d00000|100%| E|CS|TAMS 0x0000000089c00000, 0x0000000089c00000| Complete 
|  99|0x0000000089d00000, 0x0000000089e00000, 0x0000000089e00000|100%| E|CS|TAMS 0x0000000089d00000, 0x0000000089d00000| Complete 
| 100|0x0000000089e00000, 0x0000000089f00000, 0x0000000089f00000|100%| E|CS|TAMS 0x0000000089e00000, 0x0000000089e00000| Complete 
| 101|0x0000000089f00000, 0x000000008a000000, 0x000000008a000000|100%| E|CS|TAMS 0x0000000089f00000, 0x0000000089f00000| Complete 
| 102|0x000000008a000000, 0x000000008a100000, 0x000000008a100000|100%| E|CS|TAMS 0x000000008a000000, 0x000000008a000000| Complete 
| 103|0x000000008a100000, 0x000000008a200000, 0x000000008a200000|100%| E|CS|TAMS 0x000000008a100000, 0x000000008a100000| Complete 
| 104|0x000000008a200000, 0x000000008a300000, 0x000000008a300000|100%| E|CS|TAMS 0x000000008a200000, 0x000000008a200000| Complete 
| 105|0x000000008a300000, 0x000000008a400000, 0x000000008a400000|100%| E|CS|TAMS 0x000000008a300000, 0x000000008a300000| Complete 
| 106|0x000000008a400000, 0x000000008a500000, 0x000000008a500000|100%| E|CS|TAMS 0x000000008a400000, 0x000000008a400000| Complete 
| 107|0x000000008a500000, 0x000000008a600000, 0x000000008a600000|100%| E|CS|TAMS 0x000000008a500000, 0x000000008a500000| Complete 
| 108|0x000000008a600000, 0x000000008a700000, 0x000000008a700000|100%| E|CS|TAMS 0x000000008a600000, 0x000000008a600000| Complete 
| 109|0x000000008a700000, 0x000000008a800000, 0x000000008a800000|100%| E|CS|TAMS 0x000000008a700000, 0x000000008a700000| Complete 
| 110|0x000000008a800000, 0x000000008a900000, 0x000000008a900000|100%| E|CS|TAMS 0x000000008a800000, 0x000000008a800000| Complete 
| 111|0x000000008a900000, 0x000000008aa00000, 0x000000008aa00000|100%| E|CS|TAMS 0x000000008a900000, 0x000000008a900000| Complete 
| 112|0x000000008aa00000, 0x000000008ab00000, 0x000000008ab00000|100%| E|CS|TAMS 0x000000008aa00000, 0x000000008aa00000| Complete 
| 113|0x000000008ab00000, 0x000000008ac00000, 0x000000008ac00000|100%| E|CS|TAMS 0x000000008ab00000, 0x000000008ab00000| Complete 
| 114|0x000000008ac00000, 0x000000008ad00000, 0x000000008ad00000|100%| E|CS|TAMS 0x000000008ac00000, 0x000000008ac00000| Complete 
| 115|0x000000008ad00000, 0x000000008ae00000, 0x000000008ae00000|100%| E|CS|TAMS 0x000000008ad00000, 0x000000008ad00000| Complete 
| 116|0x000000008ae00000, 0x000000008af00000, 0x000000008af00000|100%| E|CS|TAMS 0x000000008ae00000, 0x000000008ae00000| Complete 
| 117|0x000000008af00000, 0x000000008b000000, 0x000000008b000000|100%| E|CS|TAMS 0x000000008af00000, 0x000000008af00000| Complete 
| 118|0x000000008b000000, 0x000000008b100000, 0x000000008b100000|100%| E|CS|TAMS 0x000000008b000000, 0x000000008b000000| Complete 
| 119|0x000000008b100000, 0x000000008b200000, 0x000000008b200000|100%| E|CS|TAMS 0x000000008b100000, 0x000000008b100000| Complete 
| 120|0x000000008b200000, 0x000000008b300000, 0x000000008b300000|100%| E|CS|TAMS 0x000000008b200000, 0x000000008b200000| Complete 
| 121|0x000000008b300000, 0x000000008b400000, 0x000000008b400000|100%| E|CS|TAMS 0x000000008b300000, 0x000000008b300000| Complete 
| 122|0x000000008b400000, 0x000000008b500000, 0x000000008b500000|100%| E|CS|TAMS 0x000000008b400000, 0x000000008b400000| Complete 
| 123|0x000000008b500000, 0x000000008b600000, 0x000000008b600000|100%| E|CS|TAMS 0x000000008b500000, 0x000000008b500000| Complete 
| 124|0x000000008b600000, 0x000000008b700000, 0x000000008b700000|100%| E|  |TAMS 0x000000008b600000, 0x000000008b600000| Complete 
| 125|0x000000008b700000, 0x000000008b800000, 0x000000008b800000|100%| E|CS|TAMS 0x000000008b700000, 0x000000008b700000| Complete 

Card table byte_map: [0x0000024f3e640000,0x0000024f3ea30000] _byte_map_base: 0x0000024f3e223000

Marking Bits (Prev, Next): (CMBitMap*) 0x0000024f26de1c40, (CMBitMap*) 0x0000024f26de1c80
 Prev Bits: [0x0000024f3ee20000, 0x0000024f40d38000)
 Next Bits: [0x0000024f40d40000, 0x0000024f42c58000)

Polling page: 0x0000024f25320000

Metaspace:

Usage:
  Non-class:      7.28 MB used.
      Class:      1.04 MB used.
       Both:      8.31 MB used.

Virtual space:
  Non-class space:       16.00 MB reserved,       7.44 MB ( 46%) committed,  2 nodes.
      Class space:        1.00 GB reserved,       1.19 MB ( <1%) committed,  1 nodes.
             Both:        1.02 GB reserved,       8.62 MB ( <1%) committed. 

Chunk freelists:
   Non-Class:  3.89 MB
       Class:  2.73 MB
        Both:  6.62 MB

MaxMetaspaceSize: unlimited
CompressedClassSpaceSize: 1.00 GB
Initial GC threshold: 21.00 MB
Current GC threshold: 21.00 MB
CDS: on
MetaspaceReclaimPolicy: balanced
 - commit_granule_bytes: 65536.
 - commit_granule_words: 8192.
 - virtual_space_node_default_size: 1048576.
 - enlarge_chunks_in_place: 1.
 - new_chunks_are_fully_committed: 0.
 - uncommit_free_chunks: 1.
 - use_allocation_guard: 0.
 - handle_deallocations: 1.


Internal statistics:

num_allocs_failed_limit: 0.
num_arena_births: 216.
num_arena_deaths: 0.
num_vsnodes_births: 3.
num_vsnodes_deaths: 0.
num_space_committed: 138.
num_space_uncommitted: 0.
num_chunks_returned_to_freelist: 0.
num_chunks_taken_from_freelist: 492.
num_chunk_merges: 0.
num_chunk_splits: 301.
num_chunks_enlarged: 207.
num_purges: 0.
num_inconsistent_stats: 0.

CodeHeap 'non-profiled nmethods': size=120000Kb used=600Kb max_used=600Kb free=119399Kb
 bounds [0x0000024f360a0000, 0x0000024f36310000, 0x0000024f3d5d0000]
CodeHeap 'profiled nmethods': size=120000Kb used=2901Kb max_used=2901Kb free=117098Kb
 bounds [0x0000024f2eb70000, 0x0000024f2ee50000, 0x0000024f360a0000]
CodeHeap 'non-nmethods': size=5760Kb used=1172Kb max_used=1191Kb free=4587Kb
 bounds [0x0000024f2e5d0000, 0x0000024f2e840000, 0x0000024f2eb70000]
 total_blobs=2051 nmethods=1604 adapters=359
 compilation: enabled
              stopped_count=0, restarted_count=0
 full_count=0

Compilation events (20 events):
Event: 0.765 Thread 0x0000024f45949f90 nmethod 1549 0x0000024f2ee27990 code [0x0000024f2ee27b60, 0x0000024f2ee27ec8]
Event: 0.765 Thread 0x0000024f45949f90 1550       3       jdk.internal.org.objectweb.asm.Frame::setInputFrameFromDescriptor (175 bytes)
Event: 0.766 Thread 0x0000024f45949f90 nmethod 1550 0x0000024f2ee28090 code [0x0000024f2ee282a0, 0x0000024f2ee28a98]
Event: 0.766 Thread 0x0000024f45949f90 1551       3       java.lang.invoke.LambdaFormBuffer::indexOf (33 bytes)
Event: 0.766 Thread 0x0000024f45949f90 nmethod 1551 0x0000024f2ee28e90 code [0x0000024f2ee29060, 0x0000024f2ee29418]
Event: 0.766 Thread 0x0000024f45949f90 1553       3       java.lang.invoke.InvokerBytecodeGenerator::emitReferenceCast (188 bytes)
Event: 0.766 Thread 0x0000024f45949f90 nmethod 1553 0x0000024f2ee29510 code [0x0000024f2ee297c0, 0x0000024f2ee2a468]
Event: 0.766 Thread 0x0000024f45949f90 1557       3       java.lang.invoke.LambdaForm$Name::internArguments (62 bytes)
Event: 0.766 Thread 0x0000024f45949f90 nmethod 1557 0x0000024f2ee2a810 code [0x0000024f2ee2aa00, 0x0000024f2ee2b108]
Event: 0.766 Thread 0x0000024f45949f90 1556       3       java.util.Arrays::fill (28 bytes)
Event: 0.766 Thread 0x0000024f45949f90 nmethod 1556 0x0000024f2ee2b290 code [0x0000024f2ee2b440, 0x0000024f2ee2b7e8]
Event: 0.766 Thread 0x0000024f45949f90 1562       3       java.lang.invoke.InvokerBytecodeGenerator::emitPushArguments (45 bytes)
Event: 0.766 Thread 0x0000024f45949f90 nmethod 1562 0x0000024f2ee2b990 code [0x0000024f2ee2bb60, 0x0000024f2ee2bfd8]
Event: 0.766 Thread 0x0000024f45949f90 1552       3       java.lang.invoke.MethodHandle::intrinsicName (4 bytes)
Event: 0.767 Thread 0x0000024f45949f90 nmethod 1552 0x0000024f2ee2c290 code [0x0000024f2ee2c420, 0x0000024f2ee2c538]
Event: 0.767 Thread 0x0000024f45949f90 1563       3       java.lang.invoke.InvokerBytecodeGenerator::refKindOpcode (112 bytes)
Event: 0.767 Thread 0x0000024f45949f90 nmethod 1563 0x0000024f2ee2c610 code [0x0000024f2ee2c860, 0x0000024f2ee2d118]
Event: 0.767 Thread 0x0000024f45949f90 1561       3       java.lang.invoke.InvokerBytecodeGenerator::emitStoreInsn (21 bytes)
Event: 0.767 Thread 0x0000024f45949f90 nmethod 1561 0x0000024f2ee2d390 code [0x0000024f2ee2d540, 0x0000024f2ee2d798]
Event: 0.767 Thread 0x0000024f45949f90 1566       3       java.lang.invoke.LambdaFormBuffer::changeName (149 bytes)

GC Heap History (6 events):
Event: 0.451 GC heap before
{Heap before GC invocations=0 (full 0):
 garbage-first heap   total 129024K, used 24576K [0x0000000083a00000, 0x0000000100000000)
  region size 1024K, 23 young (23552K), 0 survivors (0K)
 Metaspace       used 4338K, committed 4544K, reserved 1056768K
  class space    used 488K, committed 576K, reserved 1048576K
}
Event: 0.456 GC heap after
{Heap after GC invocations=1 (full 0):
 garbage-first heap   total 129024K, used 7941K [0x0000000083a00000, 0x0000000100000000)
  region size 1024K, 3 young (3072K), 3 survivors (3072K)
 Metaspace       used 4338K, committed 4544K, reserved 1056768K
  class space    used 488K, committed 576K, reserved 1048576K
}
Event: 0.464 GC heap before
{Heap before GC invocations=1 (full 0):
 garbage-first heap   total 129024K, used 35589K [0x0000000083a00000, 0x0000000100000000)
  region size 1024K, 31 young (31744K), 3 survivors (3072K)
 Metaspace       used 4338K, committed 4544K, reserved 1056768K
  class space    used 488K, committed 576K, reserved 1048576K
}
Event: 0.466 GC heap after
{Heap after GC invocations=2 (full 0):
 garbage-first heap   total 129024K, used 8126K [0x0000000083a00000, 0x0000000100000000)
  region size 1024K, 1 young (1024K), 1 survivors (1024K)
 Metaspace       used 4338K, committed 4544K, reserved 1056768K
  class space    used 488K, committed 576K, reserved 1048576K
}
Event: 0.493 GC heap before
{Heap before GC invocations=2 (full 0):
 garbage-first heap   total 129024K, used 82878K [0x0000000083a00000, 0x0000000100000000)
  region size 1024K, 75 young (76800K), 1 survivors (1024K)
 Metaspace       used 4338K, committed 4544K, reserved 1056768K
  class space    used 488K, committed 576K, reserved 1048576K
}
Event: 0.494 GC heap after
{Heap after GC invocations=3 (full 0):
 garbage-first heap   total 129024K, used 8180K [0x0000000083a00000, 0x0000000100000000)
  region size 1024K, 1 young (1024K), 1 survivors (1024K)
 Metaspace       used 4338K, committed 4544K, reserved 1056768K
  class space    used 488K, committed 576K, reserved 1048576K
}

Deoptimization events (20 events):
Event: 0.696 Thread 0x0000024f4728e3d0 Uncommon trap: trap_request=0xffffffde fr.pc=0x0000024f36111eb4 relative=0x00000000000007b4
Event: 0.696 Thread 0x0000024f4728e3d0 Uncommon trap: reason=class_check action=maybe_recompile pc=0x0000024f36111eb4 method=java.util.HashMap.putVal(ILjava/lang/Object;Ljava/lang/Object;ZZ)Ljava/lang/Object; @ 91 c2
Event: 0.696 Thread 0x0000024f4728e3d0 DEOPT PACKING pc=0x0000024f36111eb4 sp=0x000000b429ffd730
Event: 0.696 Thread 0x0000024f4728e3d0 DEOPT UNPACKING pc=0x0000024f2e625c23 sp=0x000000b429ffd640 mode 2
Event: 0.696 Thread 0x0000024f4728e3d0 Uncommon trap: trap_request=0xffffffde fr.pc=0x0000024f36111eb4 relative=0x00000000000007b4
Event: 0.696 Thread 0x0000024f4728e3d0 Uncommon trap: reason=class_check action=maybe_recompile pc=0x0000024f36111eb4 method=java.util.HashMap.putVal(ILjava/lang/Object;Ljava/lang/Object;ZZ)Ljava/lang/Object; @ 91 c2
Event: 0.696 Thread 0x0000024f4728e3d0 DEOPT PACKING pc=0x0000024f36111eb4 sp=0x000000b429ffd730
Event: 0.696 Thread 0x0000024f4728e3d0 DEOPT UNPACKING pc=0x0000024f2e625c23 sp=0x000000b429ffd640 mode 2
Event: 0.733 Thread 0x0000024f4728e3d0 Uncommon trap: trap_request=0xffffffc6 fr.pc=0x0000024f3610224c relative=0x000000000000046c
Event: 0.733 Thread 0x0000024f4728e3d0 Uncommon trap: reason=bimorphic_or_optimized_type_check action=maybe_recompile pc=0x0000024f3610224c method=java.util.HashMap.getNode(Ljava/lang/Object;)Ljava/util/HashMap$Node; @ 63 c2
Event: 0.733 Thread 0x0000024f4728e3d0 DEOPT PACKING pc=0x0000024f3610224c sp=0x000000b429ffdbe0
Event: 0.733 Thread 0x0000024f4728e3d0 DEOPT UNPACKING pc=0x0000024f2e625c23 sp=0x000000b429ffdb58 mode 2
Event: 0.733 Thread 0x0000024f4728e3d0 Uncommon trap: trap_request=0xffffffc6 fr.pc=0x0000024f3610224c relative=0x000000000000046c
Event: 0.733 Thread 0x0000024f4728e3d0 Uncommon trap: reason=bimorphic_or_optimized_type_check action=maybe_recompile pc=0x0000024f3610224c method=java.util.HashMap.getNode(Ljava/lang/Object;)Ljava/util/HashMap$Node; @ 63 c2
Event: 0.733 Thread 0x0000024f4728e3d0 DEOPT PACKING pc=0x0000024f3610224c sp=0x000000b429ffdbe0
Event: 0.733 Thread 0x0000024f4728e3d0 DEOPT UNPACKING pc=0x0000024f2e625c23 sp=0x000000b429ffdb58 mode 2
Event: 0.735 Thread 0x0000024f4728e3d0 Uncommon trap: trap_request=0xffffffc6 fr.pc=0x0000024f3610224c relative=0x000000000000046c
Event: 0.735 Thread 0x0000024f4728e3d0 Uncommon trap: reason=bimorphic_or_optimized_type_check action=maybe_recompile pc=0x0000024f3610224c method=java.util.HashMap.getNode(Ljava/lang/Object;)Ljava/util/HashMap$Node; @ 63 c2
Event: 0.735 Thread 0x0000024f4728e3d0 DEOPT PACKING pc=0x0000024f3610224c sp=0x000000b429ffdbe0
Event: 0.735 Thread 0x0000024f4728e3d0 DEOPT UNPACKING pc=0x0000024f2e625c23 sp=0x000000b429ffdb58 mode 2

Classes unloaded (0 events):
No events

Classes redefined (0 events):
No events

Internal exceptions (20 events):
Event: 0.628 Thread 0x0000024f4728e3d0 Exception <a 'java/lang/NoSuchMethodError'{0x00000000899904e8}: 'java.lang.Object java.lang.invoke.Invokers$Holder.linkToTargetMethod(java.lang.Object, long, java.lang.Object)'> (0x00000000899904e8) 
thrown [t:\workspace\open\src\hotspot\share\interpreter\linkResolver.cpp, line 766]
Event: 0.666 Thread 0x0000024f4728e3d0 Exception <a 'java/lang/NoSuchMethodError'{0x000000008962c010}: 'java.lang.Object java.lang.invoke.DirectMethodHandle$Holder.newInvokeSpecial(java.lang.Object, java.lang.Object, java.lang.Object, java.lang.Object, java.lang.Object, java.lang.Object, java.lang.Object)'> (0x000000008962c010) 
thrown [t:\workspace\open\src\hotspot\share\interpreter\linkResolver.cpp, line 766]
Event: 0.666 Thread 0x0000024f4728e3d0 Exception <a 'java/lang/NoSuchMethodError'{0x0000000089630c78}: 'java.lang.Object java.lang.invoke.Invokers$Holder.linkToTargetMethod(java.lang.Object, java.lang.Object, java.lang.Object, java.lang.Object, java.lang.Object, java.lang.Object, java.lang.Object)'> (0x0000000089630c78) 
thrown [t:\workspace\open\src\hotspot\share\interpreter\linkResolver.cpp, line 766]
Event: 0.668 Thread 0x0000024f4728e3d0 Exception <a 'java/lang/NoSuchMethodError'{0x000000008964a760}: 'void java.lang.invoke.DirectMethodHandle$Holder.invokeStaticInit(java.lang.Object, java.lang.Object)'> (0x000000008964a760) 
thrown [t:\workspace\open\src\hotspot\share\interpreter\linkResolver.cpp, line 766]
Event: 0.672 Thread 0x0000024f4728e3d0 Exception <a 'java/lang/NoSuchMethodError'{0x0000000089694bb8}: 'int java.lang.invoke.DirectMethodHandle$Holder.invokeStatic(java.lang.Object, java.lang.Object, java.lang.Object, java.lang.Object)'> (0x0000000089694bb8) 
thrown [t:\workspace\open\src\hotspot\share\interpreter\linkResolver.cpp, line 766]
Event: 0.677 Thread 0x0000024f4728e3d0 Exception <a 'java/lang/NoSuchMethodError'{0x00000000896f4b70}: 'java.lang.Object java.lang.invoke.DirectMethodHandle$Holder.invokeSpecial(java.lang.Object, java.lang.Object, java.lang.Object, java.lang.Object, java.lang.Object, java.lang.Object, int)'> (0x00000000896f4b70) 
thrown [t:\workspace\open\src\hotspot\share\interpreter\linkResolver.cpp, line 766]
Event: 0.677 Thread 0x0000024f4728e3d0 Exception <a 'java/lang/NoSuchMethodError'{0x00000000896ff0d8}: 'java.lang.Object java.lang.invoke.DirectMethodHandle$Holder.newInvokeSpecial(java.lang.Object, java.lang.Object, java.lang.Object, java.lang.Object, java.lang.Object, java.lang.Object, int)'> (0x00000000896ff0d8) 
thrown [t:\workspace\open\src\hotspot\share\interpreter\linkResolver.cpp, line 766]
Event: 0.677 Thread 0x0000024f4728e3d0 Exception <a 'java/lang/NoSuchMethodError'{0x00000000895047a8}: 'java.lang.Object java.lang.invoke.DirectMethodHandle$Holder.invokeSpecial(java.lang.Object, java.lang.Object, java.lang.Object, java.lang.Object, java.lang.Object, java.lang.Object, java.lang.Object, int)'> (0x00000000895047a8) 
thrown [t:\workspace\open\src\hotspot\share\interpreter\linkResolver.cpp, line 766]
Event: 0.696 Thread 0x0000024f4728e3d0 Exception <a 'java/lang/NoSuchMethodError'{0x000000008943ce98}: 'int java.lang.invoke.DirectMethodHandle$Holder.invokeInterface(java.lang.Object, java.lang.Object)'> (0x000000008943ce98) 
thrown [t:\workspace\open\src\hotspot\share\interpreter\linkResolver.cpp, line 766]
Event: 0.699 Thread 0x0000024f4728e3d0 Exception <a 'java/lang/NoSuchMethodError'{0x0000000089462f68}: 'void java.lang.invoke.DirectMethodHandle$Holder.invokeSpecial(java.lang.Object, java.lang.Object, java.lang.Object, java.lang.Object, java.lang.Object)'> (0x0000000089462f68) 
thrown [t:\workspace\open\src\hotspot\share\interpreter\linkResolver.cpp, line 766]
Event: 0.706 Thread 0x0000024f4728e3d0 Exception <a 'java/lang/NoSuchMethodError'{0x00000000894b5e40}: 'int java.lang.invoke.DirectMethodHandle$Holder.invokeVirtual(java.lang.Object, java.lang.Object)'> (0x00000000894b5e40) 
thrown [t:\workspace\open\src\hotspot\share\interpreter\linkResolver.cpp, line 766]
Event: 0.716 Thread 0x0000024f4728e3d0 Exception <a 'java/lang/NoSuchMethodError'{0x000000008935eae8}: 'java.lang.Object java.lang.invoke.DirectMethodHandle$Holder.invokeSpecial(java.lang.Object, java.lang.Object, java.lang.Object, int, java.lang.Object)'> (0x000000008935eae8) 
thrown [t:\workspace\open\src\hotspot\share\interpreter\linkResolver.cpp, line 766]
Event: 0.717 Thread 0x0000024f4728e3d0 Exception <a 'java/lang/NoSuchMethodError'{0x000000008936a158}: 'java.lang.Object java.lang.invoke.DirectMethodHandle$Holder.newInvokeSpecial(java.lang.Object, java.lang.Object, java.lang.Object, int, java.lang.Object)'> (0x000000008936a158) 
thrown [t:\workspace\open\src\hotspot\share\interpreter\linkResolver.cpp, line 766]
Event: 0.717 Thread 0x0000024f4728e3d0 Exception <a 'java/lang/NoSuchMethodError'{0x0000000089371b28}: 'java.lang.Object java.lang.invoke.Invokers$Holder.linkToTargetMethod(java.lang.Object, java.lang.Object, int, java.lang.Object, java.lang.Object)'> (0x0000000089371b28) 
thrown [t:\workspace\open\src\hotspot\share\interpreter\linkResolver.cpp, line 766]
Event: 0.718 Thread 0x0000024f4728e3d0 Exception <a 'java/lang/NoSuchMethodError'{0x0000000089381050}: 'java.lang.Object java.lang.invoke.DirectMethodHandle$Holder.newInvokeSpecial(java.lang.Object, int, java.lang.Object)'> (0x0000000089381050) 
thrown [t:\workspace\open\src\hotspot\share\interpreter\linkResolver.cpp, line 766]
Event: 0.718 Thread 0x0000024f4728e3d0 Exception <a 'java/lang/NoSuchMethodError'{0x0000000089385d30}: 'int java.lang.invoke.DirectMethodHandle$Holder.invokeSpecialIFC(java.lang.Object, java.lang.Object, java.lang.Object, java.lang.Object)'> (0x0000000089385d30) 
thrown [t:\workspace\open\src\hotspot\share\interpreter\linkResolver.cpp, line 766]
Event: 0.729 Thread 0x0000024f4728e3d0 Exception <a 'java/lang/NoSuchMethodError'{0x000000008926a3e0}: 'void java.lang.invoke.DirectMethodHandle$Holder.invokeInterface(java.lang.Object, java.lang.Object, java.lang.Object)'> (0x000000008926a3e0) 
thrown [t:\workspace\open\src\hotspot\share\interpreter\linkResolver.cpp, line 766]
Event: 0.741 Thread 0x0000024f4728e3d0 Exception <a 'java/lang/NoSuchMethodError'{0x0000000089120cf8}: 'void java.lang.invoke.DirectMethodHandle$Holder.invokeStaticInit(java.lang.Object, java.lang.Object, java.lang.Object)'> (0x0000000089120cf8) 
thrown [t:\workspace\open\src\hotspot\share\interpreter\linkResolver.cpp, line 766]
Event: 0.745 Thread 0x0000024f4728e3d0 Exception <a 'java/lang/NoSuchMethodError'{0x000000008916cf00}: 'java.lang.Object java.lang.invoke.DirectMethodHandle$Holder.invokeVirtual(java.lang.Object, java.lang.Object, java.lang.Object)'> (0x000000008916cf00) 
thrown [t:\workspace\open\src\hotspot\share\interpreter\linkResolver.cpp, line 766]
Event: 0.755 Thread 0x0000024f4728e3d0 Exception <a 'java/lang/NoSuchMethodError'{0x0000000089000c20}: 'void java.lang.invoke.DirectMethodHandle$Holder.invokeVirtual(java.lang.Object, java.lang.Object, java.lang.Object, java.lang.Object)'> (0x0000000089000c20) 
thrown [t:\workspace\open\src\hotspot\share\interpreter\linkResolver.cpp, line 766]

VM Operations (20 events):
Event: 0.195 Executing VM operation: HandshakeAllThreads done
Event: 0.207 Executing VM operation: HandshakeAllThreads
Event: 0.207 Executing VM operation: HandshakeAllThreads done
Event: 0.224 Executing VM operation: HandshakeAllThreads
Event: 0.224 Executing VM operation: HandshakeAllThreads done
Event: 0.229 Executing VM operation: HandshakeAllThreads
Event: 0.229 Executing VM operation: HandshakeAllThreads done
Event: 0.450 Executing VM operation: G1CollectForAllocation
Event: 0.456 Executing VM operation: G1CollectForAllocation done
Event: 0.463 Executing VM operation: G1CollectForAllocation
Event: 0.466 Executing VM operation: G1CollectForAllocation done
Event: 0.493 Executing VM operation: G1CollectForAllocation
Event: 0.494 Executing VM operation: G1CollectForAllocation done
Event: 0.571 Executing VM operation: HandshakeAllThreads
Event: 0.571 Executing VM operation: HandshakeAllThreads done
Event: 0.704 Executing VM operation: HandshakeAllThreads
Event: 0.704 Executing VM operation: HandshakeAllThreads done
Event: 0.763 Executing VM operation: ICBufferFull
Event: 0.763 Executing VM operation: ICBufferFull done
Event: 1.771 Executing VM operation: Cleanup

Events (20 events):
Event: 0.746 loading class java/util/concurrent/ConcurrentLinkedDeque$Itr
Event: 0.746 loading class java/util/concurrent/ConcurrentLinkedDeque$AbstractItr
Event: 0.747 loading class java/util/concurrent/ConcurrentLinkedDeque$AbstractItr done
Event: 0.747 loading class java/util/concurrent/ConcurrentLinkedDeque$Itr done
Event: 0.747 loading class java/io/UnsupportedEncodingException
Event: 0.747 loading class java/io/UnsupportedEncodingException done
Event: 0.747 loading class java/nio/charset/CharacterCodingException
Event: 0.747 loading class java/nio/charset/CharacterCodingException done
Event: 0.754 loading class java/util/concurrent/ScheduledExecutorService
Event: 0.755 loading class java/util/concurrent/ScheduledExecutorService done
Event: 0.755 loading class java/util/concurrent/Executors$DefaultThreadFactory
Event: 0.755 loading class java/util/concurrent/Executors$DefaultThreadFactory done
Event: 0.762 loading class java/util/Collections$UnmodifiableMap$UnmodifiableEntrySet
Event: 0.762 loading class java/util/Collections$UnmodifiableMap$UnmodifiableEntrySet done
Event: 0.762 loading class java/util/Collections$UnmodifiableMap$UnmodifiableEntrySet$UnmodifiableEntrySetSpliterator
Event: 0.762 loading class java/util/Collections$UnmodifiableMap$UnmodifiableEntrySet$UnmodifiableEntrySetSpliterator done
Event: 0.762 loading class java/util/HashMap$EntrySpliterator
Event: 0.762 loading class java/util/HashMap$EntrySpliterator done
Event: 0.762 loading class java/util/Collections$UnmodifiableMap$UnmodifiableEntrySet$UnmodifiableEntry
Event: 0.762 loading class java/util/Collections$UnmodifiableMap$UnmodifiableEntrySet$UnmodifiableEntry done


Dynamic libraries:
0x00007ff76fde0000 - 0x00007ff76fdf0000 	C:\Program Files\Java\jdk-17.0.1\bin\java.exe
0x00007ffe17d40000 - 0x00007ffe17fa5000 	C:\WINDOWS\SYSTEM32\ntdll.dll
0x00007ffe16c10000 - 0x00007ffe16cd9000 	C:\WINDOWS\System32\KERNEL32.DLL
0x00007ffe15640000 - 0x00007ffe15a28000 	C:\WINDOWS\System32\KERNELBASE.dll
0x00007ffe14e90000 - 0x00007ffe14fdb000 	C:\WINDOWS\System32\ucrtbase.dll
0x00007ffe09080000 - 0x00007ffe0909a000 	C:\Program Files\Java\jdk-17.0.1\bin\VCRUNTIME140.dll
0x00007ffe0f220000 - 0x00007ffe0f238000 	C:\Program Files\Java\jdk-17.0.1\bin\jli.dll
0x00007ffe17600000 - 0x00007ffe176b3000 	C:\WINDOWS\System32\ADVAPI32.dll
0x00007ffe16de0000 - 0x00007ffe16e89000 	C:\WINDOWS\System32\msvcrt.dll
0x00007ffe17160000 - 0x00007ffe17206000 	C:\WINDOWS\System32\sechost.dll
0x00007ffe17be0000 - 0x00007ffe17cf5000 	C:\WINDOWS\System32\RPCRT4.dll
0x00007ffe16f90000 - 0x00007ffe1715a000 	C:\WINDOWS\System32\USER32.dll
0x00007ffe15490000 - 0x00007ffe154b7000 	C:\WINDOWS\System32\win32u.dll
0x00007ffdfacb0000 - 0x00007ffdfaf4a000 	C:\WINDOWS\WinSxS\amd64_microsoft.windows.common-controls_6595b64144ccf1df_6.0.26100.4202_none_3e0698d4e335f517\COMCTL32.dll
0x00007ffe172c0000 - 0x00007ffe172eb000 	C:\WINDOWS\System32\GDI32.dll
0x00007ffe15220000 - 0x00007ffe15357000 	C:\WINDOWS\System32\gdi32full.dll
0x00007ffe15a30000 - 0x00007ffe15ad3000 	C:\WINDOWS\System32\msvcp_win.dll
0x00007ffe08780000 - 0x00007ffe0878b000 	C:\WINDOWS\SYSTEM32\VERSION.dll
0x00007ffe15ae0000 - 0x00007ffe15b10000 	C:\WINDOWS\System32\IMM32.DLL
0x00007ffe0f2b0000 - 0x00007ffe0f2bc000 	C:\Program Files\Java\jdk-17.0.1\bin\vcruntime140_1.dll
0x00007ffdccc80000 - 0x00007ffdccd0d000 	C:\Program Files\Java\jdk-17.0.1\bin\msvcp140.dll
0x00007ffd98f40000 - 0x00007ffd99afe000 	C:\Program Files\Java\jdk-17.0.1\bin\server\jvm.dll
0x00007ffe16f80000 - 0x00007ffe16f88000 	C:\WINDOWS\System32\PSAPI.DLL
0x00007ffdfee30000 - 0x00007ffdfee65000 	C:\WINDOWS\SYSTEM32\WINMM.dll
0x00007ffe002e0000 - 0x00007ffe002ea000 	C:\WINDOWS\SYSTEM32\WSOCK32.dll
0x00007ffe16570000 - 0x00007ffe165e4000 	C:\WINDOWS\System32\WS2_32.dll
0x00007ffe13d70000 - 0x00007ffe13d8b000 	C:\WINDOWS\SYSTEM32\kernel.appcore.dll
0x00007ffe09070000 - 0x00007ffe0907a000 	C:\Program Files\Java\jdk-17.0.1\bin\jimage.dll
0x00007ffe12690000 - 0x00007ffe128d1000 	C:\WINDOWS\SYSTEM32\DBGHELP.DLL
0x00007ffe16670000 - 0x00007ffe169f5000 	C:\WINDOWS\System32\combase.dll
0x00007ffe16e90000 - 0x00007ffe16f71000 	C:\WINDOWS\System32\OLEAUT32.dll
0x00007ffdf9970000 - 0x00007ffdf99a9000 	C:\WINDOWS\SYSTEM32\dbgcore.DLL
0x00007ffe153f0000 - 0x00007ffe15489000 	C:\WINDOWS\System32\bcryptPrimitives.dll
0x00007ffe0f280000 - 0x00007ffe0f28e000 	C:\Program Files\Java\jdk-17.0.1\bin\instrument.dll
0x00007ffe09040000 - 0x00007ffe09065000 	C:\Program Files\Java\jdk-17.0.1\bin\java.dll
0x00007ffda7d30000 - 0x00007ffda7e06000 	C:\Program Files\Java\jdk-17.0.1\bin\svml.dll
0x00007ffe15d30000 - 0x00007ffe16472000 	C:\WINDOWS\System32\SHELL32.dll
0x00007ffe14fe0000 - 0x00007ffe15154000 	C:\WINDOWS\System32\wintypes.dll
0x00007ffe12b50000 - 0x00007ffe133a8000 	C:\WINDOWS\SYSTEM32\windows.storage.dll
0x00007ffe17500000 - 0x00007ffe175f1000 	C:\WINDOWS\System32\SHCORE.dll
0x00007ffe165f0000 - 0x00007ffe1665a000 	C:\WINDOWS\System32\shlwapi.dll
0x00007ffe14da0000 - 0x00007ffe14dcf000 	C:\WINDOWS\SYSTEM32\profapi.dll
0x00007ffdce4f0000 - 0x00007ffdce508000 	C:\Program Files\Java\jdk-17.0.1\bin\zip.dll
0x00007ffdda3c0000 - 0x00007ffdda3d9000 	C:\Program Files\Java\jdk-17.0.1\bin\net.dll
0x00007ffe0b0a0000 - 0x00007ffe0b1be000 	C:\WINDOWS\SYSTEM32\WINHTTP.dll
0x00007ffe142e0000 - 0x00007ffe1434a000 	C:\WINDOWS\system32\mswsock.dll
0x00007ffdd2430000 - 0x00007ffdd2445000 	C:\Program Files\Java\jdk-17.0.1\bin\nio.dll
0x00007ffe08fe0000 - 0x00007ffe08ffa000 	C:\Program Files\JetBrains\IntelliJ IDEA Community Edition 2023.3.5\bin\breakgen64.dll
0x00007ffe0f270000 - 0x00007ffe0f279000 	C:\Program Files\Java\jdk-17.0.1\bin\management.dll
0x00007ffe0d650000 - 0x00007ffe0d65b000 	C:\Program Files\Java\jdk-17.0.1\bin\management_ext.dll

dbghelp: loaded successfully - version: 4.0.5 - missing functions: none
symbol engine: initialized successfully - sym options: 0x614 - pdb path: .;C:\Program Files\Java\jdk-17.0.1\bin;C:\WINDOWS\SYSTEM32;C:\WINDOWS\WinSxS\amd64_microsoft.windows.common-controls_6595b64144ccf1df_6.0.26100.4202_none_3e0698d4e335f517;C:\Program Files\Java\jdk-17.0.1\bin\server;C:\Program Files\JetBrains\IntelliJ IDEA Community Edition 2023.3.5\bin

VM Arguments:
jvm_args: -javaagent:C:\Program Files\JetBrains\IntelliJ IDEA Community Edition 2023.3.5\lib\idea_rt.jar=50669:C:\Program Files\JetBrains\IntelliJ IDEA Community Edition 2023.3.5\bin -Dfile.encoding=UTF-8 
java_command: com.example.be.BeApplication
java_class_path (initial): D:\Project_ChuyenDeWeb\Project_ChuyenDeWeb\be\target\classes;C:\Users\Acer\.m2\repository\org\springframework\boot\spring-boot-starter-data-jpa\3.4.4\spring-boot-starter-data-jpa-3.4.4.jar;C:\Users\Acer\.m2\repository\org\springframework\boot\spring-boot-starter\3.4.4\spring-boot-starter-3.4.4.jar;C:\Users\Acer\.m2\repository\org\springframework\boot\spring-boot-starter-logging\3.4.4\spring-boot-starter-logging-3.4.4.jar;C:\Users\Acer\.m2\repository\ch\qos\logback\logback-classic\1.5.18\logback-classic-1.5.18.jar;C:\Users\Acer\.m2\repository\ch\qos\logback\logback-core\1.5.18\logback-core-1.5.18.jar;C:\Users\Acer\.m2\repository\org\apache\logging\log4j\log4j-to-slf4j\2.24.3\log4j-to-slf4j-2.24.3.jar;C:\Users\Acer\.m2\repository\org\apache\logging\log4j\log4j-api\2.24.3\log4j-api-2.24.3.jar;C:\Users\Acer\.m2\repository\org\slf4j\jul-to-slf4j\2.0.17\jul-to-slf4j-2.0.17.jar;C:\Users\Acer\.m2\repository\jakarta\annotation\jakarta.annotation-api\2.1.1\jakarta.annotation-api-2.1.1.jar;C:\Users\Acer\.m2\repository\org\yaml\snakeyaml\2.3\snakeyaml-2.3.jar;C:\Users\Acer\.m2\repository\org\springframework\boot\spring-boot-starter-jdbc\3.4.4\spring-boot-starter-jdbc-3.4.4.jar;C:\Users\Acer\.m2\repository\com\zaxxer\HikariCP\5.1.0\HikariCP-5.1.0.jar;C:\Users\Acer\.m2\repository\org\springframework\spring-jdbc\6.2.5\spring-jdbc-6.2.5.jar;C:\Users\Acer\.m2\repository\org\hibernate\orm\hibernate-core\6.6.11.Final\hibernate-core-6.6.11.Final.jar;C:\Users\Acer\.m2\repository\jakarta\persistence\jakarta.persistence-api\3.1.0\jakarta.persistence-api-3.1.0.jar;C:\Users\Acer\.m2\repository\jakarta\transaction\jakarta.transaction-api\2.0.1\jakarta.transaction-api-2.0.1.jar;C:\Users\Acer\.m2\repository\org\hibernate\common\hibernate-commons-annotations\7.0.3.Final\hibernate-commons-annotations-7.0.3.Final.jar;C:\Users\Acer\.m2\repository\io\smallrye\jandex\3.2.0\jandex-3.2.0.jar;C:\Users\Acer\.m2\repository\net\bytebuddy\byte-buddy\1.15.11\byte-buddy-1.15.11.j
Launcher Type: SUN_STANDARD

[Global flags]
     intx CICompilerCount                          = 4                                         {product} {ergonomic}
     uint ConcGCThreads                            = 3                                         {product} {ergonomic}
     uint G1ConcRefinementThreads                  = 10                                        {product} {ergonomic}
   size_t G1HeapRegionSize                         = 1048576                                   {product} {ergonomic}
    uintx GCDrainStackTargetSize                   = 64                                        {product} {ergonomic}
   size_t InitialHeapSize                          = 132120576                                 {product} {ergonomic}
   size_t MarkStackSize                            = 4194304                                   {product} {ergonomic}
   size_t MaxHeapSize                              = 2086666240                                {product} {ergonomic}
   size_t MaxNewSize                               = 1251999744                                {product} {ergonomic}
   size_t MinHeapDeltaBytes                        = 1048576                                   {product} {ergonomic}
   size_t MinHeapSize                              = 8388608                                   {product} {ergonomic}
    uintx NonNMethodCodeHeapSize                   = 5839372                                {pd product} {ergonomic}
    uintx NonProfiledCodeHeapSize                  = 122909434                              {pd product} {ergonomic}
    uintx ProfiledCodeHeapSize                     = 122909434                              {pd product} {ergonomic}
    uintx ReservedCodeCacheSize                    = 251658240                              {pd product} {ergonomic}
     bool SegmentedCodeCache                       = true                                      {product} {ergonomic}
   size_t SoftMaxHeapSize                          = 2086666240                             {manageable} {ergonomic}
     bool UseCompressedClassPointers               = true                           {product lp64_product} {ergonomic}
     bool UseCompressedOops                        = true                           {product lp64_product} {ergonomic}
     bool UseG1GC                                  = true                                      {product} {ergonomic}
     bool UseLargePagesIndividualAllocation        = false                                  {pd product} {ergonomic}

Logging:
Log output configuration:
 #0: stdout all=warning uptime,level,tags
 #1: stderr all=off uptime,level,tags

Environment Variables:
JAVA_HOME=C:\Program Files\Java\jdk-17.0.1
PATH=C:\Program Files\Microsoft MPI\Bin\;C:\Program Files\Common Files\Oracle\Java\javapath;C:\Windows\system32;C:\Windows;C:\Windows\System32\Wbem;C:\Windows\System32\WindowsPowerShell\v1.0\;C:\Windows\System32\OpenSSH\;C:\Program Files (x86)\NVIDIA Corporation\PhysX\Common;C:\Program Files\NVIDIA Corporation\NVIDIA NvDLISR;C:\Program Files\nodejs;C:\Program Files\Microsoft SQL Server\120\Tools\Binn\;C:\Program Files (x86)\Microsoft SQL Server\160\Tools\Binn\;C:\Program Files\Microsoft SQL Server\160\Tools\Binn\;C:\Program Files\Microsoft SQL Server\Client SDK\ODBC\170\Tools\Binn\;C:\Program Files\Microsoft SQL Server\160\DTS\Binn\;C:\WINDOWS\system32;C:\WINDOWS;C:\WINDOWS\System32\Wbem;C:\WINDOWS\System32\WindowsPowerShell\v1.0\;C:\WINDOWS\System32\OpenSSH\;C:\Program Files\Git\cmd;C:\Program Files\MongoDB\Server\8.0\bin;C:\Users\Acer\Downloads\apache-maven-3.9.9-bin\apache-maven-3.9.9\bin;C:\Program Files\nodejs\;C:\Users\Acer\AppData\Local\Programs\Python\Launcher\;C:\Users\Acer\AppData\Local\Microsoft\WindowsApps;D:\Visual Studio Code\Microsoft VS Code\bin;C:\Program Files\nodejs;C:\Program Files\Azure Data Studio\bin;C:\Users\Acer\AppData\Local\GitHubDesktop\bin;C:\Users\Acer\Downloads\flutter_windows_3.24.4-stable\flutter\bin;C:\Program Files\MongoDB\Server\8.0\bin;C:\Users\Acer\AppData\Roaming\npm
USERNAME=Acer
OS=Windows_NT
PROCESSOR_IDENTIFIER=Intel64 Family 6 Model 141 Stepping 1, GenuineIntel



---------------  S Y S T E M  ---------------

OS:
 Windows 10 , 64 bit Build 26100 (10.0.26100.4202)
OS uptime: 0 days 9:00 hours

CPU: total 12 (initial active 12) (6 cores per cpu, 2 threads per core) family 6 model 141 stepping 1 microcode 0x3c, cx8, cmov, fxsr, ht, mmx, 3dnowpref, sse, sse2, sse3, ssse3, sse4.1, sse4.2, popcnt, lzcnt, tsc, tscinvbit, avx, avx2, aes, erms, clmul, bmi1, bmi2, adx, avx512f, avx512dq, avx512cd, avx512bw, avx512vl, sha, fma, vzeroupper, avx512_vpopcntdq, avx512_vpclmulqdq, avx512_vaes, avx512_vnni, clflush, clflushopt, clwb, avx512_vbmi2, avx512_vbmi

Memory: 4k page, system-wide physical 7955M (467M free)
TotalPageFile size 20243M (AvailPageFile size 4M)
current process WorkingSet (physical memory assigned to process): 148M, peak: 148M
current process commit charge ("private bytes"): 241M, peak: 241M

vm_info: Java HotSpot(TM) 64-Bit Server VM (17.0.1+12-LTS-39) for windows-amd64 JRE (17.0.1+12-LTS-39), built on Sep 27 2021 18:41:35 by "mach5one" with MS VC++ 16.8 (VS2019)

END.
