#
# There is insufficient memory for the Java Runtime Environment to continue.
# Native memory allocation (mmap) failed to map 106954752 bytes for G1 virtual space
# Possible reasons:
#   The system is out of physical RAM or swap space
#   The process is running with CompressedOops enabled, and the Java Heap may be blocking the growth of the native heap
# Possible solutions:
#   Reduce memory load on the system
#   Increase physical memory or swap space
#   Check if swap backing store is full
#   Decrease Java heap size (-Xmx/-Xms)
#   Decrease number of Java threads
#   Decrease Java thread stack sizes (-Xss)
#   Set larger code cache with -XX:ReservedCodeCacheSize=
#   JVM is running with Unscaled Compressed Oops mode in which the Java heap is
#     placed in the first 4GB address space. The Java Heap base address is the
#     maximum limit for the native heap growth. Please use -XX:HeapBaseMinAddress
#     to set the Java Heap base and to place the Java Heap above 4GB virtual address.
# This output file may be truncated or incomplete.
#
#  Out of Memory Error (os_windows.cpp:3469), pid=9952, tid=24072
#
# JRE version: Java(TM) SE Runtime Environment (17.0.1+12) (build 17.0.1+12-LTS-39)
# Java VM: Java HotSpot(TM) 64-Bit Server VM (17.0.1+12-LTS-39, mixed mode, sharing, tiered, compressed oops, compressed class ptrs, g1 gc, windows-amd64)
# No core dump will be written. Minidumps are not enabled by default on client versions of Windows
#

---------------  S U M M A R Y ------------

Command Line: -javaagent:C:\Program Files\JetBrains\IntelliJ IDEA Community Edition 2023.3.5\lib\idea_rt.jar=52012:C:\Program Files\JetBrains\IntelliJ IDEA Community Edition 2023.3.5\bin -Dfile.encoding=UTF-8 com.example.be.BeApplication

Host: 11th Gen Intel(R) Core(TM) i5-11400H @ 2.70GHz, 12 cores, 7G,  Windows 10 , 64 bit Build 26100 (10.0.26100.3775)
Time: Thu May  8 14:25:09 2025 SE Asia Standard Time elapsed time: 3.252568 seconds (0d 0h 0m 3s)

---------------  T H R E A D  ---------------

Current thread (0x00000278a55b6280):  VMThread "VM Thread" [stack: 0x000000ce5d100000,0x000000ce5d200000] [id=24072]

Stack: [0x000000ce5d100000,0x000000ce5d200000]
Native frames: (J=compiled Java code, j=interpreted, Vv=VM code, C=native code)
V  [jvm.dll+0x66fa1a]
V  [jvm.dll+0x7ce5a4]
V  [jvm.dll+0x7cfd4e]
V  [jvm.dll+0x7d03b3]
V  [jvm.dll+0x242b05]
V  [jvm.dll+0x66ca39]
V  [jvm.dll+0x661502]
V  [jvm.dll+0x30081b]
V  [jvm.dll+0x307da6]
V  [jvm.dll+0x357a1e]
V  [jvm.dll+0x357c4f]
V  [jvm.dll+0x2d7ad8]
V  [jvm.dll+0x2d5da4]
V  [jvm.dll+0x2d53ac]
V  [jvm.dll+0x3287cc]
V  [jvm.dll+0x7d484b]
V  [jvm.dll+0x7d5584]
V  [jvm.dll+0x7d5a9c]
V  [jvm.dll+0x7d5e74]
V  [jvm.dll+0x7d5f40]
V  [jvm.dll+0x77e91a]
V  [jvm.dll+0x66e845]
C  [ucrtbase.dll+0x37b0]
C  [KERNEL32.DLL+0x2e8d7]
C  [ntdll.dll+0xb14fc]

VM_Operation (0x000000ce5e5fb260): CollectForMetadataAllocation, mode: safepoint, requested by thread 0x00000278a6b674b0


---------------  P R O C E S S  ---------------

Threads class SMR info:
_java_thread_list=0x00000278a889aeb0, length=16, elements={
0x000002788720d7f0, 0x00000278a55bac20, 0x00000278a55bb5d0, 0x00000278a55cdf80,
0x00000278a55ce930, 0x00000278a55cf2e0, 0x00000278a55cfc90, 0x00000278a55daa40,
0x00000278a55ee9f0, 0x00000278a56013d0, 0x00000278a60d1a50, 0x00000278a62cdbb0,
0x00000278a62ce080, 0x00000278a67baf90, 0x00000278a724d430, 0x00000278a6b674b0
}

Java Threads: ( => current thread )
  0x000002788720d7f0 JavaThread "main" [_thread_blocked, id=9400, stack(0x000000ce5cb00000,0x000000ce5cc00000)]
  0x00000278a55bac20 JavaThread "Reference Handler" daemon [_thread_blocked, id=13988, stack(0x000000ce5d200000,0x000000ce5d300000)]
  0x00000278a55bb5d0 JavaThread "Finalizer" daemon [_thread_blocked, id=12760, stack(0x000000ce5d300000,0x000000ce5d400000)]
  0x00000278a55cdf80 JavaThread "Signal Dispatcher" daemon [_thread_blocked, id=18980, stack(0x000000ce5d400000,0x000000ce5d500000)]
  0x00000278a55ce930 JavaThread "Attach Listener" daemon [_thread_blocked, id=20240, stack(0x000000ce5d500000,0x000000ce5d600000)]
  0x00000278a55cf2e0 JavaThread "Service Thread" daemon [_thread_blocked, id=9512, stack(0x000000ce5d600000,0x000000ce5d700000)]
  0x00000278a55cfc90 JavaThread "Monitor Deflation Thread" daemon [_thread_blocked, id=24248, stack(0x000000ce5d700000,0x000000ce5d800000)]
  0x00000278a55daa40 JavaThread "C2 CompilerThread0" daemon [_thread_blocked, id=13780, stack(0x000000ce5d800000,0x000000ce5d900000)]
  0x00000278a55ee9f0 JavaThread "C1 CompilerThread0" daemon [_thread_blocked, id=12836, stack(0x000000ce5d900000,0x000000ce5da00000)]
  0x00000278a56013d0 JavaThread "Sweeper thread" daemon [_thread_blocked, id=14896, stack(0x000000ce5da00000,0x000000ce5db00000)]
  0x00000278a60d1a50 JavaThread "Common-Cleaner" daemon [_thread_blocked, id=21288, stack(0x000000ce5db00000,0x000000ce5dc00000)]
  0x00000278a62cdbb0 JavaThread "Monitor Ctrl-Break" daemon [_thread_in_native, id=11120, stack(0x000000ce5dc00000,0x000000ce5dd00000)]
  0x00000278a62ce080 JavaThread "Notification Thread" daemon [_thread_blocked, id=3140, stack(0x000000ce5dd00000,0x000000ce5de00000)]
  0x00000278a67baf90 JavaThread "C2 CompilerThread1" daemon [_thread_blocked, id=20280, stack(0x000000ce5df00000,0x000000ce5e000000)]
  0x00000278a724d430 JavaThread "Thread-0" [_thread_blocked, id=10296, stack(0x000000ce5e400000,0x000000ce5e500000)]
  0x00000278a6b674b0 JavaThread "restartedMain" [_thread_blocked, id=14012, stack(0x000000ce5e500000,0x000000ce5e600000)]

Other Threads:
=>0x00000278a55b6280 VMThread "VM Thread" [stack: 0x000000ce5d100000,0x000000ce5d200000] [id=24072]
  0x0000027887278d00 WatcherThread [stack: 0x000000ce5de00000,0x000000ce5df00000] [id=6488]
  0x000002788724e980 GCTaskThread "GC Thread#0" [stack: 0x000000ce5cc00000,0x000000ce5cd00000] [id=18552]
  0x00000278a7211ad0 GCTaskThread "GC Thread#1" [stack: 0x000000ce5e000000,0x000000ce5e100000] [id=11324]
  0x00000278a6af8870 GCTaskThread "GC Thread#2" [stack: 0x000000ce5e100000,0x000000ce5e200000] [id=6140]
  0x00000278a6bf9c70 GCTaskThread "GC Thread#3" [stack: 0x000000ce5e200000,0x000000ce5e300000] [id=25076]
  0x00000278a6dc9430 GCTaskThread "GC Thread#4" [stack: 0x000000ce5e300000,0x000000ce5e400000] [id=15460]
  0x00000278a7784d60 GCTaskThread "GC Thread#5" [stack: 0x000000ce5e700000,0x000000ce5e800000] [id=16412]
  0x00000278a727a020 GCTaskThread "GC Thread#6" [stack: 0x000000ce5e800000,0x000000ce5e900000] [id=14656]
  0x00000278a765a100 GCTaskThread "GC Thread#7" [stack: 0x000000ce5e900000,0x000000ce5ea00000] [id=20900]
  0x00000278a8b62500 GCTaskThread "GC Thread#8" [stack: 0x000000ce5ea00000,0x000000ce5eb00000] [id=17504]
  0x00000278a765a7c0 GCTaskThread "GC Thread#9" [stack: 0x000000ce5eb00000,0x000000ce5ec00000] [id=18884]
  0x000002788725f2e0 ConcurrentGCThread "G1 Main Marker" [stack: 0x000000ce5cd00000,0x000000ce5ce00000] [id=25880]
  0x0000027887261710 ConcurrentGCThread "G1 Conc#0" [stack: 0x000000ce5ce00000,0x000000ce5cf00000] [id=10244]
  0x00000278872cd9d0 ConcurrentGCThread "G1 Refine#0" [stack: 0x000000ce5cf00000,0x000000ce5d000000] [id=16524]
  0x00000278872ce190 ConcurrentGCThread "G1 Service" [stack: 0x000000ce5d000000,0x000000ce5d100000] [id=22420]

Threads with active compile tasks:
C2 CompilerThread0     3268 3091       4       java.net.URLStreamHandler::parseURL (1201 bytes)
C2 CompilerThread1     3268 3125       4       java.lang.StringConcatHelper::prepend (22 bytes)

VM state: at safepoint (normal execution)

VM Mutex/Monitor currently owned by a thread:  ([mutex/lock_event])
[0x0000027887207e40] Threads_lock - owner thread: 0x00000278a55b6280
[0x0000027887208b30] Heap_lock - owner thread: 0x00000278a6b674b0

Heap address: 0x0000000083a00000, size: 1990 MB, Compressed Oops mode: 32-bit

CDS archive(s) mapped at: [0x0000000800000000-0x0000000800bc0000-0x0000000800bc0000), size 12320768, SharedBaseAddress: 0x0000000800000000, ArchiveRelocationMode: 0.
Compressed class space mapped at: 0x0000000800c00000-0x0000000840c00000, reserved size: 1073741824
Narrow klass base: 0x0000000800000000, Narrow klass shift: 0, Narrow klass range: 0x100000000

GC Precious Log:
 CPUs: 12 total, 12 available
 Memory: 7955M
 Large Page Support: Disabled
 NUMA Support: Disabled
 Compressed Oops: Enabled (32-bit)
 Heap Region Size: 1M
 Heap Min Capacity: 8M
 Heap Initial Capacity: 126M
 Heap Max Capacity: 1990M
 Pre-touch: Disabled
 Parallel Workers: 10
 Concurrent Workers: 3
 Concurrent Refinement Workers: 10
 Periodic GC: Disabled

Heap:
 garbage-first heap   total 129024K, used 15499K [0x0000000083a00000, 0x0000000100000000)
  region size 1024K, 4 young (4096K), 4 survivors (4096K)
 Metaspace       used 21268K, committed 21504K, reserved 1073152K
  class space    used 2647K, committed 2752K, reserved 1048576K

Heap Regions: E=young(eden), S=young(survivor), O=old, HS=humongous(starts), HC=humongous(continues), CS=collection set, F=free, OA=open archive, CA=closed archive, TAMS=top-at-mark-start (previous, next)
|   0|0x0000000083a00000, 0x0000000083b00000, 0x0000000083b00000|100%|HS|  |TAMS 0x0000000083a00000, 0x0000000083b00000| Complete 
|   1|0x0000000083b00000, 0x0000000083c00000, 0x0000000083c00000|100%|HS|  |TAMS 0x0000000083b00000, 0x0000000083c00000| Complete 
|   2|0x0000000083c00000, 0x0000000083d00000, 0x0000000083d00000|100%| O|  |TAMS 0x0000000083c00000, 0x0000000083d00000| Untracked 
|   3|0x0000000083d00000, 0x0000000083e00000, 0x0000000083e00000|100%| O|  |TAMS 0x0000000083d00000, 0x0000000083e00000| Untracked 
|   4|0x0000000083e00000, 0x0000000083f00000, 0x0000000083f00000|100%| O|  |TAMS 0x0000000083e00000, 0x0000000083f00000| Untracked 
|   5|0x0000000083f00000, 0x0000000084000000, 0x0000000084000000|100%| O|  |TAMS 0x0000000083f00000, 0x0000000084000000| Untracked 
|   6|0x0000000084000000, 0x0000000084100000, 0x0000000084100000|100%| O|  |TAMS 0x0000000084000000, 0x0000000084100000| Untracked 
|   7|0x0000000084100000, 0x0000000084200000, 0x0000000084200000|100%| O|  |TAMS 0x0000000084100000, 0x0000000084200000| Untracked 
|   8|0x0000000084200000, 0x0000000084300000, 0x0000000084300000|100%| O|  |TAMS 0x0000000084200000, 0x0000000084300000| Untracked 
|   9|0x0000000084300000, 0x0000000084400000, 0x0000000084400000|100%| O|  |TAMS 0x0000000084300000, 0x0000000084400000| Untracked 
|  10|0x0000000084400000, 0x0000000084500000, 0x0000000084500000|100%| O|  |TAMS 0x0000000084400000, 0x0000000084500000| Untracked 
|  11|0x0000000084500000, 0x00000000845d1200, 0x0000000084600000| 81%| O|  |TAMS 0x0000000084500000, 0x00000000845d1200| Untracked 
|  12|0x0000000084600000, 0x0000000084600000, 0x0000000084700000|  0%| F|  |TAMS 0x0000000084600000, 0x0000000084600000| Untracked 
|  13|0x0000000084700000, 0x0000000084700000, 0x0000000084800000|  0%| F|  |TAMS 0x0000000084700000, 0x0000000084700000| Untracked 
|  14|0x0000000084800000, 0x0000000084800000, 0x0000000084900000|  0%| F|  |TAMS 0x0000000084800000, 0x0000000084800000| Untracked 
|  15|0x0000000084900000, 0x0000000084900000, 0x0000000084a00000|  0%| F|  |TAMS 0x0000000084900000, 0x0000000084900000| Untracked 
|  16|0x0000000084a00000, 0x0000000084a00000, 0x0000000084b00000|  0%| F|  |TAMS 0x0000000084a00000, 0x0000000084a00000| Untracked 
|  17|0x0000000084b00000, 0x0000000084b00000, 0x0000000084c00000|  0%| F|  |TAMS 0x0000000084b00000, 0x0000000084b00000| Untracked 
|  18|0x0000000084c00000, 0x0000000084c00000, 0x0000000084d00000|  0%| F|  |TAMS 0x0000000084c00000, 0x0000000084c00000| Untracked 
|  19|0x0000000084d00000, 0x0000000084d00000, 0x0000000084e00000|  0%| F|  |TAMS 0x0000000084d00000, 0x0000000084d00000| Untracked 
|  20|0x0000000084e00000, 0x0000000084e00000, 0x0000000084f00000|  0%| F|  |TAMS 0x0000000084e00000, 0x0000000084e00000| Untracked 
|  21|0x0000000084f00000, 0x0000000084f00000, 0x0000000085000000|  0%| F|  |TAMS 0x0000000084f00000, 0x0000000084f00000| Untracked 
|  22|0x0000000085000000, 0x0000000085000000, 0x0000000085100000|  0%| F|  |TAMS 0x0000000085000000, 0x0000000085000000| Untracked 
|  23|0x0000000085100000, 0x0000000085100000, 0x0000000085200000|  0%| F|  |TAMS 0x0000000085100000, 0x0000000085100000| Untracked 
|  24|0x0000000085200000, 0x0000000085200000, 0x0000000085300000|  0%| F|  |TAMS 0x0000000085200000, 0x0000000085200000| Untracked 
|  25|0x0000000085300000, 0x0000000085300000, 0x0000000085400000|  0%| F|  |TAMS 0x0000000085300000, 0x0000000085300000| Untracked 
|  26|0x0000000085400000, 0x0000000085400000, 0x0000000085500000|  0%| F|  |TAMS 0x0000000085400000, 0x0000000085400000| Untracked 
|  27|0x0000000085500000, 0x0000000085500000, 0x0000000085600000|  0%| F|  |TAMS 0x0000000085500000, 0x0000000085500000| Untracked 
|  28|0x0000000085600000, 0x0000000085600000, 0x0000000085700000|  0%| F|  |TAMS 0x0000000085600000, 0x0000000085600000| Untracked 
|  29|0x0000000085700000, 0x0000000085700000, 0x0000000085800000|  0%| F|  |TAMS 0x0000000085700000, 0x0000000085700000| Untracked 
|  30|0x0000000085800000, 0x0000000085800000, 0x0000000085900000|  0%| F|  |TAMS 0x0000000085800000, 0x0000000085800000| Untracked 
|  31|0x0000000085900000, 0x0000000085900000, 0x0000000085a00000|  0%| F|  |TAMS 0x0000000085900000, 0x0000000085900000| Untracked 
|  32|0x0000000085a00000, 0x0000000085a00000, 0x0000000085b00000|  0%| F|  |TAMS 0x0000000085a00000, 0x0000000085a00000| Untracked 
|  33|0x0000000085b00000, 0x0000000085b00000, 0x0000000085c00000|  0%| F|  |TAMS 0x0000000085b00000, 0x0000000085b00000| Untracked 
|  34|0x0000000085c00000, 0x0000000085c00000, 0x0000000085d00000|  0%| F|  |TAMS 0x0000000085c00000, 0x0000000085c00000| Untracked 
|  35|0x0000000085d00000, 0x0000000085d00000, 0x0000000085e00000|  0%| F|  |TAMS 0x0000000085d00000, 0x0000000085d00000| Untracked 
|  36|0x0000000085e00000, 0x0000000085e00000, 0x0000000085f00000|  0%| F|  |TAMS 0x0000000085e00000, 0x0000000085e00000| Untracked 
|  37|0x0000000085f00000, 0x0000000085f00000, 0x0000000086000000|  0%| F|  |TAMS 0x0000000085f00000, 0x0000000085f00000| Untracked 
|  38|0x0000000086000000, 0x0000000086000000, 0x0000000086100000|  0%| F|  |TAMS 0x0000000086000000, 0x0000000086000000| Untracked 
|  39|0x0000000086100000, 0x0000000086100000, 0x0000000086200000|  0%| F|  |TAMS 0x0000000086100000, 0x0000000086100000| Untracked 
|  40|0x0000000086200000, 0x0000000086200000, 0x0000000086300000|  0%| F|  |TAMS 0x0000000086200000, 0x0000000086200000| Untracked 
|  41|0x0000000086300000, 0x0000000086300000, 0x0000000086400000|  0%| F|  |TAMS 0x0000000086300000, 0x0000000086300000| Untracked 
|  42|0x0000000086400000, 0x0000000086400000, 0x0000000086500000|  0%| F|  |TAMS 0x0000000086400000, 0x0000000086400000| Untracked 
|  43|0x0000000086500000, 0x0000000086500000, 0x0000000086600000|  0%| F|  |TAMS 0x0000000086500000, 0x0000000086500000| Untracked 
|  44|0x0000000086600000, 0x0000000086600000, 0x0000000086700000|  0%| F|  |TAMS 0x0000000086600000, 0x0000000086600000| Untracked 
|  45|0x0000000086700000, 0x0000000086700000, 0x0000000086800000|  0%| F|  |TAMS 0x0000000086700000, 0x0000000086700000| Untracked 
|  46|0x0000000086800000, 0x0000000086800000, 0x0000000086900000|  0%| F|  |TAMS 0x0000000086800000, 0x0000000086800000| Untracked 
|  47|0x0000000086900000, 0x0000000086900000, 0x0000000086a00000|  0%| F|  |TAMS 0x0000000086900000, 0x0000000086900000| Untracked 
|  48|0x0000000086a00000, 0x0000000086a00000, 0x0000000086b00000|  0%| F|  |TAMS 0x0000000086a00000, 0x0000000086a00000| Untracked 
|  49|0x0000000086b00000, 0x0000000086b00000, 0x0000000086c00000|  0%| F|  |TAMS 0x0000000086b00000, 0x0000000086b00000| Untracked 
|  50|0x0000000086c00000, 0x0000000086c00000, 0x0000000086d00000|  0%| F|  |TAMS 0x0000000086c00000, 0x0000000086c00000| Untracked 
|  51|0x0000000086d00000, 0x0000000086d00000, 0x0000000086e00000|  0%| F|  |TAMS 0x0000000086d00000, 0x0000000086d00000| Untracked 
|  52|0x0000000086e00000, 0x0000000086e00000, 0x0000000086f00000|  0%| F|  |TAMS 0x0000000086e00000, 0x0000000086e00000| Untracked 
|  53|0x0000000086f00000, 0x0000000086f00000, 0x0000000087000000|  0%| F|  |TAMS 0x0000000086f00000, 0x0000000086f00000| Untracked 
|  54|0x0000000087000000, 0x0000000087000000, 0x0000000087100000|  0%| F|  |TAMS 0x0000000087000000, 0x0000000087000000| Untracked 
|  55|0x0000000087100000, 0x0000000087100000, 0x0000000087200000|  0%| F|  |TAMS 0x0000000087100000, 0x0000000087100000| Untracked 
|  56|0x0000000087200000, 0x0000000087200000, 0x0000000087300000|  0%| F|  |TAMS 0x0000000087200000, 0x0000000087200000| Untracked 
|  57|0x0000000087300000, 0x0000000087300000, 0x0000000087400000|  0%| F|  |TAMS 0x0000000087300000, 0x0000000087300000| Untracked 
|  58|0x0000000087400000, 0x0000000087400000, 0x0000000087500000|  0%| F|  |TAMS 0x0000000087400000, 0x0000000087400000| Untracked 
|  59|0x0000000087500000, 0x0000000087500000, 0x0000000087600000|  0%| F|  |TAMS 0x0000000087500000, 0x0000000087500000| Untracked 
|  60|0x0000000087600000, 0x0000000087600000, 0x0000000087700000|  0%| F|  |TAMS 0x0000000087600000, 0x0000000087600000| Untracked 
|  61|0x0000000087700000, 0x0000000087700000, 0x0000000087800000|  0%| F|  |TAMS 0x0000000087700000, 0x0000000087700000| Untracked 
|  62|0x0000000087800000, 0x0000000087800000, 0x0000000087900000|  0%| F|  |TAMS 0x0000000087800000, 0x0000000087800000| Untracked 
|  63|0x0000000087900000, 0x0000000087900000, 0x0000000087a00000|  0%| F|  |TAMS 0x0000000087900000, 0x0000000087900000| Untracked 
|  64|0x0000000087a00000, 0x0000000087a00000, 0x0000000087b00000|  0%| F|  |TAMS 0x0000000087a00000, 0x0000000087a00000| Untracked 
|  65|0x0000000087b00000, 0x0000000087b00000, 0x0000000087c00000|  0%| F|  |TAMS 0x0000000087b00000, 0x0000000087b00000| Untracked 
|  66|0x0000000087c00000, 0x0000000087c00000, 0x0000000087d00000|  0%| F|  |TAMS 0x0000000087c00000, 0x0000000087c00000| Untracked 
|  67|0x0000000087d00000, 0x0000000087d00000, 0x0000000087e00000|  0%| F|  |TAMS 0x0000000087d00000, 0x0000000087d00000| Untracked 
|  68|0x0000000087e00000, 0x0000000087e00000, 0x0000000087f00000|  0%| F|  |TAMS 0x0000000087e00000, 0x0000000087e00000| Untracked 
|  69|0x0000000087f00000, 0x0000000087f00000, 0x0000000088000000|  0%| F|  |TAMS 0x0000000087f00000, 0x0000000087f00000| Untracked 
|  70|0x0000000088000000, 0x0000000088000000, 0x0000000088100000|  0%| F|  |TAMS 0x0000000088000000, 0x0000000088000000| Untracked 
|  71|0x0000000088100000, 0x0000000088100000, 0x0000000088200000|  0%| F|  |TAMS 0x0000000088100000, 0x0000000088100000| Untracked 
|  72|0x0000000088200000, 0x0000000088200000, 0x0000000088300000|  0%| F|  |TAMS 0x0000000088200000, 0x0000000088200000| Untracked 
|  73|0x0000000088300000, 0x0000000088300000, 0x0000000088400000|  0%| F|  |TAMS 0x0000000088300000, 0x0000000088300000| Untracked 
|  74|0x0000000088400000, 0x0000000088400000, 0x0000000088500000|  0%| F|  |TAMS 0x0000000088400000, 0x0000000088400000| Untracked 
|  75|0x0000000088500000, 0x0000000088500000, 0x0000000088600000|  0%| F|  |TAMS 0x0000000088500000, 0x0000000088500000| Untracked 
|  76|0x0000000088600000, 0x0000000088600000, 0x0000000088700000|  0%| F|  |TAMS 0x0000000088600000, 0x0000000088600000| Untracked 
|  77|0x0000000088700000, 0x0000000088700000, 0x0000000088800000|  0%| F|  |TAMS 0x0000000088700000, 0x0000000088700000| Untracked 
|  78|0x0000000088800000, 0x0000000088800000, 0x0000000088900000|  0%| F|  |TAMS 0x0000000088800000, 0x0000000088800000| Untracked 
|  79|0x0000000088900000, 0x0000000088900000, 0x0000000088a00000|  0%| F|  |TAMS 0x0000000088900000, 0x0000000088900000| Untracked 
|  80|0x0000000088a00000, 0x0000000088a00000, 0x0000000088b00000|  0%| F|  |TAMS 0x0000000088a00000, 0x0000000088a00000| Untracked 
|  81|0x0000000088b00000, 0x0000000088b00000, 0x0000000088c00000|  0%| F|  |TAMS 0x0000000088b00000, 0x0000000088b00000| Untracked 
|  82|0x0000000088c00000, 0x0000000088c00000, 0x0000000088d00000|  0%| F|  |TAMS 0x0000000088c00000, 0x0000000088c00000| Untracked 
|  83|0x0000000088d00000, 0x0000000088d00000, 0x0000000088e00000|  0%| F|  |TAMS 0x0000000088d00000, 0x0000000088d00000| Untracked 
|  84|0x0000000088e00000, 0x0000000088e00000, 0x0000000088f00000|  0%| F|  |TAMS 0x0000000088e00000, 0x0000000088e00000| Untracked 
|  85|0x0000000088f00000, 0x0000000088f00000, 0x0000000089000000|  0%| F|  |TAMS 0x0000000088f00000, 0x0000000088f00000| Untracked 
|  86|0x0000000089000000, 0x0000000089000000, 0x0000000089100000|  0%| F|  |TAMS 0x0000000089000000, 0x0000000089000000| Untracked 
|  87|0x0000000089100000, 0x0000000089100000, 0x0000000089200000|  0%| F|  |TAMS 0x0000000089100000, 0x0000000089100000| Untracked 
|  88|0x0000000089200000, 0x0000000089200000, 0x0000000089300000|  0%| F|  |TAMS 0x0000000089200000, 0x0000000089200000| Untracked 
|  89|0x0000000089300000, 0x0000000089300000, 0x0000000089400000|  0%| F|  |TAMS 0x0000000089300000, 0x0000000089300000| Untracked 
|  90|0x0000000089400000, 0x0000000089400000, 0x0000000089500000|  0%| F|  |TAMS 0x0000000089400000, 0x0000000089400000| Untracked 
|  91|0x0000000089500000, 0x0000000089500000, 0x0000000089600000|  0%| F|  |TAMS 0x0000000089500000, 0x0000000089500000| Untracked 
|  92|0x0000000089600000, 0x0000000089600000, 0x0000000089700000|  0%| F|  |TAMS 0x0000000089600000, 0x0000000089600000| Untracked 
|  93|0x0000000089700000, 0x0000000089700000, 0x0000000089800000|  0%| F|  |TAMS 0x0000000089700000, 0x0000000089700000| Untracked 
|  94|0x0000000089800000, 0x0000000089800000, 0x0000000089900000|  0%| F|  |TAMS 0x0000000089800000, 0x0000000089800000| Untracked 
|  95|0x0000000089900000, 0x0000000089900000, 0x0000000089a00000|  0%| F|  |TAMS 0x0000000089900000, 0x0000000089900000| Untracked 
|  96|0x0000000089a00000, 0x0000000089a00000, 0x0000000089b00000|  0%| F|  |TAMS 0x0000000089a00000, 0x0000000089a00000| Untracked 
|  97|0x0000000089b00000, 0x0000000089b00000, 0x0000000089c00000|  0%| F|  |TAMS 0x0000000089b00000, 0x0000000089b00000| Untracked 
|  98|0x0000000089c00000, 0x0000000089c00000, 0x0000000089d00000|  0%| F|  |TAMS 0x0000000089c00000, 0x0000000089c00000| Untracked 
|  99|0x0000000089d00000, 0x0000000089d51c80, 0x0000000089e00000| 31%| S|CS|TAMS 0x0000000089d00000, 0x0000000089d00000| Complete 
| 100|0x0000000089e00000, 0x0000000089f00000, 0x0000000089f00000|100%| S|CS|TAMS 0x0000000089e00000, 0x0000000089e00000| Complete 
| 101|0x0000000089f00000, 0x000000008a000000, 0x000000008a000000|100%| S|CS|TAMS 0x0000000089f00000, 0x0000000089f00000| Complete 
| 102|0x000000008a000000, 0x000000008a100000, 0x000000008a100000|100%| S|CS|TAMS 0x000000008a000000, 0x000000008a000000| Complete 
| 103|0x000000008a100000, 0x000000008a100000, 0x000000008a200000|  0%| F|  |TAMS 0x000000008a100000, 0x000000008a100000| Untracked 
| 104|0x000000008a200000, 0x000000008a200000, 0x000000008a300000|  0%| F|  |TAMS 0x000000008a200000, 0x000000008a200000| Untracked 
| 105|0x000000008a300000, 0x000000008a300000, 0x000000008a400000|  0%| F|  |TAMS 0x000000008a300000, 0x000000008a300000| Untracked 
| 106|0x000000008a400000, 0x000000008a400000, 0x000000008a500000|  0%| F|  |TAMS 0x000000008a400000, 0x000000008a400000| Untracked 
| 107|0x000000008a500000, 0x000000008a500000, 0x000000008a600000|  0%| F|  |TAMS 0x000000008a500000, 0x000000008a500000| Untracked 
| 108|0x000000008a600000, 0x000000008a600000, 0x000000008a700000|  0%| F|  |TAMS 0x000000008a600000, 0x000000008a600000| Untracked 
| 109|0x000000008a700000, 0x000000008a700000, 0x000000008a800000|  0%| F|  |TAMS 0x000000008a700000, 0x000000008a700000| Untracked 
| 110|0x000000008a800000, 0x000000008a800000, 0x000000008a900000|  0%| F|  |TAMS 0x000000008a800000, 0x000000008a800000| Untracked 
| 111|0x000000008a900000, 0x000000008a900000, 0x000000008aa00000|  0%| F|  |TAMS 0x000000008a900000, 0x000000008a900000| Untracked 
| 112|0x000000008aa00000, 0x000000008aa00000, 0x000000008ab00000|  0%| F|  |TAMS 0x000000008aa00000, 0x000000008aa00000| Untracked 
| 113|0x000000008ab00000, 0x000000008ab00000, 0x000000008ac00000|  0%| F|  |TAMS 0x000000008ab00000, 0x000000008ab00000| Untracked 
| 114|0x000000008ac00000, 0x000000008ac00000, 0x000000008ad00000|  0%| F|  |TAMS 0x000000008ac00000, 0x000000008ac00000| Untracked 
| 115|0x000000008ad00000, 0x000000008ad00000, 0x000000008ae00000|  0%| F|  |TAMS 0x000000008ad00000, 0x000000008ad00000| Untracked 
| 116|0x000000008ae00000, 0x000000008ae00000, 0x000000008af00000|  0%| F|  |TAMS 0x000000008ae00000, 0x000000008ae00000| Untracked 
| 117|0x000000008af00000, 0x000000008af00000, 0x000000008b000000|  0%| F|  |TAMS 0x000000008af00000, 0x000000008af00000| Untracked 
| 118|0x000000008b000000, 0x000000008b000000, 0x000000008b100000|  0%| F|  |TAMS 0x000000008b000000, 0x000000008b000000| Untracked 
| 119|0x000000008b100000, 0x000000008b100000, 0x000000008b200000|  0%| F|  |TAMS 0x000000008b100000, 0x000000008b100000| Untracked 
| 120|0x000000008b200000, 0x000000008b200000, 0x000000008b300000|  0%| F|  |TAMS 0x000000008b200000, 0x000000008b200000| Untracked 
| 121|0x000000008b300000, 0x000000008b300000, 0x000000008b400000|  0%| F|  |TAMS 0x000000008b300000, 0x000000008b300000| Untracked 
| 122|0x000000008b400000, 0x000000008b400000, 0x000000008b500000|  0%| F|  |TAMS 0x000000008b400000, 0x000000008b400000| Untracked 
| 123|0x000000008b500000, 0x000000008b500000, 0x000000008b600000|  0%| F|  |TAMS 0x000000008b500000, 0x000000008b500000| Untracked 
| 124|0x000000008b600000, 0x000000008b600000, 0x000000008b700000|  0%| F|  |TAMS 0x000000008b600000, 0x000000008b600000| Untracked 
| 125|0x000000008b700000, 0x000000008b700000, 0x000000008b800000|  0%| F|  |TAMS 0x000000008b700000, 0x000000008b700000| Untracked 

Card table byte_map: [0x000002789e360000,0x000002789e750000] _byte_map_base: 0x000002789df43000

Marking Bits (Prev, Next): (CMBitMap*) 0x000002788724ef90, (CMBitMap*) 0x000002788724efd0
 Prev Bits: [0x000002789eb40000, 0x00000278a0a58000)
 Next Bits: [0x00000278a0a60000, 0x00000278a2978000)

Polling page: 0x0000027885130000

Metaspace:

Usage:
  Non-class:     18.18 MB used.
      Class:      2.59 MB used.
       Both:     20.77 MB used.

Virtual space:
  Non-class space:       24.00 MB reserved,      18.31 MB ( 76%) committed,  3 nodes.
      Class space:        1.00 GB reserved,       2.69 MB ( <1%) committed,  1 nodes.
             Both:        1.02 GB reserved,      21.00 MB (  2%) committed. 

Chunk freelists:
   Non-Class:  1.12 MB
       Class:  1.33 MB
        Both:  2.45 MB

MaxMetaspaceSize: unlimited
CompressedClassSpaceSize: 1.00 GB
Initial GC threshold: 21.00 MB
Current GC threshold: 21.00 MB
CDS: on
MetaspaceReclaimPolicy: balanced
 - commit_granule_bytes: 65536.
 - commit_granule_words: 8192.
 - virtual_space_node_default_size: 1048576.
 - enlarge_chunks_in_place: 1.
 - new_chunks_are_fully_committed: 0.
 - uncommit_free_chunks: 1.
 - use_allocation_guard: 0.
 - handle_deallocations: 1.


Internal statistics:

num_allocs_failed_limit: 3.
num_arena_births: 296.
num_arena_deaths: 0.
num_vsnodes_births: 4.
num_vsnodes_deaths: 0.
num_space_committed: 336.
num_space_uncommitted: 0.
num_chunks_returned_to_freelist: 3.
num_chunks_taken_from_freelist: 1057.
num_chunk_merges: 3.
num_chunk_splits: 714.
num_chunks_enlarged: 537.
num_purges: 0.
num_inconsistent_stats: 0.

CodeHeap 'non-profiled nmethods': size=120000Kb used=1352Kb max_used=1352Kb free=118647Kb
 bounds [0x00000278964d0000, 0x0000027896740000, 0x000002789da00000]
CodeHeap 'profiled nmethods': size=120000Kb used=6599Kb max_used=6599Kb free=113400Kb
 bounds [0x000002788efa0000, 0x000002788f620000, 0x00000278964d0000]
CodeHeap 'non-nmethods': size=5760Kb used=1219Kb max_used=1273Kb free=4540Kb
 bounds [0x000002788ea00000, 0x000002788ec70000, 0x000002788efa0000]
 total_blobs=3621 nmethods=3114 adapters=419
 compilation: enabled
              stopped_count=0, restarted_count=0
 full_count=0

Compilation events (20 events):
Event: 1.970 Thread 0x00000278a55ee9f0 3117       1       org.springframework.beans.factory.support.AbstractBeanDefinition::getDependsOn (5 bytes)
Event: 1.970 Thread 0x00000278a55ee9f0 nmethod 3117 0x0000027896620410 code [0x00000278966205a0, 0x0000027896620678]
Event: 1.970 Thread 0x00000278a55ee9f0 3118       1       org.springframework.beans.factory.support.AbstractBeanDefinition::setInstanceSupplier (6 bytes)
Event: 1.970 Thread 0x00000278a55ee9f0 nmethod 3118 0x0000027896620710 code [0x00000278966208a0, 0x00000278966209b8]
Event: 1.970 Thread 0x00000278a55ee9f0 3119       1       org.springframework.beans.factory.support.AbstractBeanDefinition::getInitMethodNames (5 bytes)
Event: 1.970 Thread 0x00000278a55ee9f0 nmethod 3119 0x0000027896620a10 code [0x0000027896620ba0, 0x0000027896620c78]
Event: 1.970 Thread 0x00000278a55ee9f0 3120       1       org.springframework.beans.factory.support.AbstractBeanDefinition::setSynthetic (6 bytes)
Event: 1.970 Thread 0x00000278a55ee9f0 nmethod 3120 0x0000027896620d10 code [0x0000027896620ea0, 0x0000027896620f78]
Event: 1.970 Thread 0x00000278a55ee9f0 3122       1       org.springframework.beans.factory.annotation.AnnotatedGenericBeanDefinition::getMetadata (5 bytes)
Event: 1.970 Thread 0x00000278a55ee9f0 nmethod 3122 0x0000027896621010 code [0x00000278966211a0, 0x0000027896621278]
Event: 1.970 Thread 0x00000278a55ee9f0 3121       1       org.springframework.beans.factory.support.AbstractBeanFactory::isCacheBeanMetadata (5 bytes)
Event: 1.970 Thread 0x00000278a55ee9f0 nmethod 3121 0x0000027896621310 code [0x00000278966214a0, 0x0000027896621578]
Event: 1.971 Thread 0x00000278a55ee9f0 3123       3       java.util.concurrent.CopyOnWriteArraySet::<init> (16 bytes)
Event: 1.971 Thread 0x00000278a67baf90 nmethod 3110 0x0000027896621610 code [0x00000278966217c0, 0x0000027896621a48]
Event: 1.971 Thread 0x00000278a55ee9f0 nmethod 3123 0x000002788f611510 code [0x000002788f6116e0, 0x000002788f611cb8]
Event: 1.971 Thread 0x00000278a55ee9f0 3124       1       org.springframework.beans.factory.support.AbstractBeanDefinition::isNonPublicAccessAllowed (5 bytes)
Event: 1.971 Thread 0x00000278a55ee9f0 nmethod 3124 0x0000027896621c10 code [0x0000027896621da0, 0x0000027896621e78]
Event: 1.971 Thread 0x00000278a67baf90 3125       4       java.lang.StringConcatHelper::prepend (22 bytes)
Event: 1.971 Thread 0x00000278a55ee9f0 3126       1       org.springframework.beans.factory.support.AbstractBeanDefinition::setPrimary (6 bytes)
Event: 1.971 Thread 0x00000278a55ee9f0 nmethod 3126 0x0000027896621f10 code [0x00000278966220a0, 0x0000027896622178]

GC Heap History (13 events):
Event: 0.675 GC heap before
{Heap before GC invocations=0 (full 0):
 garbage-first heap   total 129024K, used 24576K [0x0000000083a00000, 0x0000000100000000)
  region size 1024K, 23 young (23552K), 0 survivors (0K)
 Metaspace       used 4352K, committed 4544K, reserved 1056768K
  class space    used 488K, committed 576K, reserved 1048576K
}
Event: 0.681 GC heap after
{Heap after GC invocations=1 (full 0):
 garbage-first heap   total 129024K, used 7648K [0x0000000083a00000, 0x0000000100000000)
  region size 1024K, 3 young (3072K), 3 survivors (3072K)
 Metaspace       used 4352K, committed 4544K, reserved 1056768K
  class space    used 488K, committed 576K, reserved 1048576K
}
Event: 0.691 GC heap before
{Heap before GC invocations=1 (full 0):
 garbage-first heap   total 129024K, used 36320K [0x0000000083a00000, 0x0000000100000000)
  region size 1024K, 32 young (32768K), 3 survivors (3072K)
 Metaspace       used 4352K, committed 4544K, reserved 1056768K
  class space    used 488K, committed 576K, reserved 1048576K
}
Event: 0.693 GC heap after
{Heap after GC invocations=2 (full 0):
 garbage-first heap   total 129024K, used 7991K [0x0000000083a00000, 0x0000000100000000)
  region size 1024K, 1 young (1024K), 1 survivors (1024K)
 Metaspace       used 4352K, committed 4544K, reserved 1056768K
  class space    used 488K, committed 576K, reserved 1048576K
}
Event: 0.723 GC heap before
{Heap before GC invocations=2 (full 0):
 garbage-first heap   total 129024K, used 82743K [0x0000000083a00000, 0x0000000100000000)
  region size 1024K, 75 young (76800K), 1 survivors (1024K)
 Metaspace       used 4352K, committed 4544K, reserved 1056768K
  class space    used 488K, committed 576K, reserved 1048576K
}
Event: 0.724 GC heap after
{Heap after GC invocations=3 (full 0):
 garbage-first heap   total 129024K, used 8044K [0x0000000083a00000, 0x0000000100000000)
  region size 1024K, 1 young (1024K), 1 survivors (1024K)
 Metaspace       used 4352K, committed 4544K, reserved 1056768K
  class space    used 488K, committed 576K, reserved 1048576K
}
Event: 1.430 GC heap before
{Heap before GC invocations=3 (full 0):
 garbage-first heap   total 129024K, used 82796K [0x0000000083a00000, 0x0000000100000000)
  region size 1024K, 75 young (76800K), 1 survivors (1024K)
 Metaspace       used 16976K, committed 17280K, reserved 1064960K
  class space    used 2140K, committed 2304K, reserved 1048576K
}
Event: 1.435 GC heap after
{Heap after GC invocations=4 (full 0):
 garbage-first heap   total 129024K, used 12185K [0x0000000083a00000, 0x0000000100000000)
  region size 1024K, 5 young (5120K), 5 survivors (5120K)
 Metaspace       used 16976K, committed 17280K, reserved 1064960K
  class space    used 2140K, committed 2304K, reserved 1048576K
}
Event: 1.527 GC heap before
{Heap before GC invocations=4 (full 0):
 garbage-first heap   total 129024K, used 82841K [0x0000000083a00000, 0x0000000100000000)
  region size 1024K, 75 young (76800K), 5 survivors (5120K)
 Metaspace       used 17799K, committed 18048K, reserved 1073152K
  class space    used 2241K, committed 2368K, reserved 1048576K
}
Event: 1.531 GC heap after
{Heap after GC invocations=5 (full 0):
 garbage-first heap   total 129024K, used 13553K [0x0000000083a00000, 0x0000000100000000)
  region size 1024K, 6 young (6144K), 6 survivors (6144K)
 Metaspace       used 17799K, committed 18048K, reserved 1073152K
  class space    used 2241K, committed 2368K, reserved 1048576K
}
Event: 1.678 GC heap before
{Heap before GC invocations=5 (full 0):
 garbage-first heap   total 129024K, used 83185K [0x0000000083a00000, 0x0000000100000000)
  region size 1024K, 75 young (76800K), 6 survivors (6144K)
 Metaspace       used 18885K, committed 19200K, reserved 1073152K
  class space    used 2359K, committed 2496K, reserved 1048576K
}
Event: 1.683 GC heap after
{Heap after GC invocations=6 (full 0):
 garbage-first heap   total 129024K, used 14518K [0x0000000083a00000, 0x0000000100000000)
  region size 1024K, 3 young (3072K), 3 survivors (3072K)
 Metaspace       used 18885K, committed 19200K, reserved 1073152K
  class space    used 2359K, committed 2496K, reserved 1048576K
}
Event: 1.971 GC heap before
{Heap before GC invocations=6 (full 0):
 garbage-first heap   total 129024K, used 37046K [0x0000000083a00000, 0x0000000100000000)
  region size 1024K, 26 young (26624K), 3 survivors (3072K)
 Metaspace       used 21268K, committed 21504K, reserved 1073152K
  class space    used 2647K, committed 2752K, reserved 1048576K
}

Deoptimization events (20 events):
Event: 1.864 Thread 0x00000278a6b674b0 Uncommon trap: trap_request=0xffffffde fr.pc=0x00000278964dc1a4 relative=0x00000000000001a4
Event: 1.864 Thread 0x00000278a6b674b0 Uncommon trap: reason=class_check action=maybe_recompile pc=0x00000278964dc1a4 method=java.lang.String.equals(Ljava/lang/Object;)Z @ 8 c2
Event: 1.864 Thread 0x00000278a6b674b0 DEOPT PACKING pc=0x00000278964dc1a4 sp=0x000000ce5e5fe030
Event: 1.864 Thread 0x00000278a6b674b0 DEOPT UNPACKING pc=0x000002788ea55c23 sp=0x000000ce5e5fdfc8 mode 2
Event: 1.864 Thread 0x00000278a6b674b0 Uncommon trap: trap_request=0xffffffde fr.pc=0x00000278964dc1a4 relative=0x00000000000001a4
Event: 1.864 Thread 0x00000278a6b674b0 Uncommon trap: reason=class_check action=maybe_recompile pc=0x00000278964dc1a4 method=java.lang.String.equals(Ljava/lang/Object;)Z @ 8 c2
Event: 1.864 Thread 0x00000278a6b674b0 DEOPT PACKING pc=0x00000278964dc1a4 sp=0x000000ce5e5fe030
Event: 1.864 Thread 0x00000278a6b674b0 DEOPT UNPACKING pc=0x000002788ea55c23 sp=0x000000ce5e5fdfc8 mode 2
Event: 1.864 Thread 0x00000278a6b674b0 Uncommon trap: trap_request=0xffffffde fr.pc=0x00000278965fc67c relative=0x000000000000043c
Event: 1.864 Thread 0x00000278a6b674b0 Uncommon trap: reason=class_check action=maybe_recompile pc=0x00000278965fc67c method=java.lang.String.equals(Ljava/lang/Object;)Z @ 8 c2
Event: 1.864 Thread 0x00000278a6b674b0 DEOPT PACKING pc=0x00000278965fc67c sp=0x000000ce5e5fdd90
Event: 1.864 Thread 0x00000278a6b674b0 DEOPT UNPACKING pc=0x000002788ea55c23 sp=0x000000ce5e5fdc58 mode 2
Event: 1.864 Thread 0x00000278a6b674b0 Uncommon trap: trap_request=0xffffffde fr.pc=0x00000278964dc1a4 relative=0x00000000000001a4
Event: 1.864 Thread 0x00000278a6b674b0 Uncommon trap: reason=class_check action=maybe_recompile pc=0x00000278964dc1a4 method=java.lang.String.equals(Ljava/lang/Object;)Z @ 8 c2
Event: 1.864 Thread 0x00000278a6b674b0 DEOPT PACKING pc=0x00000278964dc1a4 sp=0x000000ce5e5fdcc0
Event: 1.864 Thread 0x00000278a6b674b0 DEOPT UNPACKING pc=0x000002788ea55c23 sp=0x000000ce5e5fdc58 mode 2
Event: 1.946 Thread 0x00000278a6b674b0 Uncommon trap: trap_request=0xffffff45 fr.pc=0x00000278965b1114 relative=0x0000000000005514
Event: 1.946 Thread 0x00000278a6b674b0 Uncommon trap: reason=unstable_if action=reinterpret pc=0x00000278965b1114 method=jdk.internal.org.objectweb.asm.SymbolTable.addType(Ljava/lang/String;)I @ 33 c2
Event: 1.946 Thread 0x00000278a6b674b0 DEOPT PACKING pc=0x00000278965b1114 sp=0x000000ce5e5fc870
Event: 1.946 Thread 0x00000278a6b674b0 DEOPT UNPACKING pc=0x000002788ea55c23 sp=0x000000ce5e5fc798 mode 2

Classes unloaded (0 events):
No events

Classes redefined (0 events):
No events

Internal exceptions (20 events):
Event: 1.055 Thread 0x00000278a6b674b0 Exception <a 'java/lang/NoSuchMethodError'{0x0000000089237f08}: 'void java.lang.invoke.DirectMethodHandle$Holder.invokeInterface(java.lang.Object, java.lang.Object, java.lang.Object)'> (0x0000000089237f08) 
thrown [t:\workspace\open\src\hotspot\share\interpreter\linkResolver.cpp, line 766]
Event: 1.071 Thread 0x00000278a6b674b0 Exception <a 'java/lang/NoSuchMethodError'{0x00000000892edd98}: 'void java.lang.invoke.DirectMethodHandle$Holder.invokeStaticInit(java.lang.Object, java.lang.Object, java.lang.Object)'> (0x00000000892edd98) 
thrown [t:\workspace\open\src\hotspot\share\interpreter\linkResolver.cpp, line 766]
Event: 1.075 Thread 0x00000278a6b674b0 Exception <a 'java/lang/NoSuchMethodError'{0x000000008913a6f8}: 'java.lang.Object java.lang.invoke.DirectMethodHandle$Holder.invokeVirtual(java.lang.Object, java.lang.Object, java.lang.Object)'> (0x000000008913a6f8) 
thrown [t:\workspace\open\src\hotspot\share\interpreter\linkResolver.cpp, line 766]
Event: 1.088 Thread 0x00000278a6b674b0 Exception <a 'java/lang/NoSuchMethodError'{0x00000000891d0148}: 'void java.lang.invoke.DirectMethodHandle$Holder.invokeVirtual(java.lang.Object, java.lang.Object, java.lang.Object, java.lang.Object)'> (0x00000000891d0148) 
thrown [t:\workspace\open\src\hotspot\share\interpreter\linkResolver.cpp, line 766]
Event: 1.101 Thread 0x00000278a6b674b0 Exception <a 'java/lang/NoSuchMethodError'{0x0000000089084eb8}: 'java.lang.Object java.lang.invoke.DirectMethodHandle$Holder.invokeSpecial(java.lang.Object, java.lang.Object, long, java.lang.Object, java.lang.Object, java.lang.Object, java.lang.Object, java.lang.Object, java.lang.Object)'> (0x0000000089084eb8) 
thrown [t:\workspace\open\src\hotspot\share\interpreter\linkResolver.cpp, line 766]
Event: 1.101 Thread 0x00000278a6b674b0 Exception <a 'java/lang/NoSuchMethodError'{0x0000000089089738}: 'java.lang.Object java.lang.invoke.DelegatingMethodHandle$Holder.reinvoke_L(java.lang.Object, long, java.lang.Object, java.lang.Object, java.lang.Object, java.lang.Object, java.lang.Object, java.lang.Object)'> (0x0000000089089738) 
thrown [t:\workspace\open\src\hotspot\share\interpreter\linkResolver.cpp, line 766]
Event: 1.137 Thread 0x00000278a6b674b0 Exception <a 'java/lang/NoSuchMethodError'{0x0000000088e44cf0}: 'void java.lang.invoke.DirectMethodHandle$Holder.invokeSpecial(java.lang.Object, java.lang.Object, java.lang.Object)'> (0x0000000088e44cf0) 
thrown [t:\workspace\open\src\hotspot\share\interpreter\linkResolver.cpp, line 766]
Event: 1.156 Thread 0x00000278a6b674b0 Exception <a 'java/lang/NoSuchMethodError'{0x0000000088d658a8}: 'java.lang.Object java.lang.invoke.DirectMethodHandle$Holder.invokeStatic(java.lang.Object, java.lang.Object, int)'> (0x0000000088d658a8) 
thrown [t:\workspace\open\src\hotspot\share\interpreter\linkResolver.cpp, line 766]
Event: 1.157 Thread 0x00000278a6b674b0 Exception <a 'java/lang/NoSuchMethodError'{0x0000000088d712c0}: 'void java.lang.invoke.DelegatingMethodHandle$Holder.delegate(java.lang.Object, java.lang.Object, int, java.lang.Object)'> (0x0000000088d712c0) 
thrown [t:\workspace\open\src\hotspot\share\interpreter\linkResolver.cpp, line 766]
Event: 1.168 Thread 0x00000278a6b674b0 Exception <a 'java/lang/IncompatibleClassChangeError'{0x0000000088a0f4a0}: Found class java.lang.Object, but interface was expected> (0x0000000088a0f4a0) 
thrown [t:\workspace\open\src\hotspot\share\interpreter\linkResolver.cpp, line 833]
Event: 1.372 Thread 0x00000278a6b674b0 Exception <a 'sun/nio/fs/WindowsException'{0x00000000872a4130}> (0x00000000872a4130) 
thrown [t:\workspace\open\src\hotspot\share\prims\jni.cpp, line 516]
Event: 1.373 Thread 0x00000278a6b674b0 Exception <a 'java/lang/NoSuchMethodError'{0x00000000872a5958}: 'int java.lang.invoke.DirectMethodHandle$Holder.invokeSpecial(java.lang.Object, java.lang.Object, java.lang.Object, java.lang.Object, java.lang.Object)'> (0x00000000872a5958) 
thrown [t:\workspace\open\src\hotspot\share\interpreter\linkResolver.cpp, line 766]
Event: 1.375 Thread 0x00000278a6b674b0 Exception <a 'java/lang/NoSuchMethodError'{0x00000000872ae6e0}: 'void java.lang.invoke.DirectMethodHandle$Holder.invokeVirtual(java.lang.Object, java.lang.Object)'> (0x00000000872ae6e0) 
thrown [t:\workspace\open\src\hotspot\share\interpreter\linkResolver.cpp, line 766]
Event: 1.388 Thread 0x00000278a6cef380 Exception <a 'java/lang/NoSuchMethodError'{0x00000000871d2ef8}: 'long java.lang.invoke.DirectMethodHandle$Holder.invokeSpecial(java.lang.Object, java.lang.Object)'> (0x00000000871d2ef8) 
thrown [t:\workspace\open\src\hotspot\share\interpreter\linkResolver.cpp, line 766]
Event: 1.390 Thread 0x00000278a6cef380 Exception <a 'java/lang/NoSuchMethodError'{0x00000000871ddaa0}: 'long java.lang.invoke.DirectMethodHandle$Holder.invokeStatic(java.lang.Object, java.lang.Object)'> (0x00000000871ddaa0) 
thrown [t:\workspace\open\src\hotspot\share\interpreter\linkResolver.cpp, line 766]
Event: 1.390 Thread 0x00000278a6cef380 Exception <a 'java/lang/NoSuchMethodError'{0x00000000871e0df8}: 'long java.lang.invoke.DirectMethodHandle$Holder.invokeStaticInit(java.lang.Object, java.lang.Object)'> (0x00000000871e0df8) 
thrown [t:\workspace\open\src\hotspot\share\interpreter\linkResolver.cpp, line 766]
Event: 1.391 Thread 0x00000278a6cef380 Exception <a 'java/lang/NoSuchMethodError'{0x00000000871ee680}: 'long java.lang.invoke.DirectMethodHandle$Holder.invokeInterface(java.lang.Object, java.lang.Object)'> (0x00000000871ee680) 
thrown [t:\workspace\open\src\hotspot\share\interpreter\linkResolver.cpp, line 766]
Event: 1.391 Thread 0x00000278a6cef380 Exception <a 'java/lang/IncompatibleClassChangeError'{0x00000000871f1968}: Found class java.lang.Object, but interface was expected> (0x00000000871f1968) 
thrown [t:\workspace\open\src\hotspot\share\interpreter\linkResolver.cpp, line 833]
Event: 1.394 Thread 0x00000278a6cef380 Exception <a 'java/lang/NoSuchMethodError'{0x000000008708bce0}: 'java.lang.Object java.lang.invoke.DirectMethodHandle$Holder.invokeVirtual(java.lang.Object, java.lang.Object, java.lang.Object, java.lang.Object)'> (0x000000008708bce0) 
thrown [t:\workspace\open\src\hotspot\share\interpreter\linkResolver.cpp, line 766]
Event: 1.588 Thread 0x00000278a6b674b0 Exception <a 'java/lang/IncompatibleClassChangeError'{0x00000000879dc088}: Found class java.lang.Object, but interface was expected> (0x00000000879dc088) 
thrown [t:\workspace\open\src\hotspot\share\interpreter\linkResolver.cpp, line 833]

VM Operations (20 events):
Event: 1.320 Executing VM operation: HandshakeAllThreads done
Event: 1.359 Executing VM operation: HandshakeAllThreads
Event: 1.359 Executing VM operation: HandshakeAllThreads done
Event: 1.365 Executing VM operation: ICBufferFull
Event: 1.366 Executing VM operation: ICBufferFull done
Event: 1.424 Executing VM operation: HandshakeAllThreads
Event: 1.424 Executing VM operation: HandshakeAllThreads done
Event: 1.430 Executing VM operation: G1CollectForAllocation
Event: 1.436 Executing VM operation: G1CollectForAllocation done
Event: 1.527 Executing VM operation: G1CollectForAllocation
Event: 1.531 Executing VM operation: G1CollectForAllocation done
Event: 1.593 Executing VM operation: HandshakeAllThreads
Event: 1.593 Executing VM operation: HandshakeAllThreads done
Event: 1.678 Executing VM operation: G1CollectForAllocation
Event: 1.683 Executing VM operation: G1CollectForAllocation done
Event: 1.707 Executing VM operation: HandshakeAllThreads
Event: 1.707 Executing VM operation: HandshakeAllThreads done
Event: 1.882 Executing VM operation: ICBufferFull
Event: 1.882 Executing VM operation: ICBufferFull done
Event: 1.971 Executing VM operation: CollectForMetadataAllocation

Events (20 events):
Event: 1.458 loading class com/sun/security/sasl/Provider done
Event: 1.458 loading class com/sun/security/sasl/Provider$1
Event: 1.458 loading class com/sun/security/sasl/Provider$1 done
Event: 1.458 loading class com/sun/security/sasl/Provider$ProviderService
Event: 1.458 loading class com/sun/security/sasl/Provider$ProviderService done
Event: 1.459 Thread 0x00000278a6cef380 Thread exited: 0x00000278a6cef380
Event: 1.499 Thread 0x00000278a8f084f0 Thread added: 0x00000278a8f084f0
Event: 1.555 loading class javax/naming/ldap/LdapContext
Event: 1.555 loading class javax/naming/directory/DirContext
Event: 1.555 loading class javax/naming/directory/DirContext done
Event: 1.555 loading class javax/naming/ldap/LdapContext done
Event: 1.580 Thread 0x00000278a8f084f0 Thread exited: 0x00000278a8f084f0
Event: 1.706 loading class java/security/AccessControlException
Event: 1.706 loading class java/security/AccessControlException done
Event: 1.710 loading class java/beans/PropertyVetoException
Event: 1.710 loading class java/beans/PropertyVetoException done
Event: 1.965 loading class java/lang/UnsupportedClassVersionError
Event: 1.965 loading class java/lang/ClassFormatError
Event: 1.965 loading class java/lang/ClassFormatError done
Event: 1.965 loading class java/lang/UnsupportedClassVersionError done


Dynamic libraries:
0x00007ff63f6b0000 - 0x00007ff63f6c0000 	C:\Program Files\Java\jdk-17.0.1\bin\java.exe
0x00007ffcc38a0000 - 0x00007ffcc3b00000 	C:\WINDOWS\SYSTEM32\ntdll.dll
0x00007ffcc1a60000 - 0x00007ffcc1b27000 	C:\WINDOWS\System32\KERNEL32.DLL
0x00007ffcc1010000 - 0x00007ffcc13da000 	C:\WINDOWS\System32\KERNELBASE.dll
0x00007ffcc13e0000 - 0x00007ffcc152b000 	C:\WINDOWS\System32\ucrtbase.dll
0x00007ffca4b60000 - 0x00007ffca4b78000 	C:\Program Files\Java\jdk-17.0.1\bin\jli.dll
0x00007ffca4b40000 - 0x00007ffca4b5a000 	C:\Program Files\Java\jdk-17.0.1\bin\VCRUNTIME140.dll
0x00007ffcc3310000 - 0x00007ffcc33c2000 	C:\WINDOWS\System32\ADVAPI32.dll
0x00007ffcc3440000 - 0x00007ffcc34e9000 	C:\WINDOWS\System32\msvcrt.dll
0x00007ffcc2500000 - 0x00007ffcc25a6000 	C:\WINDOWS\System32\sechost.dll
0x00007ffcc31f0000 - 0x00007ffcc3306000 	C:\WINDOWS\System32\RPCRT4.dll
0x00007ffcc20e0000 - 0x00007ffcc22ac000 	C:\WINDOWS\System32\USER32.dll
0x00007ffcc0e10000 - 0x00007ffcc0e37000 	C:\WINDOWS\System32\win32u.dll
0x00007ffca6d30000 - 0x00007ffca6fc7000 	C:\WINDOWS\WinSxS\amd64_microsoft.windows.common-controls_6595b64144ccf1df_6.0.26100.3624_none_3e086962e3345f24\COMCTL32.dll
0x00007ffcc1a30000 - 0x00007ffcc1a5a000 	C:\WINDOWS\System32\GDI32.dll
0x00007ffcc0ed0000 - 0x00007ffcc1001000 	C:\WINDOWS\System32\gdi32full.dll
0x00007ffcc15f0000 - 0x00007ffcc1693000 	C:\WINDOWS\System32\msvcp_win.dll
0x00007ffcb7430000 - 0x00007ffcb743b000 	C:\WINDOWS\SYSTEM32\VERSION.dll
0x00007ffcc3700000 - 0x00007ffcc372f000 	C:\WINDOWS\System32\IMM32.DLL
0x00007ffca4b30000 - 0x00007ffca4b3c000 	C:\Program Files\Java\jdk-17.0.1\bin\vcruntime140_1.dll
0x00007ffca4aa0000 - 0x00007ffca4b2d000 	C:\Program Files\Java\jdk-17.0.1\bin\msvcp140.dll
0x00007ffc2f1a0000 - 0x00007ffc2fd5e000 	C:\Program Files\Java\jdk-17.0.1\bin\server\jvm.dll
0x00007ffcc3850000 - 0x00007ffcc3858000 	C:\WINDOWS\System32\PSAPI.DLL
0x00007ffca8a00000 - 0x00007ffca8a36000 	C:\WINDOWS\SYSTEM32\WINMM.dll
0x00007ffcaa450000 - 0x00007ffcaa45a000 	C:\WINDOWS\SYSTEM32\WSOCK32.dll
0x00007ffcc1fc0000 - 0x00007ffcc2034000 	C:\WINDOWS\System32\WS2_32.dll
0x00007ffcbf9b0000 - 0x00007ffcbf9ca000 	C:\WINDOWS\SYSTEM32\kernel.appcore.dll
0x00007ffca43f0000 - 0x00007ffca43fa000 	C:\Program Files\Java\jdk-17.0.1\bin\jimage.dll
0x00007ffcbe2a0000 - 0x00007ffcbe4e1000 	C:\WINDOWS\SYSTEM32\DBGHELP.DLL
0x00007ffcc16a0000 - 0x00007ffcc1a22000 	C:\WINDOWS\System32\combase.dll
0x00007ffcc3760000 - 0x00007ffcc3836000 	C:\WINDOWS\System32\OLEAUT32.dll
0x00007ffca1d10000 - 0x00007ffca1d49000 	C:\WINDOWS\SYSTEM32\dbgcore.DLL
0x00007ffcc0d70000 - 0x00007ffcc0e09000 	C:\WINDOWS\System32\bcryptPrimitives.dll
0x00007ffcbaf70000 - 0x00007ffcbaf7e000 	C:\Program Files\Java\jdk-17.0.1\bin\instrument.dll
0x00007ffca43c0000 - 0x00007ffca43e5000 	C:\Program Files\Java\jdk-17.0.1\bin\java.dll
0x00007ffc92690000 - 0x00007ffc92766000 	C:\Program Files\Java\jdk-17.0.1\bin\svml.dll
0x00007ffcc25b0000 - 0x00007ffcc2cd9000 	C:\WINDOWS\System32\SHELL32.dll
0x00007ffcc0c00000 - 0x00007ffcc0d68000 	C:\WINDOWS\System32\wintypes.dll
0x00007ffcbe780000 - 0x00007ffcbefd2000 	C:\WINDOWS\SYSTEM32\windows.storage.dll
0x00007ffcc2410000 - 0x00007ffcc24fd000 	C:\WINDOWS\System32\SHCORE.dll
0x00007ffcc33d0000 - 0x00007ffcc3434000 	C:\WINDOWS\System32\shlwapi.dll
0x00007ffcc0990000 - 0x00007ffcc09bf000 	C:\WINDOWS\SYSTEM32\profapi.dll
0x00007ffca4360000 - 0x00007ffca4378000 	C:\Program Files\Java\jdk-17.0.1\bin\zip.dll
0x00007ffca43a0000 - 0x00007ffca43b9000 	C:\Program Files\Java\jdk-17.0.1\bin\net.dll
0x00007ffcb7080000 - 0x00007ffcb719d000 	C:\WINDOWS\SYSTEM32\WINHTTP.dll
0x00007ffcbfed0000 - 0x00007ffcbff3a000 	C:\WINDOWS\system32\mswsock.dll
0x00007ffca4380000 - 0x00007ffca4395000 	C:\Program Files\Java\jdk-17.0.1\bin\nio.dll
0x00007ffcade60000 - 0x00007ffcade7a000 	C:\Program Files\JetBrains\IntelliJ IDEA Community Edition 2023.3.5\bin\breakgen64.dll
0x00007ffcbaf60000 - 0x00007ffcbaf69000 	C:\Program Files\Java\jdk-17.0.1\bin\management.dll
0x00007ffcbacd0000 - 0x00007ffcbacdb000 	C:\Program Files\Java\jdk-17.0.1\bin\management_ext.dll
0x00007ffcaf0e0000 - 0x00007ffcaf0ee000 	C:\Program Files\Java\jdk-17.0.1\bin\sunmscapi.dll
0x00007ffcc0a80000 - 0x00007ffcc0bf7000 	C:\WINDOWS\System32\CRYPT32.dll
0x00007ffcc0370000 - 0x00007ffcc03a0000 	C:\WINDOWS\SYSTEM32\ncrypt.dll
0x00007ffcc0320000 - 0x00007ffcc035f000 	C:\WINDOWS\SYSTEM32\NTASN1.dll

dbghelp: loaded successfully - version: 4.0.5 - missing functions: none
symbol engine: initialized successfully - sym options: 0x614 - pdb path: .;C:\Program Files\Java\jdk-17.0.1\bin;C:\WINDOWS\SYSTEM32;C:\WINDOWS\WinSxS\amd64_microsoft.windows.common-controls_6595b64144ccf1df_6.0.26100.3624_none_3e086962e3345f24;C:\Program Files\Java\jdk-17.0.1\bin\server;C:\Program Files\JetBrains\IntelliJ IDEA Community Edition 2023.3.5\bin

VM Arguments:
jvm_args: -javaagent:C:\Program Files\JetBrains\IntelliJ IDEA Community Edition 2023.3.5\lib\idea_rt.jar=52012:C:\Program Files\JetBrains\IntelliJ IDEA Community Edition 2023.3.5\bin -Dfile.encoding=UTF-8 
java_command: com.example.be.BeApplication
java_class_path (initial): D:\Project_ChuyenDeWeb\Project_ChuyenDeWeb\be\target\classes;C:\Users\Acer\.m2\repository\org\springframework\boot\spring-boot-starter-data-jpa\3.4.4\spring-boot-starter-data-jpa-3.4.4.jar;C:\Users\Acer\.m2\repository\org\springframework\boot\spring-boot-starter\3.4.4\spring-boot-starter-3.4.4.jar;C:\Users\Acer\.m2\repository\org\springframework\boot\spring-boot-starter-logging\3.4.4\spring-boot-starter-logging-3.4.4.jar;C:\Users\Acer\.m2\repository\ch\qos\logback\logback-classic\1.5.18\logback-classic-1.5.18.jar;C:\Users\Acer\.m2\repository\ch\qos\logback\logback-core\1.5.18\logback-core-1.5.18.jar;C:\Users\Acer\.m2\repository\org\apache\logging\log4j\log4j-to-slf4j\2.24.3\log4j-to-slf4j-2.24.3.jar;C:\Users\Acer\.m2\repository\org\apache\logging\log4j\log4j-api\2.24.3\log4j-api-2.24.3.jar;C:\Users\Acer\.m2\repository\org\slf4j\jul-to-slf4j\2.0.17\jul-to-slf4j-2.0.17.jar;C:\Users\Acer\.m2\repository\jakarta\annotation\jakarta.annotation-api\2.1.1\jakarta.annotation-api-2.1.1.jar;C:\Users\Acer\.m2\repository\org\yaml\snakeyaml\2.3\snakeyaml-2.3.jar;C:\Users\Acer\.m2\repository\org\springframework\boot\spring-boot-starter-jdbc\3.4.4\spring-boot-starter-jdbc-3.4.4.jar;C:\Users\Acer\.m2\repository\com\zaxxer\HikariCP\5.1.0\HikariCP-5.1.0.jar;C:\Users\Acer\.m2\repository\org\springframework\spring-jdbc\6.2.5\spring-jdbc-6.2.5.jar;C:\Users\Acer\.m2\repository\org\hibernate\orm\hibernate-core\6.6.11.Final\hibernate-core-6.6.11.Final.jar;C:\Users\Acer\.m2\repository\jakarta\persistence\jakarta.persistence-api\3.1.0\jakarta.persistence-api-3.1.0.jar;C:\Users\Acer\.m2\repository\jakarta\transaction\jakarta.transaction-api\2.0.1\jakarta.transaction-api-2.0.1.jar;C:\Users\Acer\.m2\repository\org\jboss\logging\jboss-logging\3.6.1.Final\jboss-logging-3.6.1.Final.jar;C:\Users\Acer\.m2\repository\org\hibernate\common\hibernate-commons-annotations\7.0.3.Final\hibernate-commons-annotations-7.0.3.Final.jar;C:\Users\Acer\.m2\repository\io\smallrye\jandex\3.
Launcher Type: SUN_STANDARD

[Global flags]
     intx CICompilerCount                          = 4                                         {product} {ergonomic}
     uint ConcGCThreads                            = 3                                         {product} {ergonomic}
     uint G1ConcRefinementThreads                  = 10                                        {product} {ergonomic}
   size_t G1HeapRegionSize                         = 1048576                                   {product} {ergonomic}
    uintx GCDrainStackTargetSize                   = 64                                        {product} {ergonomic}
   size_t InitialHeapSize                          = 132120576                                 {product} {ergonomic}
   size_t MarkStackSize                            = 4194304                                   {product} {ergonomic}
   size_t MaxHeapSize                              = 2086666240                                {product} {ergonomic}
   size_t MaxNewSize                               = 1251999744                                {product} {ergonomic}
   size_t MinHeapDeltaBytes                        = 1048576                                   {product} {ergonomic}
   size_t MinHeapSize                              = 8388608                                   {product} {ergonomic}
    uintx NonNMethodCodeHeapSize                   = 5839372                                {pd product} {ergonomic}
    uintx NonProfiledCodeHeapSize                  = 122909434                              {pd product} {ergonomic}
    uintx ProfiledCodeHeapSize                     = 122909434                              {pd product} {ergonomic}
    uintx ReservedCodeCacheSize                    = 251658240                              {pd product} {ergonomic}
     bool SegmentedCodeCache                       = true                                      {product} {ergonomic}
   size_t SoftMaxHeapSize                          = 2086666240                             {manageable} {ergonomic}
     bool UseCompressedClassPointers               = true                           {product lp64_product} {ergonomic}
     bool UseCompressedOops                        = true                           {product lp64_product} {ergonomic}
     bool UseG1GC                                  = true                                      {product} {ergonomic}
     bool UseLargePagesIndividualAllocation        = false                                  {pd product} {ergonomic}

Logging:
Log output configuration:
 #0: stdout all=warning uptime,level,tags
 #1: stderr all=off uptime,level,tags

Environment Variables:
JAVA_HOME=C:\Program Files\Java\jdk-17.0.1
PATH=C:\Program Files\Microsoft MPI\Bin\;C:\Program Files (x86)\VMware\VMware Player\bin\;C:\Program Files\Common Files\Oracle\Java\javapath;C:\Windows\system32;C:\Windows;C:\Windows\System32\Wbem;C:\Windows\System32\WindowsPowerShell\v1.0\;C:\Windows\System32\OpenSSH\;C:\Program Files (x86)\NVIDIA Corporation\PhysX\Common;C:\Program Files\NVIDIA Corporation\NVIDIA NvDLISR;C:\Program Files\nodejs;C:\Program Files\Microsoft SQL Server\120\Tools\Binn\;C:\Program Files (x86)\Microsoft SQL Server\160\Tools\Binn\;C:\Program Files\Microsoft SQL Server\160\Tools\Binn\;C:\Program Files\Microsoft SQL Server\Client SDK\ODBC\170\Tools\Binn\;C:\Program Files\Microsoft SQL Server\160\DTS\Binn\;C:\Program Files (x86)\Microsoft SQL Server\160\DTS\Binn\;C:\Program Files\Azure Data Studio\bin;C:\WINDOWS\system32;C:\WINDOWS;C:\WINDOWS\System32\Wbem;C:\WINDOWS\System32\WindowsPowerShell\v1.0\;C:\WINDOWS\System32\OpenSSH\;C:\Program Files\Git\cmd;C:\Program Files\MongoDB\Server\8.0\bin;C:\Users\Acer\Downloads\apache-maven-3.9.9-bin\apache-maven-3.9.9\bin;C:\Users\Acer\AppData\Local\Microsoft\WindowsApps;D:\Visual Studio Code\Microsoft VS Code\bin;C:\Program Files\nodejs;C:\Users\Acer\AppData\Roaming\npm;C:\Program Files\Azure Data Studio\bin;C:\Users\Acer\AppData\Local\GitHubDesktop\bin;C:\Users\Acer\Downloads\flutter_windows_3.24.4-stable\flutter\bin;C:\Program Files\MongoDB\Server\8.0\bin;
USERNAME=Acer
OS=Windows_NT
PROCESSOR_IDENTIFIER=Intel64 Family 6 Model 141 Stepping 1, GenuineIntel



---------------  S Y S T E M  ---------------

OS:
 Windows 10 , 64 bit Build 26100 (10.0.26100.3775)
OS uptime: 0 days 13:36 hours

CPU: total 12 (initial active 12) (6 cores per cpu, 2 threads per core) family 6 model 141 stepping 1 microcode 0x3c, cx8, cmov, fxsr, ht, mmx, 3dnowpref, sse, sse2, sse3, ssse3, sse4.1, sse4.2, popcnt, lzcnt, tsc, tscinvbit, avx, avx2, aes, erms, clmul, bmi1, bmi2, adx, avx512f, avx512dq, avx512cd, avx512bw, avx512vl, sha, fma, vzeroupper, avx512_vpopcntdq, avx512_vpclmulqdq, avx512_vaes, avx512_vnni, clflush, clflushopt, clwb, avx512_vbmi2, avx512_vbmi

Memory: 4k page, system-wide physical 7955M (623M free)
TotalPageFile size 20243M (AvailPageFile size 116M)
current process WorkingSet (physical memory assigned to process): 197M, peak: 197M
current process commit charge ("private bytes"): 279M, peak: 381M

vm_info: Java HotSpot(TM) 64-Bit Server VM (17.0.1+12-LTS-39) for windows-amd64 JRE (17.0.1+12-LTS-39), built on Sep 27 2021 18:41:35 by "mach5one" with MS VC++ 16.8 (VS2019)

END.
