#
# There is insufficient memory for the Java Runtime Environment to continue.
# Native memory allocation (malloc) failed to allocate 680016 bytes for Chunk::new
# Possible reasons:
#   The system is out of physical RAM or swap space
#   The process is running with CompressedOops enabled, and the Java Heap may be blocking the growth of the native heap
# Possible solutions:
#   Reduce memory load on the system
#   Increase physical memory or swap space
#   Check if swap backing store is full
#   Decrease Java heap size (-Xmx/-Xms)
#   Decrease number of Java threads
#   Decrease Java thread stack sizes (-Xss)
#   Set larger code cache with -XX:ReservedCodeCacheSize=
#   JVM is running with Unscaled Compressed Oops mode in which the Java heap is
#     placed in the first 4GB address space. The Java Heap base address is the
#     maximum limit for the native heap growth. Please use -XX:HeapBaseMinAddress
#     to set the Java Heap base and to place the Java Heap above 4GB virtual address.
# This output file may be truncated or incomplete.
#
#  Out of Memory Error (arena.cpp:189), pid=19196, tid=16672
#
# JRE version: Java(TM) SE Runtime Environment (17.0.1+12) (build 17.0.1+12-LTS-39)
# Java VM: Java HotSpot(TM) 64-Bit Server VM (17.0.1+12-LTS-39, mixed mode, sharing, tiered, compressed oops, compressed class ptrs, g1 gc, windows-amd64)
# No core dump will be written. Minidumps are not enabled by default on client versions of Windows
#

---------------  S U M M A R Y ------------

Command Line: -javaagent:C:\Program Files\JetBrains\IntelliJ IDEA Community Edition 2023.3.5\lib\idea_rt.jar=49628:C:\Program Files\JetBrains\IntelliJ IDEA Community Edition 2023.3.5\bin -Dfile.encoding=UTF-8 com.example.be.BeApplication

Host: 11th Gen Intel(R) Core(TM) i5-11400H @ 2.70GHz, 12 cores, 7G,  Windows 10 , 64 bit Build 26100 (10.0.26100.4202)
Time: Fri Jun 20 01:47:13 2025 SE Asia Standard Time elapsed time: 1792.238502 seconds (0d 0h 29m 52s)

---------------  T H R E A D  ---------------

Current thread (0x0000017d3810d360):  JavaThread "C2 CompilerThread0" daemon [_thread_in_native, id=16672, stack(0x0000000535300000,0x0000000535400000)]


Current CompileTask:
C2:1792238 13004       4       java.lang.String::split (327 bytes)

Stack: [0x0000000535300000,0x0000000535400000]
Native frames: (J=compiled Java code, j=interpreted, Vv=VM code, C=native code)
V  [jvm.dll+0x66fa1a]
V  [jvm.dll+0x7ce5a4]
V  [jvm.dll+0x7cfd4e]
V  [jvm.dll+0x7d03b3]
V  [jvm.dll+0x242b05]
V  [jvm.dll+0xaa05b]
V  [jvm.dll+0xaa5ec]
V  [jvm.dll+0x35f9b2]
V  [jvm.dll+0x329f51]
V  [jvm.dll+0x3293fa]
V  [jvm.dll+0x215bf1]
V  [jvm.dll+0x215011]
V  [jvm.dll+0x1a168d]
V  [jvm.dll+0x224848]
V  [jvm.dll+0x2229ac]
V  [jvm.dll+0x78435b]
V  [jvm.dll+0x77e91a]
V  [jvm.dll+0x66e845]
C  [ucrtbase.dll+0x37b0]
C  [KERNEL32.DLL+0x2e8d7]
C  [ntdll.dll+0x3c34c]


---------------  P R O C E S S  ---------------

Threads class SMR info:
_java_thread_list=0x0000017d3e8fcd30, length=34, elements={
0x0000017d380f3660, 0x0000017d380f4210, 0x0000017d381081c0, 0x0000017d3810ab80,
0x0000017d3810b530, 0x0000017d3810bee0, 0x0000017d3810d360, 0x0000017d3810e5a0,
0x0000017d38113780, 0x0000017d380dd7c0, 0x0000017d38ff7950, 0x0000017d38ecb370,
0x0000017d3bde97c0, 0x0000017d3bb49ae0, 0x0000017d3d3b69d0, 0x0000017d3de93830,
0x0000017d3a32db10, 0x0000017d3a32ee50, 0x0000017d3a32b490, 0x0000017d3a32be30,
0x0000017d3a32b960, 0x0000017d3a32d640, 0x0000017d393d7870, 0x0000017d393d86e0,
0x0000017d393d7d40, 0x0000017d393d8210, 0x0000017d393d8bb0, 0x0000017d393d6a00,
0x0000017d393d9080, 0x0000017d393d6530, 0x0000017d393d9550, 0x0000017d393d6060,
0x0000017d3a25eed0, 0x0000017d3a25f3a0
}

Java Threads: ( => current thread )
  0x0000017d380f3660 JavaThread "Reference Handler" daemon [_thread_blocked, id=4864, stack(0x0000000534d00000,0x0000000534e00000)]
  0x0000017d380f4210 JavaThread "Finalizer" daemon [_thread_blocked, id=7564, stack(0x0000000534e00000,0x0000000534f00000)]
  0x0000017d381081c0 JavaThread "Signal Dispatcher" daemon [_thread_blocked, id=1348, stack(0x0000000534f00000,0x0000000535000000)]
  0x0000017d3810ab80 JavaThread "Attach Listener" daemon [_thread_blocked, id=16800, stack(0x0000000535000000,0x0000000535100000)]
  0x0000017d3810b530 JavaThread "Service Thread" daemon [_thread_blocked, id=20384, stack(0x0000000535100000,0x0000000535200000)]
  0x0000017d3810bee0 JavaThread "Monitor Deflation Thread" daemon [_thread_blocked, id=1776, stack(0x0000000535200000,0x0000000535300000)]
=>0x0000017d3810d360 JavaThread "C2 CompilerThread0" daemon [_thread_in_native, id=16672, stack(0x0000000535300000,0x0000000535400000)]
  0x0000017d3810e5a0 JavaThread "C1 CompilerThread0" daemon [_thread_blocked, id=16404, stack(0x0000000535400000,0x0000000535500000)]
  0x0000017d38113780 JavaThread "Sweeper thread" daemon [_thread_blocked, id=3208, stack(0x0000000535500000,0x0000000535600000)]
  0x0000017d380dd7c0 JavaThread "Common-Cleaner" daemon [_thread_blocked, id=11296, stack(0x0000000535600000,0x0000000535700000)]
  0x0000017d38ff7950 JavaThread "Monitor Ctrl-Break" daemon [_thread_in_native, id=19144, stack(0x0000000535700000,0x0000000535800000)]
  0x0000017d38ecb370 JavaThread "Notification Thread" daemon [_thread_blocked, id=4060, stack(0x0000000535800000,0x0000000535900000)]
  0x0000017d3bde97c0 JavaThread "Catalina-utility-1" [_thread_blocked, id=15684, stack(0x0000000536900000,0x0000000536a00000)]
  0x0000017d3bb49ae0 JavaThread "Catalina-utility-2" [_thread_blocked, id=19536, stack(0x0000000536a00000,0x0000000536b00000)]
  0x0000017d3d3b69d0 JavaThread "container-0" [_thread_blocked, id=1924, stack(0x0000000536b00000,0x0000000536c00000)]
  0x0000017d3de93830 JavaThread "mysql-cj-abandoned-connection-cleanup" daemon [_thread_blocked, id=19688, stack(0x0000000536c00000,0x0000000536d00000)]
  0x0000017d3a32db10 JavaThread "HikariPool-1 housekeeper" daemon [_thread_blocked, id=19840, stack(0x0000000536e00000,0x0000000536f00000)]
  0x0000017d3a32ee50 JavaThread "File Watcher" daemon [_thread_blocked, id=7944, stack(0x0000000537000000,0x0000000537100000)]
  0x0000017d3a32b490 JavaThread "Live Reload Server" daemon [_thread_in_native, id=11644, stack(0x0000000537200000,0x0000000537300000)]
  0x0000017d3a32be30 JavaThread "http-nio-8080-exec-1" daemon [_thread_blocked, id=4640, stack(0x0000000537100000,0x0000000537200000)]
  0x0000017d3a32b960 JavaThread "http-nio-8080-exec-2" daemon [_thread_blocked, id=12076, stack(0x0000000537300000,0x0000000537400000)]
  0x0000017d3a32d640 JavaThread "http-nio-8080-exec-3" daemon [_thread_blocked, id=21432, stack(0x0000000537400000,0x0000000537500000)]
  0x0000017d393d7870 JavaThread "http-nio-8080-exec-4" daemon [_thread_blocked, id=15712, stack(0x0000000537500000,0x0000000537600000)]
  0x0000017d393d86e0 JavaThread "http-nio-8080-exec-5" daemon [_thread_blocked, id=6372, stack(0x0000000537600000,0x0000000537700000)]
  0x0000017d393d7d40 JavaThread "http-nio-8080-exec-6" daemon [_thread_blocked, id=10512, stack(0x0000000537700000,0x0000000537800000)]
  0x0000017d393d8210 JavaThread "http-nio-8080-exec-7" daemon [_thread_blocked, id=13308, stack(0x0000000537800000,0x0000000537900000)]
  0x0000017d393d8bb0 JavaThread "http-nio-8080-exec-8" daemon [_thread_blocked, id=21904, stack(0x0000000537900000,0x0000000537a00000)]
  0x0000017d393d6a00 JavaThread "http-nio-8080-exec-9" daemon [_thread_blocked, id=10084, stack(0x0000000537a00000,0x0000000537b00000)]
  0x0000017d393d9080 JavaThread "http-nio-8080-exec-10" daemon [_thread_blocked, id=6800, stack(0x0000000537b00000,0x0000000537c00000)]
  0x0000017d393d6530 JavaThread "http-nio-8080-Poller" daemon [_thread_in_native, id=20040, stack(0x0000000537c00000,0x0000000537d00000)]
  0x0000017d393d9550 JavaThread "http-nio-8080-Acceptor" daemon [_thread_in_native, id=5548, stack(0x0000000537d00000,0x0000000537e00000)]
  0x0000017d393d6060 JavaThread "DestroyJavaVM" [_thread_blocked, id=2232, stack(0x0000000534600000,0x0000000534700000)]
  0x0000017d3a25eed0 JavaThread "HikariPool-1 connection closer" daemon [_thread_blocked, id=8440, stack(0x0000000534300000,0x0000000534400000)]
  0x0000017d3a25f3a0 JavaThread "HikariPool-1 connection adder" daemon [_thread_blocked, id=14172, stack(0x0000000534400000,0x0000000534500000)]

Other Threads:
  0x0000017d380ee420 VMThread "VM Thread" [stack: 0x0000000534c00000,0x0000000534d00000] [id=8964]
  0x0000017d38eeae70 WatcherThread [stack: 0x0000000535900000,0x0000000535a00000] [id=6164]
  0x0000017d19d98410 GCTaskThread "GC Thread#0" [stack: 0x0000000534700000,0x0000000534800000] [id=15060]
  0x0000017d39595630 GCTaskThread "GC Thread#1" [stack: 0x0000000535a00000,0x0000000535b00000] [id=12620]
  0x0000017d39328720 GCTaskThread "GC Thread#2" [stack: 0x0000000535b00000,0x0000000535c00000] [id=16852]
  0x0000017d397429e0 GCTaskThread "GC Thread#3" [stack: 0x0000000535c00000,0x0000000535d00000] [id=5732]
  0x0000017d39742c90 GCTaskThread "GC Thread#4" [stack: 0x0000000535d00000,0x0000000535e00000] [id=2224]
  0x0000017d39d89860 GCTaskThread "GC Thread#5" [stack: 0x0000000536300000,0x0000000536400000] [id=20492]
  0x0000017d397054a0 GCTaskThread "GC Thread#6" [stack: 0x0000000536400000,0x0000000536500000] [id=1132]
  0x0000017d39ef4ea0 GCTaskThread "GC Thread#7" [stack: 0x0000000536500000,0x0000000536600000] [id=18928]
  0x0000017d3a66fa70 GCTaskThread "GC Thread#8" [stack: 0x0000000536600000,0x0000000536700000] [id=6980]
  0x0000017d3a1857a0 GCTaskThread "GC Thread#9" [stack: 0x0000000536700000,0x0000000536800000] [id=21192]
  0x0000017d19da8d70 ConcurrentGCThread "G1 Main Marker" [stack: 0x0000000534800000,0x0000000534900000] [id=16984]
  0x0000017d19daa2f0 ConcurrentGCThread "G1 Conc#0" [stack: 0x0000000534900000,0x0000000534a00000] [id=2964]
  0x0000017d3ca3b380 ConcurrentGCThread "G1 Conc#1" [stack: 0x0000000536100000,0x0000000536200000] [id=21532]
  0x0000017d3ca3b630 ConcurrentGCThread "G1 Conc#2" [stack: 0x0000000536800000,0x0000000536900000] [id=7932]
  0x0000017d19e0e8c0 ConcurrentGCThread "G1 Refine#0" [stack: 0x0000000534a00000,0x0000000534b00000] [id=3272]
  0x0000017d37f9f300 ConcurrentGCThread "G1 Service" [stack: 0x0000000534b00000,0x0000000534c00000] [id=4740]

Threads with active compile tasks:
C2 CompilerThread0  1792263 13004       4       java.lang.String::split (327 bytes)

VM state: not at safepoint (normal execution)

VM Mutex/Monitor currently owned by a thread: None

Heap address: 0x0000000083a00000, size: 1990 MB, Compressed Oops mode: 32-bit

CDS archive(s) mapped at: [0x0000000800000000-0x0000000800bc0000-0x0000000800bc0000), size 12320768, SharedBaseAddress: 0x0000000800000000, ArchiveRelocationMode: 0.
Compressed class space mapped at: 0x0000000800c00000-0x0000000840c00000, reserved size: 1073741824
Narrow klass base: 0x0000000800000000, Narrow klass shift: 0, Narrow klass range: 0x100000000

GC Precious Log:
 CPUs: 12 total, 12 available
 Memory: 7955M
 Large Page Support: Disabled
 NUMA Support: Disabled
 Compressed Oops: Enabled (32-bit)
 Heap Region Size: 1M
 Heap Min Capacity: 8M
 Heap Initial Capacity: 126M
 Heap Max Capacity: 1990M
 Pre-touch: Disabled
 Parallel Workers: 10
 Concurrent Workers: 3
 Concurrent Refinement Workers: 10
 Periodic GC: Disabled

Heap:
 garbage-first heap   total 135168K, used 57449K [0x0000000083a00000, 0x0000000100000000)
  region size 1024K, 15 young (15360K), 5 survivors (5120K)
 Metaspace       used 90453K, committed 91328K, reserved 1130496K
  class space    used 12306K, committed 12736K, reserved 1048576K

Heap Regions: E=young(eden), S=young(survivor), O=old, HS=humongous(starts), HC=humongous(continues), CS=collection set, F=free, OA=open archive, CA=closed archive, TAMS=top-at-mark-start (previous, next)
|   0|0x0000000083a00000, 0x0000000083b00000, 0x0000000083b00000|100%|HS|  |TAMS 0x0000000083b00000, 0x0000000083a00000| Complete 
|   1|0x0000000083b00000, 0x0000000083c00000, 0x0000000083c00000|100%|HS|  |TAMS 0x0000000083c00000, 0x0000000083b00000| Complete 
|   2|0x0000000083c00000, 0x0000000083d00000, 0x0000000083d00000|100%| O|  |TAMS 0x0000000083d00000, 0x0000000083c00000| Untracked 
|   3|0x0000000083d00000, 0x0000000083e00000, 0x0000000083e00000|100%| O|  |TAMS 0x0000000083e00000, 0x0000000083d00000| Untracked 
|   4|0x0000000083e00000, 0x0000000083f00000, 0x0000000083f00000|100%| O|  |TAMS 0x0000000083f00000, 0x0000000083e00000| Untracked 
|   5|0x0000000083f00000, 0x0000000084000000, 0x0000000084000000|100%| O|  |TAMS 0x0000000084000000, 0x0000000083f00000| Untracked 
|   6|0x0000000084000000, 0x0000000084100000, 0x0000000084100000|100%| O|  |TAMS 0x0000000084100000, 0x0000000084000000| Untracked 
|   7|0x0000000084100000, 0x0000000084200000, 0x0000000084200000|100%| O|  |TAMS 0x0000000084200000, 0x0000000084100000| Untracked 
|   8|0x0000000084200000, 0x0000000084300000, 0x0000000084300000|100%| O|  |TAMS 0x0000000084300000, 0x0000000084200000| Untracked 
|   9|0x0000000084300000, 0x0000000084400000, 0x0000000084400000|100%| O|  |TAMS 0x0000000084400000, 0x0000000084300000| Untracked 
|  10|0x0000000084400000, 0x0000000084500000, 0x0000000084500000|100%| O|  |TAMS 0x0000000084500000, 0x0000000084400000| Untracked 
|  11|0x0000000084500000, 0x0000000084578c00, 0x0000000084600000| 47%| O|  |TAMS 0x0000000084578c00, 0x0000000084500000| Untracked 
|  12|0x0000000084600000, 0x0000000084700000, 0x0000000084700000|100%| O|  |TAMS 0x0000000084700000, 0x0000000084600000| Untracked 
|  13|0x0000000084700000, 0x0000000084800000, 0x0000000084800000|100%| O|  |TAMS 0x0000000084800000, 0x0000000084700000| Untracked 
|  14|0x0000000084800000, 0x0000000084900000, 0x0000000084900000|100%| O|  |TAMS 0x0000000084900000, 0x0000000084800000| Untracked 
|  15|0x0000000084900000, 0x0000000084a00000, 0x0000000084a00000|100%| O|  |TAMS 0x0000000084a00000, 0x0000000084900000| Untracked 
|  16|0x0000000084a00000, 0x0000000084b00000, 0x0000000084b00000|100%| O|  |TAMS 0x0000000084b00000, 0x0000000084a00000| Untracked 
|  17|0x0000000084b00000, 0x0000000084c00000, 0x0000000084c00000|100%| O|  |TAMS 0x0000000084c00000, 0x0000000084b00000| Untracked 
|  18|0x0000000084c00000, 0x0000000084d00000, 0x0000000084d00000|100%| O|  |TAMS 0x0000000084d00000, 0x0000000084c00000| Untracked 
|  19|0x0000000084d00000, 0x0000000084e00000, 0x0000000084e00000|100%| O|  |TAMS 0x0000000084e00000, 0x0000000084d00000| Untracked 
|  20|0x0000000084e00000, 0x0000000084e24e00, 0x0000000084f00000| 14%| O|  |TAMS 0x0000000084e24e00, 0x0000000084e00000| Untracked 
|  21|0x0000000084f00000, 0x0000000085000000, 0x0000000085000000|100%| O|  |TAMS 0x0000000085000000, 0x0000000084f00000| Untracked 
|  22|0x0000000085000000, 0x0000000085100000, 0x0000000085100000|100%| O|  |TAMS 0x0000000085100000, 0x0000000085000000| Untracked 
|  23|0x0000000085100000, 0x0000000085200000, 0x0000000085200000|100%| O|  |TAMS 0x0000000085200000, 0x0000000085100000| Untracked 
|  24|0x0000000085200000, 0x0000000085300000, 0x0000000085300000|100%| O|  |TAMS 0x0000000085300000, 0x0000000085200000| Untracked 
|  25|0x0000000085300000, 0x0000000085400000, 0x0000000085400000|100%| O|  |TAMS 0x0000000085400000, 0x0000000085300000| Untracked 
|  26|0x0000000085400000, 0x0000000085500000, 0x0000000085500000|100%| O|  |TAMS 0x0000000085500000, 0x0000000085400000| Untracked 
|  27|0x0000000085500000, 0x0000000085600000, 0x0000000085600000|100%| O|  |TAMS 0x0000000085500000, 0x0000000085500000| Untracked 
|  28|0x0000000085600000, 0x0000000085700000, 0x0000000085700000|100%| O|  |TAMS 0x0000000085600000, 0x0000000085600000| Untracked 
|  29|0x0000000085700000, 0x0000000085800000, 0x0000000085800000|100%| O|  |TAMS 0x0000000085700000, 0x0000000085700000| Untracked 
|  30|0x0000000085800000, 0x0000000085900000, 0x0000000085900000|100%| O|  |TAMS 0x0000000085800000, 0x0000000085800000| Untracked 
|  31|0x0000000085900000, 0x0000000085a00000, 0x0000000085a00000|100%| O|  |TAMS 0x0000000085900000, 0x0000000085900000| Untracked 
|  32|0x0000000085a00000, 0x0000000085b00000, 0x0000000085b00000|100%| O|  |TAMS 0x0000000085a00000, 0x0000000085a00000| Untracked 
|  33|0x0000000085b00000, 0x0000000085c00000, 0x0000000085c00000|100%| O|  |TAMS 0x0000000085b00000, 0x0000000085b00000| Untracked 
|  34|0x0000000085c00000, 0x0000000085c0f800, 0x0000000085d00000|  6%| O|  |TAMS 0x0000000085c0f800, 0x0000000085c00000| Untracked 
|  35|0x0000000085d00000, 0x0000000085e00000, 0x0000000085e00000|100%| O|  |TAMS 0x0000000085d00000, 0x0000000085d00000| Untracked 
|  36|0x0000000085e00000, 0x0000000085f00000, 0x0000000085f00000|100%| O|  |TAMS 0x0000000085e00000, 0x0000000085e00000| Untracked 
|  37|0x0000000085f00000, 0x0000000086000000, 0x0000000086000000|100%| O|  |TAMS 0x0000000085f00000, 0x0000000085f00000| Untracked 
|  38|0x0000000086000000, 0x0000000086100000, 0x0000000086100000|100%| O|  |TAMS 0x0000000086000000, 0x0000000086000000| Untracked 
|  39|0x0000000086100000, 0x0000000086200000, 0x0000000086200000|100%| O|  |TAMS 0x0000000086100000, 0x0000000086100000| Untracked 
|  40|0x0000000086200000, 0x0000000086300000, 0x0000000086300000|100%| O|  |TAMS 0x0000000086200000, 0x0000000086200000| Untracked 
|  41|0x0000000086300000, 0x0000000086400000, 0x0000000086400000|100%| O|  |TAMS 0x0000000086300000, 0x0000000086300000| Untracked 
|  42|0x0000000086400000, 0x0000000086500000, 0x0000000086500000|100%| O|  |TAMS 0x0000000086400000, 0x0000000086400000| Untracked 
|  43|0x0000000086500000, 0x0000000086600000, 0x0000000086600000|100%| O|  |TAMS 0x0000000086500000, 0x0000000086500000| Untracked 
|  44|0x0000000086600000, 0x0000000086700000, 0x0000000086700000|100%| O|  |TAMS 0x0000000086600000, 0x0000000086600000| Untracked 
|  45|0x0000000086700000, 0x0000000086754600, 0x0000000086800000| 32%| O|  |TAMS 0x0000000086700000, 0x0000000086700000| Untracked 
|  46|0x0000000086800000, 0x0000000086800000, 0x0000000086900000|  0%| F|  |TAMS 0x0000000086800000, 0x0000000086800000| Untracked 
|  47|0x0000000086900000, 0x0000000086900000, 0x0000000086a00000|  0%| F|  |TAMS 0x0000000086900000, 0x0000000086900000| Untracked 
|  48|0x0000000086a00000, 0x0000000086a00000, 0x0000000086b00000|  0%| F|  |TAMS 0x0000000086a00000, 0x0000000086a00000| Untracked 
|  49|0x0000000086b00000, 0x0000000086b00000, 0x0000000086c00000|  0%| F|  |TAMS 0x0000000086b00000, 0x0000000086b00000| Untracked 
|  50|0x0000000086c00000, 0x0000000086c00000, 0x0000000086d00000|  0%| F|  |TAMS 0x0000000086c00000, 0x0000000086c00000| Untracked 
|  51|0x0000000086d00000, 0x0000000086d00000, 0x0000000086e00000|  0%| F|  |TAMS 0x0000000086d00000, 0x0000000086d00000| Untracked 
|  52|0x0000000086e00000, 0x0000000086e00000, 0x0000000086f00000|  0%| F|  |TAMS 0x0000000086e00000, 0x0000000086e00000| Untracked 
|  53|0x0000000086f00000, 0x0000000086f00000, 0x0000000087000000|  0%| F|  |TAMS 0x0000000086f00000, 0x0000000086f00000| Untracked 
|  54|0x0000000087000000, 0x0000000087000000, 0x0000000087100000|  0%| F|  |TAMS 0x0000000087000000, 0x0000000087000000| Untracked 
|  55|0x0000000087100000, 0x0000000087100000, 0x0000000087200000|  0%| F|  |TAMS 0x0000000087100000, 0x0000000087100000| Untracked 
|  56|0x0000000087200000, 0x0000000087200000, 0x0000000087300000|  0%| F|  |TAMS 0x0000000087200000, 0x0000000087200000| Untracked 
|  57|0x0000000087300000, 0x0000000087300000, 0x0000000087400000|  0%| F|  |TAMS 0x0000000087300000, 0x0000000087300000| Untracked 
|  58|0x0000000087400000, 0x0000000087400000, 0x0000000087500000|  0%| F|  |TAMS 0x0000000087400000, 0x0000000087400000| Untracked 
|  59|0x0000000087500000, 0x0000000087518d80, 0x0000000087600000|  9%| S|CS|TAMS 0x0000000087500000, 0x0000000087500000| Complete 
|  60|0x0000000087600000, 0x0000000087600000, 0x0000000087700000|  0%| F|  |TAMS 0x0000000087600000, 0x0000000087600000| Untracked 
|  61|0x0000000087700000, 0x0000000087700000, 0x0000000087800000|  0%| F|  |TAMS 0x0000000087700000, 0x0000000087700000| Untracked 
|  62|0x0000000087800000, 0x0000000087900000, 0x0000000087900000|100%| S|CS|TAMS 0x0000000087800000, 0x0000000087800000| Complete 
|  63|0x0000000087900000, 0x0000000087a00000, 0x0000000087a00000|100%| S|CS|TAMS 0x0000000087900000, 0x0000000087900000| Complete 
|  64|0x0000000087a00000, 0x0000000087b00000, 0x0000000087b00000|100%| S|CS|TAMS 0x0000000087a00000, 0x0000000087a00000| Complete 
|  65|0x0000000087b00000, 0x0000000087c00000, 0x0000000087c00000|100%| S|CS|TAMS 0x0000000087b00000, 0x0000000087b00000| Complete 
|  66|0x0000000087c00000, 0x0000000087c00000, 0x0000000087d00000|  0%| F|  |TAMS 0x0000000087c00000, 0x0000000087c00000| Untracked 
|  67|0x0000000087d00000, 0x0000000087d00000, 0x0000000087e00000|  0%| F|  |TAMS 0x0000000087d00000, 0x0000000087d00000| Untracked 
|  68|0x0000000087e00000, 0x0000000087e00000, 0x0000000087f00000|  0%| F|  |TAMS 0x0000000087e00000, 0x0000000087e00000| Untracked 
|  69|0x0000000087f00000, 0x0000000087f00000, 0x0000000088000000|  0%| F|  |TAMS 0x0000000087f00000, 0x0000000087f00000| Untracked 
|  70|0x0000000088000000, 0x0000000088000000, 0x0000000088100000|  0%| F|  |TAMS 0x0000000088000000, 0x0000000088000000| Untracked 
|  71|0x0000000088100000, 0x0000000088100000, 0x0000000088200000|  0%| F|  |TAMS 0x0000000088100000, 0x0000000088100000| Untracked 
|  72|0x0000000088200000, 0x0000000088200000, 0x0000000088300000|  0%| F|  |TAMS 0x0000000088200000, 0x0000000088200000| Untracked 
|  73|0x0000000088300000, 0x0000000088300000, 0x0000000088400000|  0%| F|  |TAMS 0x0000000088300000, 0x0000000088300000| Untracked 
|  74|0x0000000088400000, 0x0000000088400000, 0x0000000088500000|  0%| F|  |TAMS 0x0000000088400000, 0x0000000088400000| Untracked 
|  75|0x0000000088500000, 0x0000000088500000, 0x0000000088600000|  0%| F|  |TAMS 0x0000000088500000, 0x0000000088500000| Untracked 
|  76|0x0000000088600000, 0x0000000088600000, 0x0000000088700000|  0%| F|  |TAMS 0x0000000088600000, 0x0000000088600000| Untracked 
|  77|0x0000000088700000, 0x0000000088700000, 0x0000000088800000|  0%| F|  |TAMS 0x0000000088700000, 0x0000000088700000| Untracked 
|  78|0x0000000088800000, 0x0000000088800000, 0x0000000088900000|  0%| F|  |TAMS 0x0000000088800000, 0x0000000088800000| Untracked 
|  79|0x0000000088900000, 0x0000000088900000, 0x0000000088a00000|  0%| F|  |TAMS 0x0000000088900000, 0x0000000088900000| Untracked 
|  80|0x0000000088a00000, 0x0000000088a00000, 0x0000000088b00000|  0%| F|  |TAMS 0x0000000088a00000, 0x0000000088a00000| Untracked 
|  81|0x0000000088b00000, 0x0000000088b00000, 0x0000000088c00000|  0%| F|  |TAMS 0x0000000088b00000, 0x0000000088b00000| Untracked 
|  82|0x0000000088c00000, 0x0000000088c00000, 0x0000000088d00000|  0%| F|  |TAMS 0x0000000088c00000, 0x0000000088c00000| Untracked 
|  83|0x0000000088d00000, 0x0000000088d00000, 0x0000000088e00000|  0%| F|  |TAMS 0x0000000088d00000, 0x0000000088d00000| Untracked 
|  84|0x0000000088e00000, 0x0000000088e00000, 0x0000000088f00000|  0%| F|  |TAMS 0x0000000088e00000, 0x0000000088e00000| Untracked 
|  85|0x0000000088f00000, 0x0000000088f00000, 0x0000000089000000|  0%| F|  |TAMS 0x0000000088f00000, 0x0000000088f00000| Untracked 
|  86|0x0000000089000000, 0x0000000089000000, 0x0000000089100000|  0%| F|  |TAMS 0x0000000089000000, 0x0000000089000000| Untracked 
|  87|0x0000000089100000, 0x0000000089100000, 0x0000000089200000|  0%| F|  |TAMS 0x0000000089100000, 0x0000000089100000| Untracked 
|  88|0x0000000089200000, 0x0000000089200000, 0x0000000089300000|  0%| F|  |TAMS 0x0000000089200000, 0x0000000089200000| Untracked 
|  89|0x0000000089300000, 0x0000000089300000, 0x0000000089400000|  0%| F|  |TAMS 0x0000000089300000, 0x0000000089300000| Untracked 
|  90|0x0000000089400000, 0x0000000089400000, 0x0000000089500000|  0%| F|  |TAMS 0x0000000089400000, 0x0000000089400000| Untracked 
|  91|0x0000000089500000, 0x0000000089500000, 0x0000000089600000|  0%| F|  |TAMS 0x0000000089500000, 0x0000000089500000| Untracked 
|  92|0x0000000089600000, 0x0000000089600000, 0x0000000089700000|  0%| F|  |TAMS 0x0000000089600000, 0x0000000089600000| Untracked 
|  93|0x0000000089700000, 0x0000000089700000, 0x0000000089800000|  0%| F|  |TAMS 0x0000000089700000, 0x0000000089700000| Untracked 
|  94|0x0000000089800000, 0x0000000089800000, 0x0000000089900000|  0%| F|  |TAMS 0x0000000089800000, 0x0000000089800000| Untracked 
|  95|0x0000000089900000, 0x0000000089900000, 0x0000000089a00000|  0%| F|  |TAMS 0x0000000089900000, 0x0000000089900000| Untracked 
|  96|0x0000000089a00000, 0x0000000089a00000, 0x0000000089b00000|  0%| F|  |TAMS 0x0000000089a00000, 0x0000000089a00000| Untracked 
|  97|0x0000000089b00000, 0x0000000089b00000, 0x0000000089c00000|  0%| F|  |TAMS 0x0000000089b00000, 0x0000000089b00000| Untracked 
|  98|0x0000000089c00000, 0x0000000089c00000, 0x0000000089d00000|  0%| F|  |TAMS 0x0000000089c00000, 0x0000000089c00000| Untracked 
|  99|0x0000000089d00000, 0x0000000089d00000, 0x0000000089e00000|  0%| F|  |TAMS 0x0000000089d00000, 0x0000000089d00000| Untracked 
| 100|0x0000000089e00000, 0x0000000089e00000, 0x0000000089f00000|  0%| F|  |TAMS 0x0000000089e00000, 0x0000000089e00000| Untracked 
| 101|0x0000000089f00000, 0x0000000089f00000, 0x000000008a000000|  0%| F|  |TAMS 0x0000000089f00000, 0x0000000089f00000| Untracked 
| 102|0x000000008a000000, 0x000000008a000000, 0x000000008a100000|  0%| F|  |TAMS 0x000000008a000000, 0x000000008a000000| Untracked 
| 103|0x000000008a100000, 0x000000008a100000, 0x000000008a200000|  0%| F|  |TAMS 0x000000008a100000, 0x000000008a100000| Untracked 
| 104|0x000000008a200000, 0x000000008a200000, 0x000000008a300000|  0%| F|  |TAMS 0x000000008a200000, 0x000000008a200000| Untracked 
| 105|0x000000008a300000, 0x000000008a300000, 0x000000008a400000|  0%| F|  |TAMS 0x000000008a300000, 0x000000008a300000| Untracked 
| 106|0x000000008a400000, 0x000000008a400000, 0x000000008a500000|  0%| F|  |TAMS 0x000000008a400000, 0x000000008a400000| Untracked 
| 107|0x000000008a500000, 0x000000008a500000, 0x000000008a600000|  0%| F|  |TAMS 0x000000008a500000, 0x000000008a500000| Untracked 
| 108|0x000000008a600000, 0x000000008a600000, 0x000000008a700000|  0%| F|  |TAMS 0x000000008a600000, 0x000000008a600000| Untracked 
| 109|0x000000008a700000, 0x000000008a700000, 0x000000008a800000|  0%| F|  |TAMS 0x000000008a700000, 0x000000008a700000| Untracked 
| 110|0x000000008a800000, 0x000000008a800000, 0x000000008a900000|  0%| F|  |TAMS 0x000000008a800000, 0x000000008a800000| Untracked 
| 111|0x000000008a900000, 0x000000008a900000, 0x000000008aa00000|  0%| F|  |TAMS 0x000000008a900000, 0x000000008a900000| Untracked 
| 112|0x000000008aa00000, 0x000000008aa00000, 0x000000008ab00000|  0%| F|  |TAMS 0x000000008aa00000, 0x000000008aa00000| Untracked 
| 113|0x000000008ab00000, 0x000000008ab00000, 0x000000008ac00000|  0%| F|  |TAMS 0x000000008ab00000, 0x000000008ab00000| Untracked 
| 114|0x000000008ac00000, 0x000000008ac00000, 0x000000008ad00000|  0%| F|  |TAMS 0x000000008ac00000, 0x000000008ac00000| Untracked 
| 115|0x000000008ad00000, 0x000000008ad00000, 0x000000008ae00000|  0%| F|  |TAMS 0x000000008ad00000, 0x000000008ad00000| Untracked 
| 116|0x000000008ae00000, 0x000000008ae00000, 0x000000008af00000|  0%| F|  |TAMS 0x000000008ae00000, 0x000000008ae00000| Untracked 
| 117|0x000000008af00000, 0x000000008af00000, 0x000000008b000000|  0%| F|  |TAMS 0x000000008af00000, 0x000000008af00000| Untracked 
| 118|0x000000008b000000, 0x000000008b000000, 0x000000008b100000|  0%| F|  |TAMS 0x000000008b000000, 0x000000008b000000| Untracked 
| 119|0x000000008b100000, 0x000000008b100000, 0x000000008b200000|  0%| F|  |TAMS 0x000000008b100000, 0x000000008b100000| Untracked 
| 120|0x000000008b200000, 0x000000008b200000, 0x000000008b300000|  0%| F|  |TAMS 0x000000008b200000, 0x000000008b200000| Untracked 
| 121|0x000000008b300000, 0x000000008b300000, 0x000000008b400000|  0%| F|  |TAMS 0x000000008b300000, 0x000000008b300000| Untracked 
| 122|0x000000008b400000, 0x000000008b500000, 0x000000008b500000|100%| E|  |TAMS 0x000000008b400000, 0x000000008b400000| Complete 
| 123|0x000000008b500000, 0x000000008b600000, 0x000000008b600000|100%| E|CS|TAMS 0x000000008b500000, 0x000000008b500000| Complete 
| 124|0x000000008b600000, 0x000000008b700000, 0x000000008b700000|100%| E|CS|TAMS 0x000000008b600000, 0x000000008b600000| Complete 
| 125|0x000000008b700000, 0x000000008b800000, 0x000000008b800000|100%| E|CS|TAMS 0x000000008b700000, 0x000000008b700000| Complete 
| 126|0x000000008b800000, 0x000000008b900000, 0x000000008b900000|100%| E|CS|TAMS 0x000000008b800000, 0x000000008b800000| Complete 
| 127|0x000000008b900000, 0x000000008ba00000, 0x000000008ba00000|100%| E|CS|TAMS 0x000000008b900000, 0x000000008b900000| Complete 
| 128|0x000000008ba00000, 0x000000008bb00000, 0x000000008bb00000|100%| E|CS|TAMS 0x000000008ba00000, 0x000000008ba00000| Complete 
| 129|0x000000008bb00000, 0x000000008bc00000, 0x000000008bc00000|100%| E|CS|TAMS 0x000000008bb00000, 0x000000008bb00000| Complete 
| 130|0x000000008bc00000, 0x000000008bd00000, 0x000000008bd00000|100%| E|CS|TAMS 0x000000008bc00000, 0x000000008bc00000| Complete 
| 269|0x0000000094700000, 0x0000000094800000, 0x0000000094800000|100%| E|CS|TAMS 0x0000000094700000, 0x0000000094700000| Complete 

Card table byte_map: [0x0000017d30e80000,0x0000017d31270000] _byte_map_base: 0x0000017d30a63000

Marking Bits (Prev, Next): (CMBitMap*) 0x0000017d19d98a60, (CMBitMap*) 0x0000017d19d98a20
 Prev Bits: [0x0000017d33580000, 0x0000017d35498000)
 Next Bits: [0x0000017d31660000, 0x0000017d33578000)

Polling page: 0x0000017d19430000

Metaspace:

Usage:
  Non-class:     76.31 MB used.
      Class:     12.02 MB used.
       Both:     88.33 MB used.

Virtual space:
  Non-class space:       80.00 MB reserved,      76.75 MB ( 96%) committed,  10 nodes.
      Class space:        1.00 GB reserved,      12.44 MB (  1%) committed,  1 nodes.
             Both:        1.08 GB reserved,      89.19 MB (  8%) committed. 

Chunk freelists:
   Non-Class:  2.99 MB
       Class:  3.41 MB
        Both:  6.40 MB

MaxMetaspaceSize: unlimited
CompressedClassSpaceSize: 1.00 GB
Initial GC threshold: 21.00 MB
Current GC threshold: 98.38 MB
CDS: on
MetaspaceReclaimPolicy: balanced
 - commit_granule_bytes: 65536.
 - commit_granule_words: 8192.
 - virtual_space_node_default_size: 1048576.
 - enlarge_chunks_in_place: 1.
 - new_chunks_are_fully_committed: 0.
 - uncommit_free_chunks: 1.
 - use_allocation_guard: 0.
 - handle_deallocations: 1.


Internal statistics:

num_allocs_failed_limit: 9.
num_arena_births: 1240.
num_arena_deaths: 0.
num_vsnodes_births: 11.
num_vsnodes_deaths: 0.
num_space_committed: 1427.
num_space_uncommitted: 0.
num_chunks_returned_to_freelist: 9.
num_chunks_taken_from_freelist: 4677.
num_chunk_merges: 9.
num_chunk_splits: 3271.
num_chunks_enlarged: 2417.
num_purges: 0.
num_inconsistent_stats: 0.

CodeHeap 'non-profiled nmethods': size=120000Kb used=7423Kb max_used=7423Kb free=112576Kb
 bounds [0x0000017d29010000, 0x0000017d29750000, 0x0000017d30540000]
CodeHeap 'profiled nmethods': size=120000Kb used=22903Kb max_used=22903Kb free=97096Kb
 bounds [0x0000017d21ae0000, 0x0000017d23140000, 0x0000017d29010000]
CodeHeap 'non-nmethods': size=5760Kb used=1413Kb max_used=1463Kb free=4346Kb
 bounds [0x0000017d21540000, 0x0000017d217b0000, 0x0000017d21ae0000]
 total_blobs=12208 nmethods=11468 adapters=651
 compilation: enabled
              stopped_count=0, restarted_count=0
 full_count=0

Compilation events (20 events):
Event: 1790.666 Thread 0x0000017d3810e5a0 13011       3       java.util.concurrent.locks.AbstractQueuedSynchronizer::acquireInterruptibly (36 bytes)
Event: 1790.666 Thread 0x0000017d3810e5a0 nmethod 13011 0x0000017d23132790 code [0x0000017d23132980, 0x0000017d23132e58]
Event: 1790.939 Thread 0x0000017d3810e5a0 13012   !   3       java.util.concurrent.ConcurrentHashMap::tryPresize (193 bytes)
Event: 1790.941 Thread 0x0000017d3810e5a0 nmethod 13012 0x0000017d23133010 code [0x0000017d23133220, 0x0000017d23133aa8]
Event: 1790.952 Thread 0x0000017d3810e5a0 13013       3       sun.security.util.math.intpoly.IntegerPolynomial::getElement (6 bytes)
Event: 1790.953 Thread 0x0000017d3810e5a0 nmethod 13013 0x0000017d23133c90 code [0x0000017d23133e80, 0x0000017d23134618]
Event: 1790.953 Thread 0x0000017d3810e5a0 13014       3       sun.security.util.math.intpoly.IntegerPolynomial::getElement (10 bytes)
Event: 1790.953 Thread 0x0000017d3810e5a0 nmethod 13014 0x0000017d23134890 code [0x0000017d23134a80, 0x0000017d23135138]
Event: 1790.954 Thread 0x0000017d3810e5a0 13016       3       java.math.BigInteger::implMultiplyToLen (216 bytes)
Event: 1790.954 Thread 0x0000017d3810e5a0 nmethod 13016 0x0000017d23135390 code [0x0000017d23135580, 0x0000017d23135b78]
Event: 1790.954 Thread 0x0000017d3810e5a0 13017       3       sun.security.ssl.SignatureScheme::getPreferableAlgorithm (84 bytes)
Event: 1790.955 Thread 0x0000017d3810e5a0 nmethod 13017 0x0000017d23135f10 code [0x0000017d23136120, 0x0000017d23136898]
Event: 1790.955 Thread 0x0000017d3810e5a0 13018       3       javax.crypto.Mac::getInstance (96 bytes)
Event: 1790.955 Thread 0x0000017d3810e5a0 nmethod 13018 0x0000017d23136b10 code [0x0000017d23136e40, 0x0000017d23138088]
Event: 1790.955 Thread 0x0000017d3810e5a0 13019       3       com.mysql.cj.ServerVersion::getMajor (8 bytes)
Event: 1790.956 Thread 0x0000017d3810e5a0 nmethod 13019 0x0000017d23138690 code [0x0000017d23138820, 0x0000017d23138958]
Event: 1790.956 Thread 0x0000017d3810e5a0 13020       3       com.mysql.cj.ServerVersion::compareTo (57 bytes)
Event: 1790.956 Thread 0x0000017d3810e5a0 nmethod 13020 0x0000017d23138a10 code [0x0000017d23138cc0, 0x0000017d23139c58]
Event: 1790.959 Thread 0x0000017d3810e5a0 13021   !   3       sun.nio.ch.NioSocketImpl::setOption (545 bytes)
Event: 1790.961 Thread 0x0000017d3810e5a0 nmethod 13021 0x0000017d2313a210 code [0x0000017d2313a820, 0x0000017d2313d778]

GC Heap History (20 events):
Event: 6.934 GC heap before
{Heap before GC invocations=23 (full 0):
 garbage-first heap   total 112640K, used 89432K [0x0000000083a00000, 0x0000000100000000)
  region size 1024K, 56 young (57344K), 7 survivors (7168K)
 Metaspace       used 76263K, committed 76928K, reserved 1122304K
  class space    used 10541K, committed 10816K, reserved 1048576K
}
Event: 6.938 GC heap after
{Heap after GC invocations=24 (full 0):
 garbage-first heap   total 112640K, used 40187K [0x0000000083a00000, 0x0000000100000000)
  region size 1024K, 4 young (4096K), 4 survivors (4096K)
 Metaspace       used 76263K, committed 76928K, reserved 1122304K
  class space    used 10541K, committed 10816K, reserved 1048576K
}
Event: 7.681 GC heap before
{Heap before GC invocations=24 (full 0):
 garbage-first heap   total 112640K, used 90363K [0x0000000083a00000, 0x0000000100000000)
  region size 1024K, 53 young (54272K), 4 survivors (4096K)
 Metaspace       used 81611K, committed 82240K, reserved 1122304K
  class space    used 11327K, committed 11648K, reserved 1048576K
}
Event: 7.687 GC heap after
{Heap after GC invocations=25 (full 0):
 garbage-first heap   total 135168K, used 43766K [0x0000000083a00000, 0x0000000100000000)
  region size 1024K, 7 young (7168K), 7 survivors (7168K)
 Metaspace       used 81611K, committed 82240K, reserved 1122304K
  class space    used 11327K, committed 11648K, reserved 1048576K
}
Event: 187.384 GC heap before
{Heap before GC invocations=25 (full 0):
 garbage-first heap   total 135168K, used 106230K [0x0000000083a00000, 0x0000000100000000)
  region size 1024K, 68 young (69632K), 7 survivors (7168K)
 Metaspace       used 86824K, committed 87488K, reserved 1130496K
  class space    used 12006K, committed 12288K, reserved 1048576K
}
Event: 187.393 GC heap after
{Heap after GC invocations=26 (full 0):
 garbage-first heap   total 135168K, used 45853K [0x0000000083a00000, 0x0000000100000000)
  region size 1024K, 6 young (6144K), 6 survivors (6144K)
 Metaspace       used 86824K, committed 87488K, reserved 1130496K
  class space    used 12006K, committed 12288K, reserved 1048576K
}
Event: 480.685 GC heap before
{Heap before GC invocations=26 (full 0):
 garbage-first heap   total 135168K, used 107293K [0x0000000083a00000, 0x0000000100000000)
  region size 1024K, 66 young (67584K), 6 survivors (6144K)
 Metaspace       used 86881K, committed 87488K, reserved 1130496K
  class space    used 12006K, committed 12288K, reserved 1048576K
}
Event: 480.699 GC heap after
{Heap after GC invocations=27 (full 0):
 garbage-first heap   total 135168K, used 45999K [0x0000000083a00000, 0x0000000100000000)
  region size 1024K, 2 young (2048K), 2 survivors (2048K)
 Metaspace       used 86881K, committed 87488K, reserved 1130496K
  class space    used 12006K, committed 12288K, reserved 1048576K
}
Event: 783.941 GC heap before
{Heap before GC invocations=27 (full 0):
 garbage-first heap   total 135168K, used 109487K [0x0000000083a00000, 0x0000000100000000)
  region size 1024K, 64 young (65536K), 2 survivors (2048K)
 Metaspace       used 86887K, committed 87488K, reserved 1130496K
  class space    used 12006K, committed 12288K, reserved 1048576K
}
Event: 783.945 GC heap after
{Heap after GC invocations=28 (full 0):
 garbage-first heap   total 135168K, used 45746K [0x0000000083a00000, 0x0000000100000000)
  region size 1024K, 2 young (2048K), 2 survivors (2048K)
 Metaspace       used 86887K, committed 87488K, reserved 1130496K
  class space    used 12006K, committed 12288K, reserved 1048576K
}
Event: 961.156 GC heap before
{Heap before GC invocations=28 (full 0):
 garbage-first heap   total 135168K, used 110258K [0x0000000083a00000, 0x0000000100000000)
  region size 1024K, 66 young (67584K), 2 survivors (2048K)
 Metaspace       used 88833K, committed 89664K, reserved 1130496K
  class space    used 12201K, committed 12608K, reserved 1048576K
}
Event: 961.160 GC heap after
{Heap after GC invocations=29 (full 0):
 garbage-first heap   total 135168K, used 47315K [0x0000000083a00000, 0x0000000100000000)
  region size 1024K, 4 young (4096K), 4 survivors (4096K)
 Metaspace       used 88833K, committed 89664K, reserved 1130496K
  class space    used 12201K, committed 12608K, reserved 1048576K
}
Event: 1191.477 GC heap before
{Heap before GC invocations=29 (full 0):
 garbage-first heap   total 135168K, used 110803K [0x0000000083a00000, 0x0000000100000000)
  region size 1024K, 66 young (67584K), 4 survivors (4096K)
 Metaspace       used 89767K, committed 90560K, reserved 1130496K
  class space    used 12272K, committed 12672K, reserved 1048576K
}
Event: 1191.480 GC heap after
{Heap after GC invocations=30 (full 0):
 garbage-first heap   total 135168K, used 47721K [0x0000000083a00000, 0x0000000100000000)
  region size 1024K, 4 young (4096K), 4 survivors (4096K)
 Metaspace       used 89767K, committed 90560K, reserved 1130496K
  class space    used 12272K, committed 12672K, reserved 1048576K
}
Event: 1493.889 GC heap before
{Heap before GC invocations=30 (full 0):
 garbage-first heap   total 135168K, used 111209K [0x0000000083a00000, 0x0000000100000000)
  region size 1024K, 66 young (67584K), 4 survivors (4096K)
 Metaspace       used 89769K, committed 90560K, reserved 1130496K
  class space    used 12272K, committed 12672K, reserved 1048576K
}
Event: 1493.892 GC heap after
{Heap after GC invocations=31 (full 0):
 garbage-first heap   total 135168K, used 47569K [0x0000000083a00000, 0x0000000100000000)
  region size 1024K, 4 young (4096K), 4 survivors (4096K)
 Metaspace       used 89769K, committed 90560K, reserved 1130496K
  class space    used 12272K, committed 12672K, reserved 1048576K
}
Event: 1646.697 GC heap before
{Heap before GC invocations=31 (full 0):
 garbage-first heap   total 135168K, used 113105K [0x0000000083a00000, 0x0000000100000000)
  region size 1024K, 68 young (69632K), 4 survivors (4096K)
 Metaspace       used 90128K, committed 90944K, reserved 1130496K
  class space    used 12287K, committed 12672K, reserved 1048576K
}
Event: 1646.707 GC heap after
{Heap after GC invocations=32 (full 0):
 garbage-first heap   total 135168K, used 47941K [0x0000000083a00000, 0x0000000100000000)
  region size 1024K, 4 young (4096K), 4 survivors (4096K)
 Metaspace       used 90128K, committed 90944K, reserved 1130496K
  class space    used 12287K, committed 12672K, reserved 1048576K
}
Event: 1779.280 GC heap before
{Heap before GC invocations=32 (full 0):
 garbage-first heap   total 135168K, used 113477K [0x0000000083a00000, 0x0000000100000000)
  region size 1024K, 68 young (69632K), 4 survivors (4096K)
 Metaspace       used 90395K, committed 91264K, reserved 1130496K
  class space    used 12303K, committed 12736K, reserved 1048576K
}
Event: 1779.288 GC heap after
{Heap after GC invocations=33 (full 0):
 garbage-first heap   total 135168K, used 48233K [0x0000000083a00000, 0x0000000100000000)
  region size 1024K, 5 young (5120K), 5 survivors (5120K)
 Metaspace       used 90395K, committed 91264K, reserved 1130496K
  class space    used 12303K, committed 12736K, reserved 1048576K
}

Deoptimization events (20 events):
Event: 1768.151 Thread 0x0000017d3d2fabd0 DEOPT PACKING pc=0x0000017d29620934 sp=0x00000005344fe510
Event: 1768.151 Thread 0x0000017d3d2fabd0 DEOPT UNPACKING pc=0x0000017d21595c23 sp=0x00000005344fe468 mode 2
Event: 1768.151 Thread 0x0000017d3d2fabd0 Uncommon trap: trap_request=0xffffff45 fr.pc=0x0000017d292dfd80 relative=0x0000000000000ee0
Event: 1768.151 Thread 0x0000017d3d2fabd0 Uncommon trap: reason=unstable_if action=reinterpret pc=0x0000017d292dfd80 method=com.mysql.cj.MysqlCharset.getMatchingJavaEncoding(Ljava/lang/String;)Ljava/lang/String; @ 1 c2
Event: 1768.151 Thread 0x0000017d3d2fabd0 DEOPT PACKING pc=0x0000017d292dfd80 sp=0x00000005344fe3f0
Event: 1768.151 Thread 0x0000017d3d2fabd0 DEOPT UNPACKING pc=0x0000017d21595c23 sp=0x00000005344fe318 mode 2
Event: 1768.151 Thread 0x0000017d3d2fabd0 Uncommon trap: trap_request=0xffffff45 fr.pc=0x0000017d2933d1e4 relative=0x0000000000000144
Event: 1768.151 Thread 0x0000017d3d2fabd0 Uncommon trap: reason=unstable_if action=reinterpret pc=0x0000017d2933d1e4 method=com.mysql.cj.util.LazyString.createAndCacheString()Ljava/lang/String; @ 12 c2
Event: 1768.151 Thread 0x0000017d3d2fabd0 DEOPT PACKING pc=0x0000017d2933d1e4 sp=0x00000005344fe8b0
Event: 1768.151 Thread 0x0000017d3d2fabd0 DEOPT UNPACKING pc=0x0000017d21595c23 sp=0x00000005344fe860 mode 2
Event: 1768.152 Thread 0x0000017d3d2fabd0 Uncommon trap: trap_request=0xffffff45 fr.pc=0x0000017d29298d78 relative=0x0000000000000358
Event: 1768.152 Thread 0x0000017d3d2fabd0 Uncommon trap: reason=unstable_if action=reinterpret pc=0x0000017d29298d78 method=sun.nio.cs.UTF_8$Encoder.encodeArrayLoop(Ljava/nio/CharBuffer;Ljava/nio/ByteBuffer;)Ljava/nio/charset/CoderResult; @ 87 c2
Event: 1768.152 Thread 0x0000017d3d2fabd0 DEOPT PACKING pc=0x0000017d29298d78 sp=0x00000005344fe7a0
Event: 1768.152 Thread 0x0000017d3d2fabd0 DEOPT UNPACKING pc=0x0000017d21595c23 sp=0x00000005344fe708 mode 2
Event: 1768.345 Thread 0x0000017d3d2fabd0 Uncommon trap: trap_request=0xffffffde fr.pc=0x0000017d292e1b9c relative=0x000000000000063c
Event: 1768.345 Thread 0x0000017d3d2fabd0 Uncommon trap: reason=class_check action=maybe_recompile pc=0x0000017d292e1b9c method=com.mysql.cj.protocol.a.NativeProtocol.readMessage(Lcom/mysql/cj/protocol/a/NativePacketPayload;)Lcom/mysql/cj/protocol/a/NativePacketPayload; @ 4 c2
Event: 1768.345 Thread 0x0000017d3d2fabd0 DEOPT PACKING pc=0x0000017d292e1b9c sp=0x00000005344fe870
Event: 1768.345 Thread 0x0000017d3d2fabd0 DEOPT UNPACKING pc=0x0000017d21595c23 sp=0x00000005344fe850 mode 2
Event: 1779.289 Thread 0x0000017d3a25eed0 DEOPT PACKING pc=0x0000017d230feaab sp=0x00000005344fe640
Event: 1779.289 Thread 0x0000017d3a25eed0 DEOPT UNPACKING pc=0x0000017d21596763 sp=0x00000005344fdad8 mode 0

Classes unloaded (0 events):
No events

Classes redefined (0 events):
No events

Internal exceptions (20 events):
Event: 7.548 Thread 0x0000017d39751430 Exception <a 'java/lang/IncompatibleClassChangeError'{0x000000008825bff8}: Found class java.lang.Object, but interface was expected> (0x000000008825bff8) 
thrown [t:\workspace\open\src\hotspot\share\interpreter\linkResolver.cpp, line 833]
Event: 7.578 Thread 0x0000017d39751430 Exception <a 'java/lang/NoSuchMethodError'{0x00000000880ca300}: 'java.lang.Object java.lang.invoke.DirectMethodHandle$Holder.invokeSpecial(java.lang.Object, java.lang.Object, java.lang.Object, java.lang.Object, java.lang.Object, java.lang.Object, java.lang.Object, java.lang.Object, java.lang.Object, java.lang.Object, java.lang.Object)'> (0x00000000880ca300) 
thrown [t:\workspace\open\src\hotspot\share\interpreter\linkResolver.cpp, line 766]
Event: 7.579 Thread 0x0000017d39751430 Exception <a 'java/lang/NoSuchMethodError'{0x00000000880ce6e8}: 'java.lang.Object java.lang.invoke.Invokers$Holder.invoke_MT(java.lang.Object, java.lang.Object, java.lang.Object, java.lang.Object, java.lang.Object, java.lang.Object, java.lang.Object, java.lang.Object, java.lang.Object, java.lang.Object, java.lang.Object)'> (0x00000000880ce6e8) 
thrown [t:\workspace\open\src\hotspot\share\interpreter\linkResolver.cpp, line 766]
Event: 7.646 Thread 0x0000017d39751430 Exception <a 'java/lang/NoSuchMethodError'{0x0000000087b02258}: 'java.lang.Object java.lang.invoke.DirectMethodHandle$Holder.newInvokeSpecial(java.lang.Object, java.lang.Object, int, java.lang.Object, java.lang.Object)'> (0x0000000087b02258) 
thrown [t:\workspace\open\src\hotspot\share\interpreter\linkResolver.cpp, line 766]
Event: 21.915 Thread 0x0000017d3a32b960 Exception <a 'java/lang/NoSuchMethodError'{0x000000008b77e4d0}: 'java.lang.Object java.lang.invoke.DirectMethodHandle$Holder.invokeSpecial(java.lang.Object, java.lang.Object, java.lang.Object, java.lang.Object, java.lang.Object, long)'> (0x000000008b77e4d0) 
thrown [t:\workspace\open\src\hotspot\share\interpreter\linkResolver.cpp, line 766]
Event: 21.916 Thread 0x0000017d3a32b960 Exception <a 'java/lang/NoSuchMethodError'{0x000000008b781ec8}: 'java.lang.Object java.lang.invoke.Invokers$Holder.linkToTargetMethod(java.lang.Object, java.lang.Object, java.lang.Object, long, java.lang.Object)'> (0x000000008b781ec8) 
thrown [t:\workspace\open\src\hotspot\share\interpreter\linkResolver.cpp, line 766]
Event: 22.347 Thread 0x0000017d3a32be30 Exception <a 'java/lang/IncompatibleClassChangeError'{0x000000008b005918}: Found class java.lang.Object, but interface was expected> (0x000000008b005918) 
thrown [t:\workspace\open\src\hotspot\share\interpreter\linkResolver.cpp, line 833]
Event: 22.498 Thread 0x0000017d3a32be30 Exception <a 'java/lang/IncompatibleClassChangeError'{0x000000008ade17f8}: Found class java.lang.Object, but interface was expected> (0x000000008ade17f8) 
thrown [t:\workspace\open\src\hotspot\share\interpreter\linkResolver.cpp, line 833]
Event: 22.502 Thread 0x0000017d3a32be30 Exception <a 'java/lang/NoSuchMethodError'{0x000000008ac0cb08}: 'void java.lang.invoke.DirectMethodHandle$Holder.invokeSpecialIFC(java.lang.Object, java.lang.Object, int, java.lang.Object, java.lang.Object, java.lang.Object, java.lang.Object)'> (0x000000008ac0cb08) 
thrown [t:\workspace\open\src\hotspot\share\interpreter\linkResolver.cpp, line 766]
Event: 22.636 Thread 0x0000017d3a32be30 Exception <a 'java/lang/IncompatibleClassChangeError'{0x000000008a795818}: Found class java.lang.Object, but interface was expected> (0x000000008a795818) 
thrown [t:\workspace\open\src\hotspot\share\interpreter\linkResolver.cpp, line 833]
Event: 22.643 Thread 0x0000017d3a32be30 Implicit null exception at 0x0000017d291a34cf to 0x0000017d291a3608
Event: 22.669 Thread 0x0000017d3a32be30 Exception <a 'java/lang/NoSuchMethodError'{0x000000008a66fa10}: 'java.lang.Object java.lang.invoke.DirectMethodHandle$Holder.newInvokeSpecial(java.lang.Object, long)'> (0x000000008a66fa10) 
thrown [t:\workspace\open\src\hotspot\share\interpreter\linkResolver.cpp, line 766]
Event: 22.789 Thread 0x0000017d3a32be30 Implicit null exception at 0x0000017d2948dad4 to 0x0000017d2948df78
Event: 938.173 Thread 0x0000017d393d6a00 Exception <a 'java/lang/NoSuchMethodError'{0x00000000887acf60}: 'java.lang.Object java.lang.invoke.DirectMethodHandle$Holder.invokeSpecial(java.lang.Object, java.lang.Object, long, int, int, java.lang.Object, java.lang.Object, int, java.lang.Object)'> (0x00000000887acf60) 
thrown [t:\workspace\open\src\hotspot\share\interpreter\linkResolver.cpp, line 766]
Event: 938.174 Thread 0x0000017d393d6a00 Exception <a 'java/lang/NoSuchMethodError'{0x00000000887b1420}: 'java.lang.Object java.lang.invoke.DelegatingMethodHandle$Holder.reinvoke_L(java.lang.Object, long, int, int, java.lang.Object, java.lang.Object, int, java.lang.Object)'> (0x00000000887b1420) 
thrown [t:\workspace\open\src\hotspot\share\interpreter\linkResolver.cpp, line 766]
Event: 1768.066 Thread 0x0000017d3b687540 Exception <a 'java/io/IOException'{0x0000000088588b50}> (0x0000000088588b50) 
thrown [t:\workspace\open\src\hotspot\share\prims\jni.cpp, line 516]
Event: 1768.067 Thread 0x0000017d3b687540 Exception <a 'java/io/IOException'{0x0000000088589690}> (0x0000000088589690) 
thrown [t:\workspace\open\src\hotspot\share\prims\jni.cpp, line 516]
Event: 1768.140 Thread 0x0000017d3d2fabd0 Implicit null exception at 0x0000017d292dd4b9 to 0x0000017d292de220
Event: 1768.151 Thread 0x0000017d3d2fabd0 Implicit null exception at 0x0000017d2961e3ab to 0x0000017d296208cc
Event: 1768.151 Thread 0x0000017d3d2fabd0 Implicit null exception at 0x0000017d292def2f to 0x0000017d292dfd68

VM Operations (20 events):
Event: 1681.980 Executing VM operation: Cleanup
Event: 1681.981 Executing VM operation: Cleanup done
Event: 1688.003 Executing VM operation: Cleanup
Event: 1688.003 Executing VM operation: Cleanup done
Event: 1689.009 Executing VM operation: Cleanup
Event: 1689.009 Executing VM operation: Cleanup done
Event: 1768.464 Executing VM operation: Cleanup
Event: 1768.464 Executing VM operation: Cleanup done
Event: 1769.466 Executing VM operation: Cleanup
Event: 1769.466 Executing VM operation: Cleanup done
Event: 1779.280 Executing VM operation: G1CollectForAllocation
Event: 1779.288 Executing VM operation: G1CollectForAllocation done
Event: 1780.294 Executing VM operation: Cleanup
Event: 1780.294 Executing VM operation: Cleanup done
Event: 1787.319 Executing VM operation: Cleanup
Event: 1787.319 Executing VM operation: Cleanup done
Event: 1789.348 Executing VM operation: Cleanup
Event: 1789.348 Executing VM operation: Cleanup done
Event: 1791.357 Executing VM operation: Cleanup
Event: 1791.357 Executing VM operation: Cleanup done

Events (20 events):
Event: 1768.050 Thread 0x0000017d3b687540 Thread added: 0x0000017d3b687540
Event: 1768.055 loading class sun/security/ssl/Alert
Event: 1768.061 loading class sun/security/ssl/Alert done
Event: 1768.062 loading class sun/security/ssl/Alert$AlertConsumer
Event: 1768.063 loading class sun/security/ssl/Alert$AlertConsumer done
Event: 1768.063 loading class sun/security/ssl/Alert$Level
Event: 1768.065 loading class sun/security/ssl/Alert$Level done
Event: 1768.067 loading class sun/net/ConnectionResetException
Event: 1768.067 loading class sun/net/ConnectionResetException done
Event: 1768.072 Thread 0x0000017d3d2fabd0 Thread added: 0x0000017d3d2fabd0
Event: 1768.281 Thread 0x0000017d3a4973b0 Thread added: 0x0000017d3a4973b0
Event: 1773.824 Thread 0x0000017d3b687540 Thread exited: 0x0000017d3b687540
Event: 1773.839 Thread 0x0000017d3a4973b0 Thread exited: 0x0000017d3a4973b0
Event: 1773.887 Thread 0x0000017d3d2fabd0 Thread exited: 0x0000017d3d2fabd0
Event: 1779.268 Thread 0x0000017d3bb64b70 Thread added: 0x0000017d3bb64b70
Event: 1779.272 Thread 0x0000017d3a25eed0 Thread added: 0x0000017d3a25eed0
Event: 1784.925 Thread 0x0000017d3bb64b70 Thread exited: 0x0000017d3bb64b70
Event: 1784.989 Thread 0x0000017d3a25eed0 Thread exited: 0x0000017d3a25eed0
Event: 1786.137 Thread 0x0000017d3a25eed0 Thread added: 0x0000017d3a25eed0
Event: 1787.142 Thread 0x0000017d3a25f3a0 Thread added: 0x0000017d3a25f3a0


Dynamic libraries:
0x00007ff76fde0000 - 0x00007ff76fdf0000 	C:\Program Files\Java\jdk-17.0.1\bin\java.exe
0x00007ffe17d40000 - 0x00007ffe17fa5000 	C:\WINDOWS\SYSTEM32\ntdll.dll
0x00007ffe16c10000 - 0x00007ffe16cd9000 	C:\WINDOWS\System32\KERNEL32.DLL
0x00007ffe15640000 - 0x00007ffe15a28000 	C:\WINDOWS\System32\KERNELBASE.dll
0x00007ffe14e90000 - 0x00007ffe14fdb000 	C:\WINDOWS\System32\ucrtbase.dll
0x00007ffe09080000 - 0x00007ffe0909a000 	C:\Program Files\Java\jdk-17.0.1\bin\VCRUNTIME140.dll
0x00007ffe0f220000 - 0x00007ffe0f238000 	C:\Program Files\Java\jdk-17.0.1\bin\jli.dll
0x00007ffe17600000 - 0x00007ffe176b3000 	C:\WINDOWS\System32\ADVAPI32.dll
0x00007ffe16de0000 - 0x00007ffe16e89000 	C:\WINDOWS\System32\msvcrt.dll
0x00007ffe17160000 - 0x00007ffe17206000 	C:\WINDOWS\System32\sechost.dll
0x00007ffe17be0000 - 0x00007ffe17cf5000 	C:\WINDOWS\System32\RPCRT4.dll
0x00007ffe16f90000 - 0x00007ffe1715a000 	C:\WINDOWS\System32\USER32.dll
0x00007ffdfacb0000 - 0x00007ffdfaf4a000 	C:\WINDOWS\WinSxS\amd64_microsoft.windows.common-controls_6595b64144ccf1df_6.0.26100.4202_none_3e0698d4e335f517\COMCTL32.dll
0x00007ffe15490000 - 0x00007ffe154b7000 	C:\WINDOWS\System32\win32u.dll
0x00007ffe172c0000 - 0x00007ffe172eb000 	C:\WINDOWS\System32\GDI32.dll
0x00007ffe15220000 - 0x00007ffe15357000 	C:\WINDOWS\System32\gdi32full.dll
0x00007ffe15a30000 - 0x00007ffe15ad3000 	C:\WINDOWS\System32\msvcp_win.dll
0x00007ffe08780000 - 0x00007ffe0878b000 	C:\WINDOWS\SYSTEM32\VERSION.dll
0x00007ffe15ae0000 - 0x00007ffe15b10000 	C:\WINDOWS\System32\IMM32.DLL
0x00007ffe0f2b0000 - 0x00007ffe0f2bc000 	C:\Program Files\Java\jdk-17.0.1\bin\vcruntime140_1.dll
0x00007ffdccc80000 - 0x00007ffdccd0d000 	C:\Program Files\Java\jdk-17.0.1\bin\msvcp140.dll
0x00007ffd98f40000 - 0x00007ffd99afe000 	C:\Program Files\Java\jdk-17.0.1\bin\server\jvm.dll
0x00007ffe16f80000 - 0x00007ffe16f88000 	C:\WINDOWS\System32\PSAPI.DLL
0x00007ffe002e0000 - 0x00007ffe002ea000 	C:\WINDOWS\SYSTEM32\WSOCK32.dll
0x00007ffdfee30000 - 0x00007ffdfee65000 	C:\WINDOWS\SYSTEM32\WINMM.dll
0x00007ffe16570000 - 0x00007ffe165e4000 	C:\WINDOWS\System32\WS2_32.dll
0x00007ffe13d70000 - 0x00007ffe13d8b000 	C:\WINDOWS\SYSTEM32\kernel.appcore.dll
0x00007ffe09070000 - 0x00007ffe0907a000 	C:\Program Files\Java\jdk-17.0.1\bin\jimage.dll
0x00007ffe12690000 - 0x00007ffe128d1000 	C:\WINDOWS\SYSTEM32\DBGHELP.DLL
0x00007ffe16670000 - 0x00007ffe169f5000 	C:\WINDOWS\System32\combase.dll
0x00007ffe16e90000 - 0x00007ffe16f71000 	C:\WINDOWS\System32\OLEAUT32.dll
0x00007ffdf9970000 - 0x00007ffdf99a9000 	C:\WINDOWS\SYSTEM32\dbgcore.DLL
0x00007ffe153f0000 - 0x00007ffe15489000 	C:\WINDOWS\System32\bcryptPrimitives.dll
0x00007ffe0f280000 - 0x00007ffe0f28e000 	C:\Program Files\Java\jdk-17.0.1\bin\instrument.dll
0x00007ffe09040000 - 0x00007ffe09065000 	C:\Program Files\Java\jdk-17.0.1\bin\java.dll
0x00007ffda7d30000 - 0x00007ffda7e06000 	C:\Program Files\Java\jdk-17.0.1\bin\svml.dll
0x00007ffe15d30000 - 0x00007ffe16472000 	C:\WINDOWS\System32\SHELL32.dll
0x00007ffe14fe0000 - 0x00007ffe15154000 	C:\WINDOWS\System32\wintypes.dll
0x00007ffe12b50000 - 0x00007ffe133a8000 	C:\WINDOWS\SYSTEM32\windows.storage.dll
0x00007ffe17500000 - 0x00007ffe175f1000 	C:\WINDOWS\System32\SHCORE.dll
0x00007ffe165f0000 - 0x00007ffe1665a000 	C:\WINDOWS\System32\shlwapi.dll
0x00007ffe14da0000 - 0x00007ffe14dcf000 	C:\WINDOWS\SYSTEM32\profapi.dll
0x00007ffdce4f0000 - 0x00007ffdce508000 	C:\Program Files\Java\jdk-17.0.1\bin\zip.dll
0x00007ffdda3c0000 - 0x00007ffdda3d9000 	C:\Program Files\Java\jdk-17.0.1\bin\net.dll
0x00007ffe0b0a0000 - 0x00007ffe0b1be000 	C:\WINDOWS\SYSTEM32\WINHTTP.dll
0x00007ffe142e0000 - 0x00007ffe1434a000 	C:\WINDOWS\system32\mswsock.dll
0x00007ffdd2430000 - 0x00007ffdd2445000 	C:\Program Files\Java\jdk-17.0.1\bin\nio.dll
0x00007ffe0d510000 - 0x00007ffe0d52a000 	C:\Program Files\JetBrains\IntelliJ IDEA Community Edition 2023.3.5\bin\breakgen64.dll
0x00007ffe0f270000 - 0x00007ffe0f279000 	C:\Program Files\Java\jdk-17.0.1\bin\management.dll
0x00007ffe0d650000 - 0x00007ffe0d65b000 	C:\Program Files\Java\jdk-17.0.1\bin\management_ext.dll
0x00007ffe0d640000 - 0x00007ffe0d64e000 	C:\Program Files\Java\jdk-17.0.1\bin\sunmscapi.dll
0x00007ffe154c0000 - 0x00007ffe15637000 	C:\WINDOWS\System32\CRYPT32.dll
0x00007ffe147b0000 - 0x00007ffe147e0000 	C:\WINDOWS\SYSTEM32\ncrypt.dll
0x00007ffe14760000 - 0x00007ffe1479f000 	C:\WINDOWS\SYSTEM32\NTASN1.dll
0x00007ffe14590000 - 0x00007ffe145ab000 	C:\WINDOWS\SYSTEM32\CRYPTSP.dll
0x00007ffe13cd0000 - 0x00007ffe13d0a000 	C:\WINDOWS\system32\rsaenh.dll
0x00007ffe14380000 - 0x00007ffe143ab000 	C:\WINDOWS\SYSTEM32\USERENV.dll
0x00007ffe14d70000 - 0x00007ffe14d96000 	C:\WINDOWS\SYSTEM32\bcrypt.dll
0x00007ffe145b0000 - 0x00007ffe145bc000 	C:\WINDOWS\SYSTEM32\CRYPTBASE.dll
0x00007ffe13760000 - 0x00007ffe13793000 	C:\WINDOWS\SYSTEM32\IPHLPAPI.DLL
0x00007ffe16a00000 - 0x00007ffe16a0a000 	C:\WINDOWS\System32\NSI.dll
0x00007ffe0aeb0000 - 0x00007ffe0aecf000 	C:\WINDOWS\SYSTEM32\dhcpcsvc6.DLL
0x00007ffe0ae80000 - 0x00007ffe0aea5000 	C:\WINDOWS\SYSTEM32\dhcpcsvc.DLL
0x00007ffe13800000 - 0x00007ffe13927000 	C:\WINDOWS\SYSTEM32\DNSAPI.dll
0x00007ffdeeee0000 - 0x00007ffdeeef0000 	C:\Program Files\Java\jdk-17.0.1\bin\verify.dll
0x00007ffdfe620000 - 0x00007ffdfe62b000 	C:\Windows\System32\rasadhlp.dll
0x00007ffe09200000 - 0x00007ffe09286000 	C:\WINDOWS\System32\fwpuclnt.dll
0x00007ffde2180000 - 0x00007ffde2188000 	C:\WINDOWS\system32\wshunix.dll

dbghelp: loaded successfully - version: 4.0.5 - missing functions: none
symbol engine: initialized successfully - sym options: 0x614 - pdb path: .;C:\Program Files\Java\jdk-17.0.1\bin;C:\WINDOWS\SYSTEM32;C:\WINDOWS\WinSxS\amd64_microsoft.windows.common-controls_6595b64144ccf1df_6.0.26100.4202_none_3e0698d4e335f517;C:\Program Files\Java\jdk-17.0.1\bin\server;C:\Program Files\JetBrains\IntelliJ IDEA Community Edition 2023.3.5\bin

VM Arguments:
jvm_args: -javaagent:C:\Program Files\JetBrains\IntelliJ IDEA Community Edition 2023.3.5\lib\idea_rt.jar=49628:C:\Program Files\JetBrains\IntelliJ IDEA Community Edition 2023.3.5\bin -Dfile.encoding=UTF-8 
java_command: com.example.be.BeApplication
java_class_path (initial): D:\Project_ChuyenDeWeb\Project_ChuyenDeWeb\be\target\classes;C:\Users\Acer\.m2\repository\org\springframework\boot\spring-boot-starter-data-jpa\3.4.4\spring-boot-starter-data-jpa-3.4.4.jar;C:\Users\Acer\.m2\repository\org\springframework\boot\spring-boot-starter\3.4.4\spring-boot-starter-3.4.4.jar;C:\Users\Acer\.m2\repository\org\springframework\boot\spring-boot-starter-logging\3.4.4\spring-boot-starter-logging-3.4.4.jar;C:\Users\Acer\.m2\repository\ch\qos\logback\logback-classic\1.5.18\logback-classic-1.5.18.jar;C:\Users\Acer\.m2\repository\ch\qos\logback\logback-core\1.5.18\logback-core-1.5.18.jar;C:\Users\Acer\.m2\repository\org\apache\logging\log4j\log4j-to-slf4j\2.24.3\log4j-to-slf4j-2.24.3.jar;C:\Users\Acer\.m2\repository\org\apache\logging\log4j\log4j-api\2.24.3\log4j-api-2.24.3.jar;C:\Users\Acer\.m2\repository\org\slf4j\jul-to-slf4j\2.0.17\jul-to-slf4j-2.0.17.jar;C:\Users\Acer\.m2\repository\jakarta\annotation\jakarta.annotation-api\2.1.1\jakarta.annotation-api-2.1.1.jar;C:\Users\Acer\.m2\repository\org\yaml\snakeyaml\2.3\snakeyaml-2.3.jar;C:\Users\Acer\.m2\repository\org\springframework\boot\spring-boot-starter-jdbc\3.4.4\spring-boot-starter-jdbc-3.4.4.jar;C:\Users\Acer\.m2\repository\com\zaxxer\HikariCP\5.1.0\HikariCP-5.1.0.jar;C:\Users\Acer\.m2\repository\org\springframework\spring-jdbc\6.2.5\spring-jdbc-6.2.5.jar;C:\Users\Acer\.m2\repository\org\hibernate\orm\hibernate-core\6.6.11.Final\hibernate-core-6.6.11.Final.jar;C:\Users\Acer\.m2\repository\jakarta\persistence\jakarta.persistence-api\3.1.0\jakarta.persistence-api-3.1.0.jar;C:\Users\Acer\.m2\repository\jakarta\transaction\jakarta.transaction-api\2.0.1\jakarta.transaction-api-2.0.1.jar;C:\Users\Acer\.m2\repository\org\hibernate\common\hibernate-commons-annotations\7.0.3.Final\hibernate-commons-annotations-7.0.3.Final.jar;C:\Users\Acer\.m2\repository\io\smallrye\jandex\3.2.0\jandex-3.2.0.jar;C:\Users\Acer\.m2\repository\net\bytebuddy\byte-buddy\1.15.11\byte-buddy-1.15.11.j
Launcher Type: SUN_STANDARD

[Global flags]
     intx CICompilerCount                          = 4                                         {product} {ergonomic}
     uint ConcGCThreads                            = 3                                         {product} {ergonomic}
     uint G1ConcRefinementThreads                  = 10                                        {product} {ergonomic}
   size_t G1HeapRegionSize                         = 1048576                                   {product} {ergonomic}
    uintx GCDrainStackTargetSize                   = 64                                        {product} {ergonomic}
   size_t InitialHeapSize                          = 132120576                                 {product} {ergonomic}
   size_t MarkStackSize                            = 4194304                                   {product} {ergonomic}
   size_t MaxHeapSize                              = 2086666240                                {product} {ergonomic}
   size_t MaxNewSize                               = 1251999744                                {product} {ergonomic}
   size_t MinHeapDeltaBytes                        = 1048576                                   {product} {ergonomic}
   size_t MinHeapSize                              = 8388608                                   {product} {ergonomic}
    uintx NonNMethodCodeHeapSize                   = 5839372                                {pd product} {ergonomic}
    uintx NonProfiledCodeHeapSize                  = 122909434                              {pd product} {ergonomic}
    uintx ProfiledCodeHeapSize                     = 122909434                              {pd product} {ergonomic}
    uintx ReservedCodeCacheSize                    = 251658240                              {pd product} {ergonomic}
     bool SegmentedCodeCache                       = true                                      {product} {ergonomic}
   size_t SoftMaxHeapSize                          = 2086666240                             {manageable} {ergonomic}
     bool UseCompressedClassPointers               = true                           {product lp64_product} {ergonomic}
     bool UseCompressedOops                        = true                           {product lp64_product} {ergonomic}
     bool UseG1GC                                  = true                                      {product} {ergonomic}
     bool UseLargePagesIndividualAllocation        = false                                  {pd product} {ergonomic}

Logging:
Log output configuration:
 #0: stdout all=warning uptime,level,tags
 #1: stderr all=off uptime,level,tags

Environment Variables:
JAVA_HOME=C:\Program Files\Java\jdk-17.0.1
PATH=C:\Program Files\Microsoft MPI\Bin\;C:\Program Files\Common Files\Oracle\Java\javapath;C:\Windows\system32;C:\Windows;C:\Windows\System32\Wbem;C:\Windows\System32\WindowsPowerShell\v1.0\;C:\Windows\System32\OpenSSH\;C:\Program Files (x86)\NVIDIA Corporation\PhysX\Common;C:\Program Files\NVIDIA Corporation\NVIDIA NvDLISR;C:\Program Files\nodejs;C:\Program Files\Microsoft SQL Server\120\Tools\Binn\;C:\Program Files (x86)\Microsoft SQL Server\160\Tools\Binn\;C:\Program Files\Microsoft SQL Server\160\Tools\Binn\;C:\Program Files\Microsoft SQL Server\Client SDK\ODBC\170\Tools\Binn\;C:\Program Files\Microsoft SQL Server\160\DTS\Binn\;C:\WINDOWS\system32;C:\WINDOWS;C:\WINDOWS\System32\Wbem;C:\WINDOWS\System32\WindowsPowerShell\v1.0\;C:\WINDOWS\System32\OpenSSH\;C:\Program Files\Git\cmd;C:\Program Files\MongoDB\Server\8.0\bin;C:\Users\Acer\Downloads\apache-maven-3.9.9-bin\apache-maven-3.9.9\bin;C:\Program Files\nodejs\;C:\Users\Acer\AppData\Local\Programs\Python\Launcher\;C:\Users\Acer\AppData\Local\Microsoft\WindowsApps;D:\Visual Studio Code\Microsoft VS Code\bin;C:\Program Files\nodejs;C:\Program Files\Azure Data Studio\bin;C:\Users\Acer\AppData\Local\GitHubDesktop\bin;C:\Users\Acer\Downloads\flutter_windows_3.24.4-stable\flutter\bin;C:\Program Files\MongoDB\Server\8.0\bin;C:\Users\Acer\AppData\Roaming\npm
USERNAME=Acer
OS=Windows_NT
PROCESSOR_IDENTIFIER=Intel64 Family 6 Model 141 Stepping 1, GenuineIntel



---------------  S Y S T E M  ---------------

OS:
 Windows 10 , 64 bit Build 26100 (10.0.26100.4202)
OS uptime: 0 days 8:33 hours

CPU: total 12 (initial active 12) (6 cores per cpu, 2 threads per core) family 6 model 141 stepping 1 microcode 0x3c, cx8, cmov, fxsr, ht, mmx, 3dnowpref, sse, sse2, sse3, ssse3, sse4.1, sse4.2, popcnt, lzcnt, tsc, tscinvbit, avx, avx2, aes, erms, clmul, bmi1, bmi2, adx, avx512f, avx512dq, avx512cd, avx512bw, avx512vl, sha, fma, vzeroupper, avx512_vpopcntdq, avx512_vpclmulqdq, avx512_vaes, avx512_vnni, clflush, clflushopt, clwb, avx512_vbmi2, avx512_vbmi

Memory: 4k page, system-wide physical 7955M (683M free)
TotalPageFile size 20243M (AvailPageFile size 2M)
current process WorkingSet (physical memory assigned to process): 134M, peak: 374M
current process commit charge ("private bytes"): 391M, peak: 445M

vm_info: Java HotSpot(TM) 64-Bit Server VM (17.0.1+12-LTS-39) for windows-amd64 JRE (17.0.1+12-LTS-39), built on Sep 27 2021 18:41:35 by "mach5one" with MS VC++ 16.8 (VS2019)

END.
