#
# There is insufficient memory for the Java Runtime Environment to continue.
# Native memory allocation (mmap) failed to map 132120576 bytes for G1 virtual space
# Possible reasons:
#   The system is out of physical RAM or swap space
#   The process is running with CompressedOops enabled, and the Java Heap may be blocking the growth of the native heap
# Possible solutions:
#   Reduce memory load on the system
#   Increase physical memory or swap space
#   Check if swap backing store is full
#   Decrease Java heap size (-Xmx/-Xms)
#   Decrease number of Java threads
#   Decrease Java thread stack sizes (-Xss)
#   Set larger code cache with -XX:ReservedCodeCacheSize=
#   JVM is running with Unscaled Compressed Oops mode in which the Java heap is
#     placed in the first 4GB address space. The Java Heap base address is the
#     maximum limit for the native heap growth. Please use -XX:HeapBaseMinAddress
#     to set the Java Heap base and to place the Java Heap above 4GB virtual address.
# This output file may be truncated or incomplete.
#
#  Out of Memory Error (os_windows.cpp:3469), pid=12796, tid=25948
#
# JRE version:  (17.0.1+12) (build )
# Java VM: Java HotSpot(TM) 64-Bit Server VM (17.0.1+12-LTS-39, mixed mode, sharing, tiered, compressed oops, compressed class ptrs, g1 gc, windows-amd64)
# No core dump will be written. Minidumps are not enabled by default on client versions of Windows
#

---------------  S U M M A R Y ------------

Command Line: -javaagent:C:\Program Files\JetBrains\IntelliJ IDEA Community Edition 2023.3.5\lib\idea_rt.jar=61195:C:\Program Files\JetBrains\IntelliJ IDEA Community Edition 2023.3.5\bin -Dfile.encoding=UTF-8 com.example.be.BeApplication

Host: 11th Gen Intel(R) Core(TM) i5-11400H @ 2.70GHz, 12 cores, 7G,  Windows 10 , 64 bit Build 26100 (10.0.26100.3912)
Time: Thu May 15 14:05:56 2025 SE Asia Standard Time elapsed time: 1.166165 seconds (0d 0h 0m 1s)

---------------  T H R E A D  ---------------

Current thread (0x000002aec103e640):  JavaThread "Unknown thread" [_thread_in_vm, id=25948, stack(0x000000c88a800000,0x000000c88a900000)]

Stack: [0x000000c88a800000,0x000000c88a900000]
Native frames: (J=compiled Java code, j=interpreted, Vv=VM code, C=native code)
V  [jvm.dll+0x66fa1a]
V  [jvm.dll+0x7ce5a4]
V  [jvm.dll+0x7cfd4e]
V  [jvm.dll+0x7d03b3]
V  [jvm.dll+0x242b05]
V  [jvm.dll+0x66ca39]
V  [jvm.dll+0x661502]
V  [jvm.dll+0x30081b]
V  [jvm.dll+0x307da6]
V  [jvm.dll+0x357a1e]
V  [jvm.dll+0x357c4f]
V  [jvm.dll+0x2d7ad8]
V  [jvm.dll+0x2d8a44]
V  [jvm.dll+0x7a01e1]
V  [jvm.dll+0x365791]
V  [jvm.dll+0x77f6cc]
V  [jvm.dll+0x3e812f]
V  [jvm.dll+0x3e9bd1]
C  [jli.dll+0x527b]
C  [ucrtbase.dll+0x37b0]
C  [KERNEL32.DLL+0x2e8d7]
C  [ntdll.dll+0x9c5dc]


---------------  P R O C E S S  ---------------

Threads class SMR info:
_java_thread_list=0x00007ff8c5287818, length=0, elements={
}

Java Threads: ( => current thread )

Other Threads:
  0x000002aec107fda0 GCTaskThread "GC Thread#0" [stack: 0x000000c88a900000,0x000000c88aa00000] [id=18316]
  0x000002aec1091270 ConcurrentGCThread "G1 Main Marker" [stack: 0x000000c88aa00000,0x000000c88ab00000] [id=26124]
  0x000002aec1092420 ConcurrentGCThread "G1 Conc#0" [stack: 0x000000c88ab00000,0x000000c88ac00000] [id=8240]

[error occurred during error reporting (printing all threads), id 0xc0000005, EXCEPTION_ACCESS_VIOLATION (0xc0000005) at pc=0x00007ff8c4ad84b7]

VM state: not at safepoint (not fully initialized)

VM Mutex/Monitor currently owned by a thread:  ([mutex/lock_event])
[0x000002aec103a810] Heap_lock - owner thread: 0x000002aec103e640

Heap address: 0x0000000083a00000, size: 1990 MB, Compressed Oops mode: 32-bit

CDS archive(s) mapped at: [0x0000000000000000-0x0000000000000000-0x0000000000000000), size 0, SharedBaseAddress: 0x0000000800000000, ArchiveRelocationMode: 0.
Narrow klass base: 0x0000000000000000, Narrow klass shift: 0, Narrow klass range: 0x0

GC Precious Log:
<Empty>

Heap:
 garbage-first heap   total 0K, used 0K [0x0000000083a00000, 0x0000000100000000)
  region size 1024K, 0 young (0K), 0 survivors (0K)

[error occurred during error reporting (printing heap information), id 0xc0000005, EXCEPTION_ACCESS_VIOLATION (0xc0000005) at pc=0x00007ff8c4eb8d89]

GC Heap History (0 events):
No events

Deoptimization events (0 events):
No events

Classes unloaded (0 events):
No events

Classes redefined (0 events):
No events

Internal exceptions (0 events):
No events

VM Operations (0 events):
No events

Events (1 events):
Event: 0.013 Loaded shared library C:\Program Files\Java\jdk-17.0.1\bin\java.dll


Dynamic libraries:
0x00007ff6d3010000 - 0x00007ff6d3020000 	C:\Program Files\Java\jdk-17.0.1\bin\java.exe
0x00007ff971ca0000 - 0x00007ff971f06000 	C:\WINDOWS\SYSTEM32\ntdll.dll
0x00007ff970500000 - 0x00007ff9705c9000 	C:\WINDOWS\System32\KERNEL32.DLL
0x00007ff96f690000 - 0x00007ff96fa5c000 	C:\WINDOWS\System32\KERNELBASE.dll
0x00007ff96f120000 - 0x00007ff96f26b000 	C:\WINDOWS\System32\ucrtbase.dll
0x00007ff94c6d0000 - 0x00007ff94c6ea000 	C:\Program Files\Java\jdk-17.0.1\bin\VCRUNTIME140.dll
0x00007ff94d400000 - 0x00007ff94d418000 	C:\Program Files\Java\jdk-17.0.1\bin\jli.dll
0x00007ff96fec0000 - 0x00007ff96ff72000 	C:\WINDOWS\System32\ADVAPI32.dll
0x00007ff970000000 - 0x00007ff9700a9000 	C:\WINDOWS\System32\msvcrt.dll
0x00007ff9715f0000 - 0x00007ff971696000 	C:\WINDOWS\System32\sechost.dll
0x00007ff9703e0000 - 0x00007ff9704f6000 	C:\WINDOWS\System32\RPCRT4.dll
0x00007ff9707e0000 - 0x00007ff9709aa000 	C:\WINDOWS\System32\USER32.dll
0x00007ff95b0a0000 - 0x00007ff95b33a000 	C:\WINDOWS\WinSxS\amd64_microsoft.windows.common-controls_6595b64144ccf1df_6.0.26100.3912_none_3e07963ce335137e\COMCTL32.dll
0x00007ff96f0f0000 - 0x00007ff96f117000 	C:\WINDOWS\System32\win32u.dll
0x00007ff96ff80000 - 0x00007ff96ffab000 	C:\WINDOWS\System32\GDI32.dll
0x00007ff96efb0000 - 0x00007ff96f0e2000 	C:\WINDOWS\System32\gdi32full.dll
0x00007ff96f270000 - 0x00007ff96f313000 	C:\WINDOWS\System32\msvcp_win.dll
0x00007ff9653d0000 - 0x00007ff9653db000 	C:\WINDOWS\SYSTEM32\VERSION.dll
0x00007ff9709c0000 - 0x00007ff9709f0000 	C:\WINDOWS\System32\IMM32.DLL
0x00007ff94c740000 - 0x00007ff94c74c000 	C:\Program Files\Java\jdk-17.0.1\bin\vcruntime140_1.dll
0x00007ff9319e0000 - 0x00007ff931a6d000 	C:\Program Files\Java\jdk-17.0.1\bin\msvcp140.dll
0x00007ff8c47f0000 - 0x00007ff8c53ae000 	C:\Program Files\Java\jdk-17.0.1\bin\server\jvm.dll
0x00007ff970bf0000 - 0x00007ff970bf8000 	C:\WINDOWS\System32\PSAPI.DLL
0x00007ff95ba50000 - 0x00007ff95ba86000 	C:\WINDOWS\SYSTEM32\WINMM.dll
0x00007ff957c20000 - 0x00007ff957c2a000 	C:\WINDOWS\SYSTEM32\WSOCK32.dll
0x00007ff971570000 - 0x00007ff9715e4000 	C:\WINDOWS\System32\WS2_32.dll
0x00007ff96dd10000 - 0x00007ff96dd2a000 	C:\WINDOWS\SYSTEM32\kernel.appcore.dll
0x00007ff94c570000 - 0x00007ff94c57a000 	C:\Program Files\Java\jdk-17.0.1\bin\jimage.dll
0x00007ff96c5b0000 - 0x00007ff96c7f1000 	C:\WINDOWS\SYSTEM32\DBGHELP.DLL
0x00007ff96fa80000 - 0x00007ff96fe04000 	C:\WINDOWS\System32\combase.dll
0x00007ff970a00000 - 0x00007ff970ae0000 	C:\WINDOWS\System32\OLEAUT32.dll
0x00007ff957c30000 - 0x00007ff957c69000 	C:\WINDOWS\SYSTEM32\dbgcore.DLL
0x00007ff96f560000 - 0x00007ff96f5f9000 	C:\WINDOWS\System32\bcryptPrimitives.dll
0x00007ff953630000 - 0x00007ff95363e000 	C:\Program Files\Java\jdk-17.0.1\bin\instrument.dll
0x00007ff949da0000 - 0x00007ff949dc5000 	C:\Program Files\Java\jdk-17.0.1\bin\java.dll

dbghelp: loaded successfully - version: 4.0.5 - missing functions: none
symbol engine: initialized successfully - sym options: 0x614 - pdb path: .;C:\Program Files\Java\jdk-17.0.1\bin;C:\WINDOWS\SYSTEM32;C:\WINDOWS\WinSxS\amd64_microsoft.windows.common-controls_6595b64144ccf1df_6.0.26100.3912_none_3e07963ce335137e;C:\Program Files\Java\jdk-17.0.1\bin\server

VM Arguments:
jvm_args: -javaagent:C:\Program Files\JetBrains\IntelliJ IDEA Community Edition 2023.3.5\lib\idea_rt.jar=61195:C:\Program Files\JetBrains\IntelliJ IDEA Community Edition 2023.3.5\bin -Dfile.encoding=UTF-8 
java_command: com.example.be.BeApplication
java_class_path (initial): D:\Project_ChuyenDeWeb\Project_ChuyenDeWeb\be\target\classes;C:\Users\Acer\.m2\repository\org\springframework\boot\spring-boot-starter-data-jpa\3.4.4\spring-boot-starter-data-jpa-3.4.4.jar;C:\Users\Acer\.m2\repository\org\springframework\boot\spring-boot-starter\3.4.4\spring-boot-starter-3.4.4.jar;C:\Users\Acer\.m2\repository\org\springframework\boot\spring-boot-starter-logging\3.4.4\spring-boot-starter-logging-3.4.4.jar;C:\Users\Acer\.m2\repository\ch\qos\logback\logback-classic\1.5.18\logback-classic-1.5.18.jar;C:\Users\Acer\.m2\repository\ch\qos\logback\logback-core\1.5.18\logback-core-1.5.18.jar;C:\Users\Acer\.m2\repository\org\apache\logging\log4j\log4j-to-slf4j\2.24.3\log4j-to-slf4j-2.24.3.jar;C:\Users\Acer\.m2\repository\org\apache\logging\log4j\log4j-api\2.24.3\log4j-api-2.24.3.jar;C:\Users\Acer\.m2\repository\org\slf4j\jul-to-slf4j\2.0.17\jul-to-slf4j-2.0.17.jar;C:\Users\Acer\.m2\repository\jakarta\annotation\jakarta.annotation-api\2.1.1\jakarta.annotation-api-2.1.1.jar;C:\Users\Acer\.m2\repository\org\yaml\snakeyaml\2.3\snakeyaml-2.3.jar;C:\Users\Acer\.m2\repository\org\springframework\boot\spring-boot-starter-jdbc\3.4.4\spring-boot-starter-jdbc-3.4.4.jar;C:\Users\Acer\.m2\repository\com\zaxxer\HikariCP\5.1.0\HikariCP-5.1.0.jar;C:\Users\Acer\.m2\repository\org\springframework\spring-jdbc\6.2.5\spring-jdbc-6.2.5.jar;C:\Users\Acer\.m2\repository\org\hibernate\orm\hibernate-core\6.6.11.Final\hibernate-core-6.6.11.Final.jar;C:\Users\Acer\.m2\repository\jakarta\persistence\jakarta.persistence-api\3.1.0\jakarta.persistence-api-3.1.0.jar;C:\Users\Acer\.m2\repository\jakarta\transaction\jakarta.transaction-api\2.0.1\jakarta.transaction-api-2.0.1.jar;C:\Users\Acer\.m2\repository\org\hibernate\common\hibernate-commons-annotations\7.0.3.Final\hibernate-commons-annotations-7.0.3.Final.jar;C:\Users\Acer\.m2\repository\io\smallrye\jandex\3.2.0\jandex-3.2.0.jar;C:\Users\Acer\.m2\repository\net\bytebuddy\byte-buddy\1.15.11\byte-buddy-1.15.11.j
Launcher Type: SUN_STANDARD

[Global flags]
     intx CICompilerCount                          = 4                                         {product} {ergonomic}
     uint ConcGCThreads                            = 3                                         {product} {ergonomic}
     uint G1ConcRefinementThreads                  = 10                                        {product} {ergonomic}
   size_t G1HeapRegionSize                         = 1048576                                   {product} {ergonomic}
    uintx GCDrainStackTargetSize                   = 64                                        {product} {ergonomic}
   size_t InitialHeapSize                          = 132120576                                 {product} {ergonomic}
   size_t MarkStackSize                            = 4194304                                   {product} {ergonomic}
   size_t MaxHeapSize                              = 2086666240                                {product} {ergonomic}
   size_t MinHeapDeltaBytes                        = 1048576                                   {product} {ergonomic}
   size_t MinHeapSize                              = 8388608                                   {product} {ergonomic}
    uintx NonNMethodCodeHeapSize                   = 5839372                                {pd product} {ergonomic}
    uintx NonProfiledCodeHeapSize                  = 122909434                              {pd product} {ergonomic}
    uintx ProfiledCodeHeapSize                     = 122909434                              {pd product} {ergonomic}
    uintx ReservedCodeCacheSize                    = 251658240                              {pd product} {ergonomic}
     bool SegmentedCodeCache                       = true                                      {product} {ergonomic}
   size_t SoftMaxHeapSize                          = 2086666240                             {manageable} {ergonomic}
     bool UseCompressedClassPointers               = true                           {product lp64_product} {ergonomic}
     bool UseCompressedOops                        = true                           {product lp64_product} {ergonomic}
     bool UseG1GC                                  = true                                      {product} {ergonomic}
     bool UseLargePagesIndividualAllocation        = false                                  {pd product} {ergonomic}

Logging:
Log output configuration:
 #0: stdout all=warning uptime,level,tags
 #1: stderr all=off uptime,level,tags

Environment Variables:
JAVA_HOME=C:\Program Files\Java\jdk-17.0.1
PATH=C:\Program Files\Microsoft MPI\Bin\;C:\Program Files (x86)\VMware\VMware Player\bin\;C:\Program Files\Common Files\Oracle\Java\javapath;C:\Windows\system32;C:\Windows;C:\Windows\System32\Wbem;C:\Windows\System32\WindowsPowerShell\v1.0\;C:\Windows\System32\OpenSSH\;C:\Program Files (x86)\NVIDIA Corporation\PhysX\Common;C:\Program Files\NVIDIA Corporation\NVIDIA NvDLISR;C:\Program Files\nodejs;C:\Program Files\Microsoft SQL Server\120\Tools\Binn\;C:\Program Files (x86)\Microsoft SQL Server\160\Tools\Binn\;C:\Program Files\Microsoft SQL Server\160\Tools\Binn\;C:\Program Files\Microsoft SQL Server\Client SDK\ODBC\170\Tools\Binn\;C:\Program Files\Microsoft SQL Server\160\DTS\Binn\;C:\Program Files (x86)\Microsoft SQL Server\160\DTS\Binn\;C:\Program Files\Azure Data Studio\bin;C:\WINDOWS\system32;C:\WINDOWS;C:\WINDOWS\System32\Wbem;C:\WINDOWS\System32\WindowsPowerShell\v1.0\;C:\WINDOWS\System32\OpenSSH\;C:\Program Files\Git\cmd;C:\Program Files\MongoDB\Server\8.0\bin;C:\Users\Acer\Downloads\apache-maven-3.9.9-bin\apache-maven-3.9.9\bin;C:\Program Files\nodejs\;C:\Users\Acer\AppData\Local\Microsoft\WindowsApps;D:\Visual Studio Code\Microsoft VS Code\bin;C:\Program Files\nodejs;C:\Program Files\Azure Data Studio\bin;C:\Users\Acer\AppData\Local\GitHubDesktop\bin;C:\Users\Acer\Downloads\flutter_windows_3.24.4-stable\flutter\bin;C:\Program Files\MongoDB\Server\8.0\bin;C:\Users\Acer\AppData\Roaming\npm
USERNAME=Acer
OS=Windows_NT
PROCESSOR_IDENTIFIER=Intel64 Family 6 Model 141 Stepping 1, GenuineIntel



---------------  S Y S T E M  ---------------

OS:
 Windows 10 , 64 bit Build 26100 (10.0.26100.3912)
OS uptime: 1 days 0:34 hours

CPU: total 12 (initial active 12) (6 cores per cpu, 2 threads per core) family 6 model 141 stepping 1 microcode 0x3c, cx8, cmov, fxsr, ht, mmx, 3dnowpref, sse, sse2, sse3, ssse3, sse4.1, sse4.2, popcnt, lzcnt, tsc, tscinvbit, avx, avx2, aes, erms, clmul, bmi1, bmi2, adx, avx512f, avx512dq, avx512cd, avx512bw, avx512vl, sha, fma, vzeroupper, avx512_vpopcntdq, avx512_vpclmulqdq, avx512_vaes, avx512_vnni, clflush, clflushopt, clwb, avx512_vbmi2, avx512_vbmi

Memory: 4k page, system-wide physical 7955M (696M free)
TotalPageFile size 20243M (AvailPageFile size 50M)
current process WorkingSet (physical memory assigned to process): 12M, peak: 12M
current process commit charge ("private bytes"): 64M, peak: 190M

vm_info: Java HotSpot(TM) 64-Bit Server VM (17.0.1+12-LTS-39) for windows-amd64 JRE (17.0.1+12-LTS-39), built on Sep 27 2021 18:41:35 by "mach5one" with MS VC++ 16.8 (VS2019)

END.
